[ 2016-08-11T11:47:12+08:00 ] ::1 /qihang/Thinkblog/index.php/Home/
ERR: syntax error, unexpected ')'

[ 2016-08-11T11:47:22+08:00 ] ::1 /qihang/Thinkblog/index.php/Home/
ERR: syntax error, unexpected ')'

[ 2016-08-11T11:47:47+08:00 ] ::1 /qihang/Thinkblog/index.php/Home/Index/index
ERR: syntax error, unexpected ')'

[ 2016-08-11T11:48:29+08:00 ] ::1 /qihang/Thinkblog/index.php/Home/Index/index
ERR: syntax error, unexpected ')'

[ 2016-08-11T11:48:31+08:00 ] ::1 /qihang/Thinkblog/index.php/Home/Index/index
ERR: syntax error, unexpected ')'

[ 2016-08-11T11:48:31+08:00 ] ::1 /qihang/Thinkblog/index.php/Home/Index/index
ERR: syntax error, unexpected ')'

[ 2016-08-11T11:48:31+08:00 ] ::1 /qihang/Thinkblog/index.php/Home/Index/index
ERR: syntax error, unexpected ')'

[ 2016-08-11T11:48:32+08:00 ] ::1 /qihang/Thinkblog/index.php/Home/Index/index
ERR: syntax error, unexpected ')'

[ 2016-08-11T11:48:32+08:00 ] ::1 /qihang/Thinkblog/index.php/Home/Index/index
ERR: syntax error, unexpected ')'

[ 2016-08-11T11:48:32+08:00 ] ::1 /qihang/Thinkblog/index.php/Home/Index/index
ERR: syntax error, unexpected ')'

[ 2016-08-11T11:48:32+08:00 ] ::1 /qihang/Thinkblog/index.php/Home/Index/index
ERR: syntax error, unexpected ')'

[ 2016-08-11T11:48:32+08:00 ] ::1 /qihang/Thinkblog/index.php/Home/Index/index
ERR: syntax error, unexpected ')'

[ 2016-08-11T11:48:33+08:00 ] ::1 /qihang/Thinkblog/index.php/Home/Index/index
ERR: syntax error, unexpected ')'

[ 2016-08-11T11:48:43+08:00 ] ::1 /qihang/Thinkblog/index.php/Home/Index/index
ERR: syntax error, unexpected ')'

[ 2016-08-11T11:49:09+08:00 ] ::1 /qihang/Thinkblog/index.php/Home/Index/index
ERR: syntax error, unexpected ')'

[ 2016-08-11T11:49:32+08:00 ] ::1 /qihang/Thinkblog/index.php/Home/Index/index
ERR: syntax error, unexpected ')'

[ 2016-08-11T11:49:58+08:00 ] ::1 /qihang/Thinkblog/index.php/Home/Index/index
ERR: syntax error, unexpected ')'

[ 2016-08-11T11:49:59+08:00 ] ::1 /qihang/Thinkblog/index.php/Home/Index/index
ERR: syntax error, unexpected ')'

[ 2016-08-11T11:49:59+08:00 ] ::1 /qihang/Thinkblog/index.php/Home/Index/index
ERR: syntax error, unexpected ')'

[ 2016-08-11T11:49:59+08:00 ] ::1 /qihang/Thinkblog/index.php/Home/Index/index
ERR: syntax error, unexpected ')'

[ 2016-08-11T11:49:59+08:00 ] ::1 /qihang/Thinkblog/index.php/Home/Index/index
ERR: syntax error, unexpected ')'

[ 2016-08-11T11:49:59+08:00 ] ::1 /qihang/Thinkblog/index.php/Home/Index/index
ERR: syntax error, unexpected ')'

[ 2016-08-11T11:50:00+08:00 ] ::1 /qihang/Thinkblog/index.php/Home/Index/index
ERR: syntax error, unexpected ')'

[ 2016-08-11T11:50:00+08:00 ] ::1 /qihang/Thinkblog/index.php/Home/Index/index
ERR: syntax error, unexpected ')'

[ 2016-08-11T11:50:00+08:00 ] ::1 /qihang/Thinkblog/index.php/Home/Index/index
ERR: syntax error, unexpected ')'

[ 2016-08-11T11:50:00+08:00 ] ::1 /qihang/Thinkblog/index.php/Home/Index/index
ERR: syntax error, unexpected ')'

[ 2016-08-11T11:50:00+08:00 ] ::1 /qihang/Thinkblog/index.php/Home/Index/index
ERR: syntax error, unexpected ')'

[ 2016-08-11T11:50:00+08:00 ] ::1 /qihang/Thinkblog/index.php/Home/Index/index
ERR: syntax error, unexpected ')'

[ 2016-08-11T11:50:01+08:00 ] ::1 /qihang/Thinkblog/index.php/Home/Index/index
ERR: syntax error, unexpected ')'

[ 2016-08-11T11:50:01+08:00 ] ::1 /qihang/Thinkblog/index.php/Home/Index/index
ERR: syntax error, unexpected ')'

[ 2016-08-11T11:50:01+08:00 ] ::1 /qihang/Thinkblog/index.php/Home/Index/index
ERR: syntax error, unexpected ')'

[ 2016-08-11T11:50:01+08:00 ] ::1 /qihang/Thinkblog/index.php/Home/Index/index
ERR: syntax error, unexpected ')'

[ 2016-08-11T11:50:01+08:00 ] ::1 /qihang/Thinkblog/index.php/Home/Index/index
ERR: syntax error, unexpected ')'

[ 2016-08-11T11:50:01+08:00 ] ::1 /qihang/Thinkblog/index.php/Home/Index/index
ERR: syntax error, unexpected ')'

[ 2016-08-11T11:50:01+08:00 ] ::1 /qihang/Thinkblog/index.php/Home/Index/index
ERR: syntax error, unexpected ')'

[ 2016-08-11T11:50:02+08:00 ] ::1 /qihang/Thinkblog/index.php/Home/Index/index
ERR: syntax error, unexpected ')'

[ 2016-08-11T11:50:03+08:00 ] ::1 /qihang/Thinkblog/index.php/Home/Index/index
ERR: syntax error, unexpected ')'

[ 2016-08-11T11:50:03+08:00 ] ::1 /qihang/Thinkblog/index.php/Home/Index/index
ERR: syntax error, unexpected ')'

[ 2016-08-11T11:50:03+08:00 ] ::1 /qihang/Thinkblog/index.php/Home/Index/index
ERR: syntax error, unexpected ')'

[ 2016-08-11T11:50:03+08:00 ] ::1 /qihang/Thinkblog/index.php/Home/Index/index
ERR: syntax error, unexpected ')'

[ 2016-08-11T11:50:04+08:00 ] ::1 /qihang/Thinkblog/index.php/Home/Index/index
ERR: syntax error, unexpected ')'

[ 2016-08-11T11:50:04+08:00 ] ::1 /qihang/Thinkblog/index.php/Home/Index/index
ERR: syntax error, unexpected ')'

[ 2016-08-11T11:50:04+08:00 ] ::1 /qihang/Thinkblog/index.php/Home/Index/index
ERR: syntax error, unexpected ')'

[ 2016-08-11T11:50:04+08:00 ] ::1 /qihang/Thinkblog/index.php/Home/Index/index
ERR: syntax error, unexpected ')'

[ 2016-08-11T11:50:05+08:00 ] ::1 /qihang/Thinkblog/index.php/Home/Index/index
ERR: syntax error, unexpected ')'

[ 2016-08-11T11:50:05+08:00 ] ::1 /qihang/Thinkblog/index.php/Home/Index/index
ERR: syntax error, unexpected ')'

[ 2016-08-11T11:51:39+08:00 ] ::1 /qihang/Thinkblog/index.php/Home/Index/index
ERR: syntax error, unexpected ')'

[ 2016-08-11T11:51:39+08:00 ] ::1 /qihang/Thinkblog/index.php/Home/Index/index
ERR: syntax error, unexpected ')'

[ 2016-08-11T11:51:40+08:00 ] ::1 /qihang/Thinkblog/index.php/Home/Index/index
ERR: syntax error, unexpected ')'

[ 2016-08-11T11:51:40+08:00 ] ::1 /qihang/Thinkblog/index.php/Home/Index/index
ERR: syntax error, unexpected ')'

[ 2016-08-11T11:51:40+08:00 ] ::1 /qihang/Thinkblog/index.php/Home/Index/index
ERR: syntax error, unexpected ')'

[ 2016-08-11T11:51:40+08:00 ] ::1 /qihang/Thinkblog/index.php/Home/Index/index
ERR: syntax error, unexpected ')'

[ 2016-08-11T11:51:40+08:00 ] ::1 /qihang/Thinkblog/index.php/Home/Index/index
ERR: syntax error, unexpected ')'

[ 2016-08-11T11:52:01+08:00 ] ::1 /qihang/Thinkblog/index.php/Home/Index/index
ERR: syntax error, unexpected ')'

[ 2016-08-11T11:52:02+08:00 ] ::1 /qihang/Thinkblog/index.php/Home/Index/index
ERR: syntax error, unexpected ')'

[ 2016-08-11T11:52:02+08:00 ] ::1 /qihang/Thinkblog/index.php/Home/Index/index
ERR: syntax error, unexpected ')'

[ 2016-08-11T11:52:02+08:00 ] ::1 /qihang/Thinkblog/index.php/Home/Index/index
ERR: syntax error, unexpected ')'

[ 2016-08-11T11:52:02+08:00 ] ::1 /qihang/Thinkblog/index.php/Home/Index/index
ERR: syntax error, unexpected ')'

[ 2016-08-11T11:52:03+08:00 ] ::1 /qihang/Thinkblog/index.php/Home/Index/index
ERR: syntax error, unexpected ')'

[ 2016-08-11T11:52:03+08:00 ] ::1 /qihang/Thinkblog/index.php/Home/Index/index
ERR: syntax error, unexpected ')'

[ 2016-08-11T11:52:03+08:00 ] ::1 /qihang/Thinkblog/index.php/Home/Index/index
ERR: syntax error, unexpected ')'

[ 2016-08-11T11:52:03+08:00 ] ::1 /qihang/Thinkblog/index.php/Home/Index/index
ERR: syntax error, unexpected ')'

[ 2016-08-11T11:52:03+08:00 ] ::1 /qihang/Thinkblog/index.php/Home/Index/index
ERR: syntax error, unexpected ')'

[ 2016-08-11T11:52:03+08:00 ] ::1 /qihang/Thinkblog/index.php/Home/Index/index
ERR: syntax error, unexpected ')'

[ 2016-08-11T11:52:26+08:00 ] ::1 /qihang/Thinkblog/index.php/Home/Index/index
ERR: syntax error, unexpected ')'

[ 2016-08-11T11:52:27+08:00 ] ::1 /qihang/Thinkblog/index.php/Home/Index/index
ERR: syntax error, unexpected ')'

[ 2016-08-11T11:52:27+08:00 ] ::1 /qihang/Thinkblog/index.php/Home/Index/index
ERR: syntax error, unexpected ')'

[ 2016-08-11T11:52:27+08:00 ] ::1 /qihang/Thinkblog/index.php/Home/Index/index
ERR: syntax error, unexpected ')'

[ 2016-08-11T11:52:27+08:00 ] ::1 /qihang/Thinkblog/index.php/Home/Index/index
ERR: syntax error, unexpected ')'

[ 2016-08-11T11:52:52+08:00 ] ::1 /qihang/Thinkblog/index.php/Home/Index/index
ERR: syntax error, unexpected ')'

[ 2016-08-11T11:52:52+08:00 ] ::1 /qihang/Thinkblog/index.php/Home/Index/index
ERR: syntax error, unexpected ')'

[ 2016-08-11T11:52:52+08:00 ] ::1 /qihang/Thinkblog/index.php/Home/Index/index
ERR: syntax error, unexpected ')'

[ 2016-08-11T11:52:52+08:00 ] ::1 /qihang/Thinkblog/index.php/Home/Index/index
ERR: syntax error, unexpected ')'

[ 2016-08-11T11:52:53+08:00 ] ::1 /qihang/Thinkblog/index.php/Home/Index/index
ERR: syntax error, unexpected ')'

[ 2016-08-11T11:53:13+08:00 ] ::1 /qihang/Thinkblog/index.php/Home/Index/index
ERR: syntax error, unexpected ')'

[ 2016-08-11T11:53:53+08:00 ] ::1 /qihang/Thinkblog/index.php/Home/Index/index
ERR: syntax error, unexpected ')'

[ 2016-08-11T11:53:54+08:00 ] ::1 /qihang/Thinkblog/index.php/Home/Index/index
ERR: syntax error, unexpected ')'

[ 2016-08-11T11:53:54+08:00 ] ::1 /qihang/Thinkblog/index.php/Home/Index/index
ERR: syntax error, unexpected ')'

[ 2016-08-11T11:53:54+08:00 ] ::1 /qihang/Thinkblog/index.php/Home/Index/index
ERR: syntax error, unexpected ')'

[ 2016-08-11T11:53:54+08:00 ] ::1 /qihang/Thinkblog/index.php/Home/Index/index
ERR: syntax error, unexpected ')'

[ 2016-08-11T11:53:54+08:00 ] ::1 /qihang/Thinkblog/index.php/Home/Index/index
ERR: syntax error, unexpected ')'

[ 2016-08-11T11:53:55+08:00 ] ::1 /qihang/Thinkblog/index.php/Home/Index/index
ERR: syntax error, unexpected ')'

[ 2016-08-11T11:53:55+08:00 ] ::1 /qihang/Thinkblog/index.php/Home/Index/index
ERR: syntax error, unexpected ')'

[ 2016-08-11T11:53:55+08:00 ] ::1 /qihang/Thinkblog/index.php/Home/Index/index
ERR: syntax error, unexpected ')'

[ 2016-08-11T11:54:14+08:00 ] ::1 /qihang/Thinkblog/Home/Index/index
ERR: syntax error, unexpected ')'

[ 2016-08-11T11:54:17+08:00 ] ::1 /qihang/Thinkblog/Home/Index/index
ERR: syntax error, unexpected ')'

[ 2016-08-11T11:54:18+08:00 ] ::1 /qihang/Thinkblog/Home/Index/index
ERR: syntax error, unexpected ')'

[ 2016-08-11T11:54:19+08:00 ] ::1 /qihang/Thinkblog/Home/Index/index
ERR: syntax error, unexpected ')'

[ 2016-08-11T11:54:20+08:00 ] ::1 /qihang/Thinkblog/Home/Index/index
ERR: syntax error, unexpected ')'

[ 2016-08-11T11:54:21+08:00 ] ::1 /qihang/Thinkblog/Home/Index/index
ERR: syntax error, unexpected ')'

[ 2016-08-11T11:54:21+08:00 ] ::1 /qihang/Thinkblog/Home/Index/index
ERR: syntax error, unexpected ')'

[ 2016-08-11T11:54:22+08:00 ] ::1 /qihang/Thinkblog/Home/Index/index
ERR: syntax error, unexpected ')'

[ 2016-08-11T11:54:23+08:00 ] ::1 /qihang/Thinkblog/Home/Index/index
ERR: syntax error, unexpected ')'

[ 2016-08-11T11:54:23+08:00 ] ::1 /qihang/Thinkblog/Home/Index/index
ERR: syntax error, unexpected ')'

[ 2016-08-11T11:54:24+08:00 ] ::1 /qihang/Thinkblog/Home/Index/index
ERR: syntax error, unexpected ')'

[ 2016-08-11T11:54:25+08:00 ] ::1 /qihang/Thinkblog/Home/Index/index
ERR: syntax error, unexpected ')'

[ 2016-08-11T11:54:25+08:00 ] ::1 /qihang/Thinkblog/Home/Index/index
ERR: syntax error, unexpected ')'

[ 2016-08-11T11:54:26+08:00 ] ::1 /qihang/Thinkblog/Home/Index/index
ERR: syntax error, unexpected ')'

[ 2016-08-11T11:54:26+08:00 ] ::1 /qihang/Thinkblog/Home/Index/index
ERR: syntax error, unexpected ')'

[ 2016-08-11T11:54:27+08:00 ] ::1 /qihang/Thinkblog/Home/Index/index
ERR: syntax error, unexpected ')'

[ 2016-08-11T11:54:27+08:00 ] ::1 /qihang/Thinkblog/Home/Index/index
ERR: syntax error, unexpected ')'

[ 2016-08-11T11:54:28+08:00 ] ::1 /qihang/Thinkblog/Home/Index/index
ERR: syntax error, unexpected ')'

[ 2016-08-11T11:54:29+08:00 ] ::1 /qihang/Thinkblog/Home/Index/index
ERR: syntax error, unexpected ')'

[ 2016-08-11T11:54:30+08:00 ] ::1 /qihang/Thinkblog/Home/Index/index
ERR: syntax error, unexpected ')'

[ 2016-08-11T11:54:33+08:00 ] ::1 /qihang/Thinkblog/Home/Index/index
ERR: syntax error, unexpected ')'

[ 2016-08-11T11:55:03+08:00 ] ::1 /qihang/Thinkblog/index.php/Home/Index/index
ERR: syntax error, unexpected ')'

[ 2016-08-11T11:56:02+08:00 ] ::1 /qihang/Thinkblog/index.php/Home/Index/index
ERR: syntax error, unexpected ')'

[ 2016-08-11T11:56:03+08:00 ] ::1 /qihang/Thinkblog/index.php/Home/Index/index
ERR: syntax error, unexpected ')'

[ 2016-08-11T11:56:03+08:00 ] ::1 /qihang/Thinkblog/index.php/Home/Index/index
ERR: syntax error, unexpected ')'

[ 2016-08-11T11:56:03+08:00 ] ::1 /qihang/Thinkblog/index.php/Home/Index/index
ERR: syntax error, unexpected ')'

[ 2016-08-11T11:56:03+08:00 ] ::1 /qihang/Thinkblog/index.php/Home/Index/index
ERR: syntax error, unexpected ')'

[ 2016-08-11T11:56:03+08:00 ] ::1 /qihang/Thinkblog/index.php/Home/Index/index
ERR: syntax error, unexpected ')'

[ 2016-08-11T11:56:03+08:00 ] ::1 /qihang/Thinkblog/index.php/Home/Index/index
ERR: syntax error, unexpected ')'

[ 2016-08-11T11:56:04+08:00 ] ::1 /qihang/Thinkblog/index.php/Home/Index/index
ERR: syntax error, unexpected ')'

[ 2016-08-11T11:56:04+08:00 ] ::1 /qihang/Thinkblog/index.php/Home/Index/index
ERR: syntax error, unexpected ')'

[ 2016-08-11T11:56:04+08:00 ] ::1 /qihang/Thinkblog/index.php/Home/Index/index
ERR: syntax error, unexpected ')'

[ 2016-08-11T11:56:04+08:00 ] ::1 /qihang/Thinkblog/index.php/Home/Index/index
ERR: syntax error, unexpected ')'

[ 2016-08-11T11:56:07+08:00 ] ::1 /qihang/Thinkblog/index.php/Home/Index/index
ERR: syntax error, unexpected ')'

[ 2016-08-11T11:56:07+08:00 ] ::1 /qihang/Thinkblog/index.php/Home/Index/index
ERR: syntax error, unexpected ')'

[ 2016-08-11T11:56:07+08:00 ] ::1 /qihang/Thinkblog/index.php/Home/Index/index
ERR: syntax error, unexpected ')'

[ 2016-08-11T11:56:07+08:00 ] ::1 /qihang/Thinkblog/index.php/Home/Index/index
ERR: syntax error, unexpected ')'

[ 2016-08-11T11:56:07+08:00 ] ::1 /qihang/Thinkblog/index.php/Home/Index/index
ERR: syntax error, unexpected ')'

[ 2016-08-11T11:56:08+08:00 ] ::1 /qihang/Thinkblog/index.php/Home/Index/index
ERR: syntax error, unexpected ')'

[ 2016-08-11T11:56:09+08:00 ] ::1 /qihang/Thinkblog/index.php/Home/Index/index
ERR: syntax error, unexpected ')'

[ 2016-08-11T11:56:09+08:00 ] ::1 /qihang/Thinkblog/index.php/Home/Index/index
ERR: syntax error, unexpected ')'

[ 2016-08-11T11:56:09+08:00 ] ::1 /qihang/Thinkblog/index.php/Home/Index/index
ERR: syntax error, unexpected ')'

[ 2016-08-11T11:56:11+08:00 ] ::1 /qihang/Thinkblog/index.php/Home/Index/index
ERR: syntax error, unexpected ')'

[ 2016-08-11T11:56:11+08:00 ] ::1 /qihang/Thinkblog/index.php/Home/Index/index
ERR: syntax error, unexpected ')'

[ 2016-08-11T11:57:10+08:00 ] ::1 /qihang/Thinkblog/index.php/Home/Index/index
ERR: syntax error, unexpected ')'

[ 2016-08-11T11:57:10+08:00 ] ::1 /qihang/Thinkblog/index.php/Home/Index/index
ERR: syntax error, unexpected ')'

[ 2016-08-11T11:57:10+08:00 ] ::1 /qihang/Thinkblog/index.php/Home/Index/index
ERR: syntax error, unexpected ')'

[ 2016-08-11T11:57:10+08:00 ] ::1 /qihang/Thinkblog/index.php/Home/Index/index
ERR: syntax error, unexpected ')'

[ 2016-08-11T11:57:10+08:00 ] ::1 /qihang/Thinkblog/index.php/Home/Index/index
ERR: syntax error, unexpected ')'

[ 2016-08-11T11:57:12+08:00 ] ::1 /qihang/Thinkblog/index.php/Home/Index/index
ERR: syntax error, unexpected ')'

[ 2016-08-11T11:57:12+08:00 ] ::1 /qihang/Thinkblog/index.php/Home/Index/index
ERR: syntax error, unexpected ')'

[ 2016-08-11T11:57:12+08:00 ] ::1 /qihang/Thinkblog/index.php/Home/Index/index
ERR: syntax error, unexpected ')'

[ 2016-08-11T11:57:12+08:00 ] ::1 /qihang/Thinkblog/index.php/Home/Index/index
ERR: syntax error, unexpected ')'

[ 2016-08-11T11:59:46+08:00 ] ::1 /qihang/Thinkblog/index.php/Home/
ERR: syntax error, unexpected ')'

[ 2016-08-11T12:00:16+08:00 ] ::1 /qihang/Thinkblog/index.php/Home/
ERR: syntax error, unexpected ')'

[ 2016-08-11T12:00:48+08:00 ] ::1 /qihang/Thinkblog/index.php/Home/
ERR: syntax error, unexpected ')'

[ 2016-08-11T12:01:42+08:00 ] ::1 /qihang/Thinkblog/index.php/Home/
ERR: syntax error, unexpected ')'

[ 2016-08-11T12:01:43+08:00 ] ::1 /qihang/Thinkblog/index.php/Home/
ERR: syntax error, unexpected ')'

[ 2016-08-11T12:01:43+08:00 ] ::1 /qihang/Thinkblog/index.php/Home/
ERR: syntax error, unexpected ')'

[ 2016-08-11T12:01:43+08:00 ] ::1 /qihang/Thinkblog/index.php/Home/
ERR: syntax error, unexpected ')'

[ 2016-08-11T12:02:07+08:00 ] ::1 /qihang/Thinkblog/index.php/
ERR: syntax error, unexpected ')'

[ 2016-08-11T12:02:28+08:00 ] ::1 /qihang/Thinkblog/index.php/Home/Index/index
ERR: syntax error, unexpected ')'

[ 2016-08-11T12:02:32+08:00 ] ::1 /qihang/Thinkblog/index.php/Home/Index/index
ERR: syntax error, unexpected ')'

[ 2016-08-11T12:02:32+08:00 ] ::1 /qihang/Thinkblog/index.php/Home/Index/index
ERR: syntax error, unexpected ')'

[ 2016-08-11T12:02:33+08:00 ] ::1 /qihang/Thinkblog/index.php/Home/Index/index
ERR: syntax error, unexpected ')'

[ 2016-08-11T12:02:33+08:00 ] ::1 /qihang/Thinkblog/index.php/Home/Index/index
ERR: syntax error, unexpected ')'

[ 2016-08-11T12:02:34+08:00 ] ::1 /qihang/Thinkblog/index.php/Home/Index/index
ERR: syntax error, unexpected ')'

[ 2016-08-11T12:02:43+08:00 ] ::1 /qihang/Thinkblog/index.php/Home/Index/index
ERR: syntax error, unexpected ')'

[ 2016-08-11T12:03:23+08:00 ] ::1 /qihang/Thinkblog/index.php/Home/Index/index
ERR: 模板不存在:./Application/Home/View/Index/index.html

[ 2016-08-11T12:04:43+08:00 ] ::1 /qihang/Thinkblog/index.php/Home/Index/index
ERR: syntax error, unexpected ')'

[ 2016-08-11T13:53:54+08:00 ] ::1 /qihang/Thinkblog/index.php/Home/Index/index
ERR: SQLSTATE[42S22]: Column not found: 1054 Unknown column 'wangqihang' in 'where clause'

[ 2016-08-11T16:49:53+08:00 ] ::1 /qihang/Thinkblog/index.php/Home/Index/index
ERR: Call to undefined function Home\Controller\assign()

[ 2016-08-11T17:01:47+08:00 ] ::1 /qihang/Thinkblog/index.php/Home/Index/index
ERR: Call to a member function limit() on null

[ 2016-08-11T17:02:28+08:00 ] ::1 /qihang/Thinkblog/index.php/Home/Index/index
ERR: Call to undefined function Home\Controller\assign()

[ 2016-08-11T17:57:46+08:00 ] ::1 /qihang/Thinkblog/index.php/Home/Index/index/p/2.html
ERR: syntax error, unexpected ':'

[ 2016-08-11T18:17:36+08:00 ] ::1 /qihang/Thinkblog/index.php/Home/Index/type/typeid/1
ERR: SQLSTATE[42S22]: Column not found: 1054 Unknown column '其他' in 'where clause'

[ 2016-08-11T18:18:50+08:00 ] ::1 /qihang/Thinkblog/index.php/Home/Index/type/typeid/1
ERR: 模板不存在:./Application/Home/View/Index/type.html

[ 2016-08-11T18:22:07+08:00 ] ::1 /qihang/Thinkblog/index.php/Home/Index/index/type/php/p/1.html
ERR: SQLSTATE[42S22]: Column not found: 1054 Unknown column 'php' in 'where clause'

[ 2016-08-11T21:06:11+08:00 ] ::1 /qihang/Thinkblog/index.php/Home/Index/type/typeid/1
ERR: 模板不存在:./Application/Home/View/Index/type.html

[ 2016-08-11T21:14:15+08:00 ] ::1 /qihang/Thinkblog/index.php/Home/Index/type/typeid/1
ERR: 模板不存在:./Application/Home/View/Index/index("true").html

[ 2016-08-11T21:16:12+08:00 ] ::1 /qihang/Thinkblog/index.php/Home/Index/type/typeid/1
ERR: Call to undefined function Home\Controller\index()

[ 2016-08-11T21:18:34+08:00 ] ::1 /qihang/Thinkblog/index.php/Home/Index/type/php
ERR: 模板不存在:./Application/Home/View/Index/type.html

[ 2016-08-11T21:39:11+08:00 ] ::1 /qihang/Thinkblog/index.php/Home/Index/type/typeid/1
ERR: 模板不存在:./Application/Home/View/Index/type.html

[ 2016-08-11T21:47:02+08:00 ] ::1 /qihang/Thinkblog/index.php/Home/Index/type/type/php
ERR: 非法操作:type

[ 2016-08-11T21:47:33+08:00 ] ::1 /qihang/Thinkblog/index.php/Home/Index/type/type/php
ERR: 非法操作:type

[ 2016-08-11T21:47:43+08:00 ] ::1 /qihang/Thinkblog/index.php/Home/Index/type/type/php
ERR: 非法操作:type

[ 2016-08-11T21:48:02+08:00 ] ::1 /qihang/Thinkblog/index.php/Home/Index/type_php/type/php
ERR: 模板不存在:./Application/Home/View/Index/type_php.html

[ 2016-08-11T21:55:04+08:00 ] ::1 /qihang/Thinkblog/index.php/Home/Index/type_php/type/php/p/2.html
ERR: 非法操作:type_php

[ 2016-08-11T22:10:40+08:00 ] ::1 /qihang/Thinkblog/index.php/Home/Index/index
ERR: Call to a member function assign() on null

[ 2016-08-11T22:11:17+08:00 ] ::1 /qihang/Thinkblog/index.php/Home/Index/index
ERR: Call to a member function assign() on null

[ 2016-08-11T22:11:47+08:00 ] ::1 /qihang/Thinkblog/index.php/Home/Index/index
ERR: Call to a member function assign() on null

[ 2016-08-11T22:12:13+08:00 ] ::1 /qihang/Thinkblog/index.php/Home/Index/index
ERR: Call to a member function assign() on null

[ 2016-08-11T22:12:50+08:00 ] ::1 /qihang/Thinkblog/index.php/Home/Index/index
ERR: syntax error, unexpected '<'

[ 2016-08-11T22:14:00+08:00 ] ::1 /qihang/Thinkblog/index.php/Home/Index/index
ERR: syntax error, unexpected '<'

[ 2016-08-11T22:14:58+08:00 ] ::1 /qihang/Thinkblog/index.php/Home/Index/index
ERR: syntax error, unexpected '<'

[ 2016-08-11T22:15:02+08:00 ] ::1 /qihang/Thinkblog/index.php/Home/Index/index
ERR: syntax error, unexpected '<'

[ 2016-08-11T22:15:26+08:00 ] ::1 /qihang/Thinkblog/index.php/Home/Index/index
ERR: syntax error, unexpected '<'

[ 2016-08-11T22:15:30+08:00 ] ::1 /qihang/Thinkblog/index.php/Home/Index/index
ERR: syntax error, unexpected '<'

[ 2016-08-11T22:15:31+08:00 ] ::1 /qihang/Thinkblog/index.php/Home/Index/index
ERR: syntax error, unexpected '<'

[ 2016-08-11T22:15:32+08:00 ] ::1 /qihang/Thinkblog/index.php/Home/Index/index
ERR: syntax error, unexpected '<'

[ 2016-08-11T22:15:33+08:00 ] ::1 /qihang/Thinkblog/index.php/Home/Index/index
ERR: syntax error, unexpected '<'

[ 2016-08-11T22:16:30+08:00 ] ::1 /qihang/Thinkblog/index.php/Home/Index/index
ERR: syntax error, unexpected '<'

[ 2016-08-11T22:33:29+08:00 ] ::1 /qihang/Thinkblog/index.php/Home/Index/index
ERR: syntax error, unexpected '<'

[ 2016-08-11T22:33:39+08:00 ] ::1 /qihang/Thinkblog/index.php/Home/Index/
ERR: syntax error, unexpected '<'

[ 2016-08-11T22:34:06+08:00 ] ::1 /qihang/Thinkblog/index.php/Home/Index/
ERR: syntax error, unexpected '<'

