[ 2016-08-12T08:46:55+08:00 ] ::1 /qihang/Thinkblog/index.php/Home/Datail/index
ERR: 无法加载控制器:Datail

[ 2016-08-12T08:47:34+08:00 ] ::1 /qihang/Thinkblog/index.php/Home/Datail/index
ERR: 无法加载控制器:Datail

[ 2016-08-12T13:18:46+08:00 ] ::1 /qihang/Thinkblog/index.php/Home/Detail/index/articleid/49
ERR: syntax error, unexpected '->' (T_OBJECT_OPERATOR), expecting identifier (T_STRING) or variable (T_VARIABLE) or '{' or '$'

[ 2016-08-12T13:19:24+08:00 ] ::1 /qihang/Thinkblog/index.php/Home/Detail/index/articleid/49
ERR: SQLSTATE[23000]: Integrity constraint violation: 1052 Column 'id' in where clause is ambiguous

[ 2016-08-12T13:20:17+08:00 ] ::1 /qihang/Thinkblog/index.php/Home/Detail/index/articleid/49
ERR: SQLSTATE[23000]: Integrity constraint violation: 1052 Column 'id' in where clause is ambiguous

[ 2016-08-12T13:21:42+08:00 ] ::1 /qihang/Thinkblog/index.php/Home/Detail/index/articleid/49
ERR: SQLSTATE[23000]: Integrity constraint violation: 1052 Column 'id' in where clause is ambiguous

[ 2016-08-12T13:22:20+08:00 ] ::1 /qihang/Thinkblog/index.php/Home/Detail/index/articleid/49
ERR: SQLSTATE[23000]: Integrity constraint violation: 1052 Column 'id' in where clause is ambiguous

[ 2016-08-12T13:24:28+08:00 ] ::1 /qihang/Thinkblog/index.php/Home/Detail/index/articleid/49
ERR: SQLSTATE[23000]: Integrity constraint violation: 1052 Column 'id' in where clause is ambiguous

[ 2016-08-12T13:28:18+08:00 ] ::1 /qihang/Thinkblog/index.php/Home/Detail/index/articleid/49
ERR: SQLSTATE[23000]: Integrity constraint violation: 1052 Column 'id' in where clause is ambiguous

[ 2016-08-12T13:29:35+08:00 ] ::1 /qihang/Thinkblog/index.php/Home/Detail/index/articleid/49
ERR: SQLSTATE[42S22]: Column not found: 1054 Unknown column 'think_article.$articleid' in 'where clause'

[ 2016-08-12T13:30:04+08:00 ] ::1 /qihang/Thinkblog/index.php/Home/Detail/index/articleid/49
ERR: SQLSTATE[42S22]: Column not found: 1054 Unknown column '$re' in 'where clause'

[ 2016-08-12T13:31:18+08:00 ] ::1 /qihang/Thinkblog/index.php/Home/Detail/index/articleid/49
ERR: SQLSTATE[42S22]: Column not found: 1054 Unknown column '$re' in 'where clause'

[ 2016-08-12T13:31:35+08:00 ] ::1 /qihang/Thinkblog/index.php/Home/Detail/index/articleid/49
ERR: syntax error, unexpected '$re' (T_VARIABLE), expecting ',' or ')'

[ 2016-08-12T13:32:38+08:00 ] ::1 /qihang/Thinkblog/index.php/Home/Detail/index/articleid/49
ERR: SQLSTATE[42000]: Syntax error or access violation: 1064 You have an error in your SQL syntax; check the manual that corresponds to your MySQL server version for the right syntax to use near 'Left think_admin on think_admin.id=think_article.admin_id  WHERE ( think_article' at line 1

[ 2016-08-12T13:39:28+08:00 ] ::1 /qihang/Thinkblog/index.php/Home/Detail/index/articleid/49
ERR: SQLSTATE[42000]: Syntax error or access violation: 1064 You have an error in your SQL syntax; check the manual that corresponds to your MySQL server version for the right syntax to use near '} )' at line 1

[ 2016-08-12T13:39:38+08:00 ] ::1 /qihang/Thinkblog/index.php/Home/Detail/index/articleid/49
ERR: SQLSTATE[42S22]: Column not found: 1054 Unknown column '$articleid' in 'where clause'

[ 2016-08-12T13:40:21+08:00 ] ::1 /qihang/Thinkblog/index.php/Home/Detail/index/articleid/49
ERR: SQLSTATE[23000]: Integrity constraint violation: 1052 Column 'id' in where clause is ambiguous

[ 2016-08-12T13:40:46+08:00 ] ::1 /qihang/Thinkblog/index.php/Home/Detail/index/articleid/49
ERR: SQLSTATE[23000]: Integrity constraint violation: 1052 Column 'id' in where clause is ambiguous

[ 2016-08-12T13:41:33+08:00 ] ::1 /qihang/Thinkblog/index.php/Home/Detail/index/articleid/49
ERR: SQLSTATE[23000]: Integrity constraint violation: 1052 Column 'id' in where clause is ambiguous

[ 2016-08-12T13:42:31+08:00 ] ::1 /qihang/Thinkblog/index.php/Home/Detail/index/articleid/49
ERR: SQLSTATE[23000]: Integrity constraint violation: 1052 Column 'id' in field list is ambiguous

[ 2016-08-12T13:44:18+08:00 ] ::1 /qihang/Thinkblog/index.php/Home/Detail/index/articleid/49
ERR: SQLSTATE[23000]: Integrity constraint violation: 1052 Column 'id' in field list is ambiguous

[ 2016-08-12T13:44:26+08:00 ] ::1 /qihang/Thinkblog/index.php/Home/Detail/index/articleid/49
ERR: SQLSTATE[23000]: Integrity constraint violation: 1052 Column 'id' in field list is ambiguous

[ 2016-08-12T13:44:34+08:00 ] ::1 /qihang/Thinkblog/index.php/Home/Detail/index/articleid/49
ERR: syntax error, unexpected '$articleid' (T_VARIABLE), expecting ',' or ')'

[ 2016-08-12T13:45:18+08:00 ] ::1 /qihang/Thinkblog/index.php/Home/Detail/index/articleid/49
ERR: SQLSTATE[42S22]: Column not found: 1054 Unknown column 'Array' in 'where clause'

[ 2016-08-12T13:55:17+08:00 ] ::1 /qihang/Thinkblog/index.php/Home/Detail/index/articleid/49
ERR: syntax error, unexpected '/'

[ 2016-08-12T13:59:35+08:00 ] ::1 /qihang/Thinkblog/index.php/Home/Detail/index/articleid/49
ERR: syntax error, unexpected '/'

[ 2016-08-12T14:00:26+08:00 ] ::1 /qihang/Thinkblog/index.php/Home/Detail/index/articleid/49
ERR: syntax error, unexpected '/'

[ 2016-08-12T14:00:42+08:00 ] ::1 /qihang/Thinkblog/index.php/Home/Detail/index/articleid/49
ERR: syntax error, unexpected '/'

[ 2016-08-12T14:01:23+08:00 ] ::1 /qihang/Thinkblog/index.php/Home/Detail/index/articleid/49
ERR: syntax error, unexpected '/'

[ 2016-08-12T14:01:37+08:00 ] ::1 /qihang/Thinkblog/index.php/Home/Detail/index/articleid/49
ERR: syntax error, unexpected '/'

[ 2016-08-12T14:02:11+08:00 ] ::1 /qihang/Thinkblog/index.php/Home/Detail/index/articleid/49
ERR: syntax error, unexpected '/'

[ 2016-08-12T14:02:40+08:00 ] ::1 /qihang/Thinkblog/index.php/Home/Detail/index/articleid/49
ERR: syntax error, unexpected '/'

[ 2016-08-12T14:03:59+08:00 ] ::1 /qihang/Thinkblog/index.php/Home/Detail/index/articleid/49
ERR: syntax error, unexpected '/'

[ 2016-08-12T14:04:08+08:00 ] ::1 /qihang/Thinkblog/index.php/Home/Detail/index/articleid/49
ERR: syntax error, unexpected '/'

[ 2016-08-12T14:05:03+08:00 ] ::1 /qihang/Thinkblog/index.php/Home/Detail/index/articleid/49
ERR: syntax error, unexpected '/'

[ 2016-08-12T14:46:11+08:00 ] ::1 /qihang/Thinkblog/index.php/Home/Detail/index/articleid/49
ERR: Cannot use object of type Think\Model as array

[ 2016-08-12T14:57:39+08:00 ] ::1 /qihang/Thinkblog/index.php/Home/Detail/index/articleid/49
ERR: SQLSTATE[42S22]: Column not found: 1054 Unknown column 'think_message.replay_time' in 'field list'

[ 2016-08-12T14:58:05+08:00 ] ::1 /qihang/Thinkblog/index.php/Home/Detail/index/articleid/49
ERR: Call to a member function where() on array

[ 2016-08-12T14:58:37+08:00 ] ::1 /qihang/Thinkblog/index.php/Home/Detail/index/articleid/49
ERR: Call to a member function where() on array

[ 2016-08-12T14:58:45+08:00 ] ::1 /qihang/Thinkblog/index.php/Home/Detail/index/articleid/49
ERR: Call to a member function where() on array

[ 2016-08-12T15:05:37+08:00 ] ::1 /qihang/Thinkblog/index.php/Home/Detail/index/articleid/49
ERR: Cannot use object of type Think\Model as array

[ 2016-08-12T15:47:05+08:00 ] ::1 /qihang/Thinkblog/index.php/Home/Detail/index/articleid/49
ERR: syntax error, unexpected '$this' (T_VARIABLE)

