[ 2016-08-13T08:04:33+08:00 ] ::1 /qihang/Thinkblog/Public/admin/image/login.jpg
ERR: 无法加载模块:Public

[ 2016-08-13T09:57:29+08:00 ] ::1 /qihang/Thinkblog/index.php/__CONTROLLER__/index/articleid.html
ERR: 无法加载模块:__CONTROLLER__

[ 2016-08-13T09:58:01+08:00 ] ::1 /qihang/Thinkblog/index.php/Detail/index/articleid.html
ERR: 无法加载模块:Detail

[ 2016-08-13T10:07:36+08:00 ] ::1 /qihang/Thinkblog/index.php/index/articleid/$where['article_id'].html
ERR: 无法加载模块:Index

[ 2016-08-13T10:08:26+08:00 ] ::1 /qihang/Thinkblog/index.php/index/articleid/45
ERR: 无法加载模块:Index

[ 2016-08-13T12:03:16+08:00 ] ::1 /qihang/Thinkblog/Public/blog/js/jquery-main.js
ERR: 无法加载模块:Public

[ 2016-08-13T12:03:18+08:00 ] ::1 /qihang/Thinkblog/Public/blog/js/jquery-main.js
ERR: 无法加载模块:Public

[ 2016-08-13T12:05:12+08:00 ] ::1 /qihang/Thinkblog/Public/blog/js/jquery-main.js
ERR: 无法加载模块:Public

[ 2016-08-13T12:09:40+08:00 ] ::1 /qihang/Thinkblog/Public/admin/image/login.jpg
ERR: 无法加载模块:Public

[ 2016-08-13T22:41:07+08:00 ] ::1 /qihang/Thinkblog/Public/admin/image/login.jpg
ERR: 无法加载模块:Public

