[ 2016-08-17T08:27:32+08:00 ] ::1 /qihang/Thinkblog/Public/admin/image/login.jpg
ERR: 无法加载模块:Public

[ 2016-08-17T10:44:10+08:00 ] ::1 /qihang/Thinkblog/Public/admin/image/login.jpg
ERR: 无法加载模块:Public

[ 2016-08-17T11:23:14+08:00 ] ::1 /qihang/Thinkblog/Public/admin/image/login.jpg
ERR: 无法加载模块:Public

[ 2016-08-17T11:47:11+08:00 ] ::1 /qihang/Thinkblog/Public/admin/image/login.jpg
ERR: 无法加载模块:Public

[ 2016-08-17T13:41:54+08:00 ] ::1 /qihang/Thinkblog/index.php/Login/register
ERR: 无法加载模块:Login

[ 2016-08-17T13:42:53+08:00 ] ::1 /qihang/Thinkblog/index.php/Login/register
ERR: 无法加载模块:Login

[ 2016-08-17T14:22:52+08:00 ] ::1 /qihang/Thinkblog/Public/admin/image/login.jpg
ERR: 无法加载模块:Public

[ 2016-08-17T14:29:19+08:00 ] ::1 /qihang/Thinkblog/Public/admin/image/login.jpg
ERR: 无法加载模块:Public

[ 2016-08-17T14:33:53+08:00 ] ::1 /qihang/Thinkblog/Public/admin/css/__PUBLIC__/admin/img/bg.jpg
ERR: 无法加载模块:Public

[ 2016-08-17T14:44:07+08:00 ] ::1 /qihang/Thinkblog/Public/admin/img/.jpg
ERR: 无法加载模块:Public

[ 2016-08-17T14:50:35+08:00 ] ::1 /qihang/Thinkblog/Public/admin/img/bg1.jpg
ERR: 无法加载模块:Public

[ 2016-08-17T14:51:05+08:00 ] ::1 /qihang/Thinkblog/Public/admin/img/bg1.jpg
ERR: 无法加载模块:Public

[ 2016-08-17T21:59:01+08:00 ] ::1 /qihang/Thinkblog/Public/img/uploadify-cancel.png
ERR: 无法加载模块:Public

[ 2016-08-17T22:08:12+08:00 ] ::1 /qihang/Thinkblog/Public/img/uploadify-cancel.png
ERR: 无法加载模块:Public

[ 2016-08-17T22:42:06+08:00 ] ::1 /qihang/Thinkblog/Public/img/uploadify-cancel.png
ERR: 无法加载模块:Public

