[ 2016-08-18T08:06:03+08:00 ] ::1 /qihang/Thinkblog/index.php/Admin/Login/checklogin
INFO: [ app_begin ] --START--
INFO: Run Behavior\ReadHtmlCacheBehavior [ RunTime:0.000316s ]
INFO: [ app_begin ] --END-- [ RunTime:0.000591s ]
SQL: SHOW COLUMNS FROM `think_admin` [ RunTime:0.0022s ]
SQL: SELECT * FROM `think_admin` WHERE `user` = 'wangqihang' LIMIT 1   [ RunTime:0.0002s ]
SQL: SELECT * FROM `think_admin` WHERE `password` = 'e10adc3949ba59abbe56e057f20f883e' LIMIT 1   [ RunTime:0.0001s ]
INFO: [ app_end ] --START--
INFO: Run Behavior\ShowPageTraceBehavior [ RunTime:0.000449s ]
INFO: [ app_end ] --END-- [ RunTime:0.000473s ]

[ 2016-08-18T08:49:10+08:00 ] ::1 /qihang/Thinkblog/index.php/Admin/Index/index?
ERR: syntax error, unexpected '$targetFile' (T_VARIABLE)

[ 2016-08-18T13:28:17+08:00 ] ::1 /qihang/Thinkblog/index.php/Admin/Login/checklogin
INFO: [ app_begin ] --START--
INFO: Run Behavior\ReadHtmlCacheBehavior [ RunTime:0.000453s ]
INFO: [ app_begin ] --END-- [ RunTime:0.000725s ]
SQL: SHOW COLUMNS FROM `think_admin` [ RunTime:0.0059s ]
SQL: SELECT * FROM `think_admin` WHERE `user` = 'wangqihang' LIMIT 1   [ RunTime:0.0005s ]
SQL: SELECT * FROM `think_admin` WHERE `password` = 'e10adc3949ba59abbe56e057f20f883e' LIMIT 1   [ RunTime:0.0003s ]
INFO: [ app_end ] --START--
INFO: Run Behavior\ShowPageTraceBehavior [ RunTime:0.001018s ]
INFO: [ app_end ] --END-- [ RunTime:0.001067s ]

[ 2016-08-18T14:34:40+08:00 ] ::1 /qihang/Thinkblog/index.php/Admin/Index/file_admin
ERR: 非法操作:file_admin

[ 2016-08-18T14:50:49+08:00 ] ::1 /qihang/Thinkblog/index.php/Admin/Index/file/p/2.html
ERR: Call to undefined function Admin\Controller\where()

[ 2016-08-18T14:51:15+08:00 ] ::1 /qihang/Thinkblog/index.php/Admin/Index/file/p/2.html
ERR: Call to undefined function Admin\Controller\where()

[ 2016-08-18T14:51:40+08:00 ] ::1 /qihang/Thinkblog/index.php/Admin/Index/file/p/2.html
ERR: Call to undefined function Admin\Controller\where()

[ 2016-08-18T15:13:17+08:00 ] ::1 /qihang/Thinkblog/index.php/Admin/Index/download/address/140/id/4
ERR: 非法操作:download

[ 2016-08-18T15:13:45+08:00 ] ::1 /qihang/Thinkblog/index.php/Admin/Index/download/address/140/id/4
ERR: 非法操作:download

[ 2016-08-18T15:30:32+08:00 ] ::1 /qihang/Thinkblog/index.php/Admin/Index/file_del/address/134/id/4/name/1471501413
ERR: syntax error, unexpected '.'

[ 2016-08-18T16:13:46+08:00 ] ::1 /qihang/Thinkblog/index.php/Admin/Login/checklogin
INFO: [ app_begin ] --START--
INFO: Run Behavior\ReadHtmlCacheBehavior [ RunTime:0.000319s ]
INFO: [ app_begin ] --END-- [ RunTime:0.000616s ]

[ 2016-08-18T16:13:55+08:00 ] ::1 /qihang/Thinkblog/index.php/Admin/Login/checklogin
INFO: [ app_begin ] --START--
INFO: Run Behavior\ReadHtmlCacheBehavior [ RunTime:0.000322s ]
INFO: [ app_begin ] --END-- [ RunTime:0.000602s ]
SQL: SHOW COLUMNS FROM `think_admin` [ RunTime:0.0064s ]
SQL: SELECT * FROM `think_admin` WHERE `user` = 'user5' LIMIT 1   [ RunTime:0.0006s ]
SQL: SELECT * FROM `think_admin` WHERE `password` = 'e10adc3949ba59abbe56e057f20f883e' LIMIT 1   [ RunTime:0.0005s ]
INFO: [ app_end ] --START--
INFO: Run Behavior\ShowPageTraceBehavior [ RunTime:0.001151s ]
INFO: [ app_end ] --END-- [ RunTime:0.001227s ]

[ 2016-08-18T16:15:55+08:00 ] ::1 /qihang/Thinkblog/index.php/Admin/Index/write_handle
INFO: [ app_begin ] --START--
INFO: Run Behavior\ReadHtmlCacheBehavior [ RunTime:0.000336s ]
INFO: [ app_begin ] --END-- [ RunTime:0.000654s ]
SQL: SHOW COLUMNS FROM `think_admin` [ RunTime:0.0068s ]
SQL: SELECT * FROM `think_admin` WHERE `user` = 'user5' LIMIT 1   [ RunTime:0.0008s ]
SQL: SHOW COLUMNS FROM `think_article` [ RunTime:0.0075s ]
SQL: INSERT INTO `think_article` (`type`,`title`,`content`,`admin_id`,`time`,`count`) VALUES ('web前端','文件长传的例子','<p>收到了几分拉到就死了快放假了<br/></p>','8','1471508155','0') [ RunTime:0.1066s ]

[ 2016-08-18T16:43:18+08:00 ] ::1 /qihang/Thinkblog/index.php/Admin/Index/write_handle
INFO: [ app_begin ] --START--
INFO: Run Behavior\ReadHtmlCacheBehavior [ RunTime:0.000316s ]
INFO: [ app_begin ] --END-- [ RunTime:0.000595s ]
SQL: SHOW COLUMNS FROM `think_admin` [ RunTime:0.0076s ]
SQL: SELECT * FROM `think_admin` WHERE `user` = 'user5' LIMIT 1   [ RunTime:0.0007s ]
SQL: SHOW COLUMNS FROM `think_article` [ RunTime:0.0074s ]
SQL: INSERT INTO `think_article` (`type`,`title`,`content`,`admin_id`,`time`,`count`) VALUES ('其他','你好你是谁','<p>的开始看了伐打开了手机费克里斯多付款后卡的很深刻</p>','8','1471509798','0') [ RunTime:0.0546s ]

[ 2016-08-18T16:49:43+08:00 ] ::1 /qihang/Thinkblog/index.php/Admin/Index/write_handle
INFO: [ app_begin ] --START--
INFO: Run Behavior\ReadHtmlCacheBehavior [ RunTime:0.000315s ]
INFO: [ app_begin ] --END-- [ RunTime:0.000605s ]
SQL: SHOW COLUMNS FROM `think_admin` [ RunTime:0.0033s ]
SQL: SELECT * FROM `think_admin` WHERE `user` = 'user5' LIMIT 1   [ RunTime:0.0004s ]
SQL: SHOW COLUMNS FROM `think_article` [ RunTime:0.0033s ]
SQL: INSERT INTO `think_article` (`type`,`title`,`content`,`admin_id`,`time`,`count`) VALUES ('php','文章测试','<p>法律的数据库来付款了都是你看了妇女</p>','8','1471510183','0') [ RunTime:0.1157s ]

[ 2016-08-18T16:55:38+08:00 ] ::1 /qihang/Thinkblog/index.php/Admin/Index/write_handle
INFO: [ app_begin ] --START--
INFO: Run Behavior\ReadHtmlCacheBehavior [ RunTime:0.000322s ]
INFO: [ app_begin ] --END-- [ RunTime:0.000618s ]
SQL: SHOW COLUMNS FROM `think_admin` [ RunTime:0.0079s ]
SQL: SELECT * FROM `think_admin` WHERE `user` = 'user5' LIMIT 1   [ RunTime:0.0008s ]
SQL: SHOW COLUMNS FROM `think_article` [ RunTime:0.0067s ]
SQL: INSERT INTO `think_article` (`type`,`title`,`content`,`admin_id`,`time`,`count`) VALUES ('php','文章1','<p>内容1立刻就付款理解的深刻理解付款了就</p>','8','1471510538','0') [ RunTime:0.0628s ]

[ 2016-08-18T17:00:51+08:00 ] ::1 /qihang/Thinkblog/index.php/Admin/Index/del/articleid/62
ERR: SQLSTATE[42000]: Syntax error or access violation: 1064 You have an error in your SQL syntax; check the manual that corresponds to your MySQL server version for the right syntax to use near ')' at line 1

[ 2016-08-18T17:06:52+08:00 ] ::1 /qihang/Thinkblog/index.php/Admin/Index/write_handle
INFO: [ app_begin ] --START--
INFO: Run Behavior\ReadHtmlCacheBehavior [ RunTime:0.000374s ]
INFO: [ app_begin ] --END-- [ RunTime:0.000700s ]
SQL: SHOW COLUMNS FROM `think_admin` [ RunTime:0.0068s ]
SQL: SELECT * FROM `think_admin` WHERE `user` = 'user5' LIMIT 1   [ RunTime:0.0007s ]
SQL: SHOW COLUMNS FROM `think_article` [ RunTime:0.0068s ]
SQL: INSERT INTO `think_article` (`type`,`title`,`content`,`admin_id`,`time`,`count`) VALUES ('php','会计代理反馈时间了对方','<p>按时打卡了飞机离开家</p>','8','1471511212','0') [ RunTime:0.0798s ]

[ 2016-08-18T17:41:04+08:00 ] ::1 /qihang/Thinkblog/index.php/Admin/Login/checklogin
INFO: [ app_begin ] --START--
INFO: Run Behavior\ReadHtmlCacheBehavior [ RunTime:0.000332s ]
INFO: [ app_begin ] --END-- [ RunTime:0.000639s ]

[ 2016-08-18T17:42:16+08:00 ] ::1 /qihang/Thinkblog/index.php/Admin/Login/checklogin
INFO: [ app_begin ] --START--
INFO: Run Behavior\ReadHtmlCacheBehavior [ RunTime:0.000322s ]
INFO: [ app_begin ] --END-- [ RunTime:0.000600s ]

[ 2016-08-18T18:09:26+08:00 ] ::1 /qihang/Thinkblog/index.php/Admin/Login/checklogin
INFO: [ app_begin ] --START--
INFO: Run Behavior\ReadHtmlCacheBehavior [ RunTime:0.000319s ]
INFO: [ app_begin ] --END-- [ RunTime:0.000600s ]
SQL: SHOW COLUMNS FROM `think_admin` [ RunTime:0.0071s ]
SQL: SELECT * FROM `think_admin` WHERE `user` = 'wangqihang' LIMIT 1   [ RunTime:0.0007s ]
SQL: SELECT * FROM `think_admin` WHERE `password` = 'e10adc3949ba59abbe56e057f20f883e' LIMIT 1   [ RunTime:0.0006s ]
INFO: [ app_end ] --START--
INFO: Run Behavior\ShowPageTraceBehavior [ RunTime:0.001969s ]
INFO: [ app_end ] --END-- [ RunTime:0.002127s ]

[ 2016-08-18T19:23:31+08:00 ] ::1 /qihang/Thinkblog/index.php/Admin/Login/checklogin
INFO: [ app_begin ] --START--
INFO: Run Behavior\ReadHtmlCacheBehavior [ RunTime:0.000421s ]
INFO: [ app_begin ] --END-- [ RunTime:0.000687s ]
SQL: SHOW COLUMNS FROM `think_admin` [ RunTime:0.0068s ]
SQL: SELECT * FROM `think_admin` WHERE `user` = 'user5' LIMIT 1   [ RunTime:0.0010s ]
SQL: SELECT * FROM `think_admin` WHERE `password` = 'e10adc3949ba59abbe56e057f20f883e' LIMIT 1   [ RunTime:0.0006s ]
INFO: [ app_end ] --START--
INFO: Run Behavior\ShowPageTraceBehavior [ RunTime:0.001686s ]
INFO: [ app_end ] --END-- [ RunTime:0.001770s ]

[ 2016-08-18T19:30:19+08:00 ] ::1 /qihang/Thinkblog/index.php/Admin/Index/write_handle
INFO: [ app_begin ] --START--
INFO: Run Behavior\ReadHtmlCacheBehavior [ RunTime:0.000295s ]
INFO: [ app_begin ] --END-- [ RunTime:0.000520s ]
SQL: SHOW COLUMNS FROM `think_admin` [ RunTime:0.0077s ]
SQL: SELECT * FROM `think_admin` WHERE `user` = 'user5' LIMIT 1   [ RunTime:0.0008s ]
SQL: SHOW COLUMNS FROM `think_article` [ RunTime:0.0067s ]
SQL: INSERT INTO `think_article` (`type`,`title`,`content`,`admin_id`,`time`,`count`) VALUES ('php','php','<p>你好你是谁你好你是谁你好你是谁你好你是谁你好你是谁你好你是谁你好你是谁你好你是谁你好你是谁你好你是谁你好你是谁你好你是谁你好你是谁你好你是谁你好你是谁你好你是谁你好你是谁你好你是谁你好你是谁你好你是谁你好你是谁你好你是谁你好你是谁你好你是谁你好你是谁你好你是谁你好你是谁你好你是谁你好你是谁你好你是谁你好你是谁你好你是谁你好你是谁你好你是谁你好你是谁你好你是谁你好你是谁你好你是谁你好你是谁你好你是谁你好你是谁你好你是谁你好你是谁你好你是谁你好你是谁你好你是谁你好你是谁你好你是谁你好你是谁你好你是谁你好你是谁你好你是谁你好你是谁你好你是谁你好你是谁你好你是谁你好你是谁你好你是谁你好你是谁你好你是谁你好你是谁你好你是谁你好你是谁你好你是谁你好你是谁你好你是谁你好你是谁你好你是谁你好你是谁你好你是谁你好你是谁你好你是谁你好你是谁你好你是谁你好你是谁你好你是谁你好你是谁你好你是谁你好你是谁你好你是谁你好你是谁你好你是谁你好你是谁你好你是谁你好你是谁你好你是谁你好你是谁你好你是谁你好你是谁你好你是谁你好你是谁你好你是谁你好你是谁你好你是谁你好你是谁你好你是谁你好你是谁你好你是谁你好你是谁你好你是谁你好你是谁你好你是谁你好你是谁你好你是谁你好你是谁你好你是谁你好你是谁你好你是谁你好你是谁你好你是谁你好你是谁你好你是谁你好你是谁你好你是谁你好你是谁你好你是谁你好你是谁你好你是谁你好你是谁你好你是谁你好你是谁你好你是谁你好你是谁你好你是谁你好你是谁你好你是谁你好你是谁你好你是谁你好你是谁你好你是谁你好你是谁你好你是谁你好你是谁你好你是谁你好你是谁你好你是谁你好你是谁你好你是谁你好你是谁你好你是谁你好你是谁你好你是谁你好你是谁你好你是谁你好你是谁你好你是谁你好你是谁你好你是谁你好你是谁你好你是谁你好你是谁你好你是谁你好你是谁你好你是谁你好你是谁你好你是谁你好你是谁你好你是谁你好你是谁你好你是谁你好你是谁你好你是谁你好你是谁你好你是谁你好你是谁你好你是谁你好你是谁你好你是谁你好你是谁你好你是谁你好你是谁你好你是谁你好你是谁你好你是谁你好你是谁你好你是谁你好你是谁你好你是谁你好你是谁你好你是谁你好你是谁你好你是谁你好你是谁你好你是谁你好你是谁你好你是谁你好你是谁你好你是谁你好你是谁你好你是谁你好你是谁你好你是谁你好你是谁你好你是谁你好你是谁你好你是谁你好你是谁你好你是谁你好你是谁你好你是谁你好你是谁你好你是谁你好你是谁你好你是谁你好你是谁你好你是谁你好你是谁你好你是谁你好你是谁你好你是谁你好你是谁你好你是谁你好你是谁你好你是谁你好你是谁你好你是谁你好你是谁你好你是谁你好你是谁你好你是谁你好你是谁你好你是谁你好你是谁你好你是谁你好你是谁你好你是谁你好你是谁你好你是谁你好你是谁你好你是谁你好你是谁你好你是谁你好你是谁你好你是谁你好你是谁你好你是谁你好你是谁你好你是谁你好你是谁你好你是谁你好你是谁你好你是谁你好你是谁你好你是谁你好你是谁你好你是谁你好你是谁你好你是谁你好你是谁你好你是谁你好你是谁你好你是谁你好你是谁你好你是谁你好你是谁你好你是谁你好你是谁你好你是谁你好你是谁你好你是谁你好你是谁你好你是谁你好你是谁你好你是谁你好你是谁你好你是谁你好你是谁你好你是谁你好你是谁你好你是谁你好你是谁你好你是谁你好你是谁你好你是谁你好你是谁你好你是谁你好你是谁你好你是谁你好你是谁你好你是谁你好你是谁你好你是谁你好你是谁你好你是谁你好你是谁你好你是谁你好你是谁你好你是谁你好你是谁你好你是谁你好你是谁你好你是谁你好你是谁你好你是谁你好你是谁你好你是谁你好你是谁你好你是谁你好你是谁你好你是谁你好你是谁你好你是谁你好你是谁你好你是谁你好你是谁你好你是谁你好你是谁你好你是谁你好你是谁你好你是谁你好你是谁你好你是谁你好你是谁你好你是谁你好你是谁你好你是谁你好你是谁你好你是谁你好你是谁你好你是谁你好你是谁你好你是谁你好你是谁你好你是谁你好你是谁你好你是谁你好你是谁你好你是谁你好你是谁你好你是谁你好你是谁你好你是谁你好你是谁你好你是谁你好你是谁你好你是谁你好你是谁你好你是谁你好你是谁你好你是谁你好你是谁你好你是谁你好你是谁你好你是谁你好你是谁你好你是谁你好你是谁你好你是谁你好你是谁你好你是谁你好你是谁你好你是谁你好你是谁你好你是谁你好你是谁你好你是谁你好你是谁你好你是谁你好你是谁你好你是谁你好你是谁你好你是谁你好你是谁你好你是谁你好你是谁你好你是谁你好你是谁你好你是谁你好你是谁你好你是谁你好你是谁你好你是谁你好你是谁你好你是谁你好你是谁你好你是谁你好你是谁你好你是谁你好你是谁你好你是谁你好你是谁你好你是谁你好你是谁你好你是谁你好你是谁你好你是谁你好你是谁你好你是谁你好你是谁你好你是谁你好你是谁你好你是谁你好你是谁你好你是谁你好你是谁你好你是谁你好你是谁你好你是谁你好你是谁你好你是谁你好你是谁你好你是谁你好你是谁你好你是谁你好你是谁你好你是谁你好你是谁你好你是谁你好你是谁你好你是谁你好你是谁你好你是谁你好你是谁你好你是谁你好你是谁你好你是谁你好你是谁你好你是谁你好你是谁你好你是谁你好你是谁你好你是谁你好你是谁你好你是谁你好你是谁你好你是谁你好你是谁你好你是谁你好你是谁你好你是谁你好你是谁你好你是谁你好你是谁你好你是谁你好你是谁你好你是谁你好你是谁你好你是谁你好你是谁你好你是谁你好你是谁你好你是谁你好你是谁你好你是谁你好你是谁你好你是谁你好你是谁你好你是谁你好你是谁你好你是谁你好你是谁你好你是谁你好你是谁你好你是谁你好你是谁你好你是谁你好你是谁你好你是谁你好你是谁你好你是谁你好你是谁你好你是谁你好你是谁你好你是谁你好你是谁你好你是谁你好你是谁你好你是谁你好你是谁你好你是谁你好你是谁你好你是谁你好你是谁你好你是谁你好你是谁你好你是谁你好你是谁你好你是谁你好你是谁你好你是谁你好你是谁你好你是谁你好你是谁你好你是谁你好你是谁你好你是谁你好你是谁你好你是谁你好你是谁你好你是谁你好你是谁你好你是谁你好你是谁你好你是谁你好你是谁你好你是谁你好你是谁你好你是谁你好你是谁你好你是谁你好你是谁你好你是谁你好你是谁你好你是谁你好你是谁你好你是谁你好你是谁你好你是谁你好你是谁你好你是谁你好你是谁你好你是谁你好你是谁你好你是谁你好你是谁你好你是谁你好你是谁你好你是谁你好你是谁你好你是谁你好你是谁你好你是谁你好你是谁你好你是谁你好你是谁你好你是谁你好你是谁你好你是谁你好你是谁你好你是谁你好你是谁你好你是谁你好你是谁你好你是谁你好你是谁你好你是谁你好你是谁你好你是谁你好你是谁你好你是谁你好你是谁你好你是谁你好你是谁你好你是谁你好你是谁你好你是谁你好你是谁你好你是谁你好你是谁你好你是谁你好你是谁你好你是谁你好你是谁你好你是谁你好你是谁你好你是谁你好你是谁你好你是谁你好你是谁你好你是谁你好你是谁你好你是谁你好你是谁你好你是谁你好你是谁你好你是谁你好你是谁你好你是谁你好你是谁你好你是谁你好你是谁你好你是谁你好你是谁你好你是谁你好你是谁你好你是谁你好你是谁你好你是谁你好你是谁你好你是谁你好你是谁你好你是谁你好你是谁你好你是谁你好你是谁你好你是谁你好你是谁你好你是谁你好你是谁你好你是谁你好你是谁你好你是谁你好你是谁你好你是谁你好你是谁你好你是谁你好你是谁你好你是谁你好你是谁你好你是谁你好你是谁你好你是谁你好你是谁你好你是谁你好你是谁你好你是谁你好你是谁你好你是谁你好你是谁你好你是谁你好你是谁你好你是谁你好你是谁你好你是谁你好你是谁你好你是谁你好你是谁你好你是谁你好你是谁你好你是谁你好你是谁你好你是谁你好你是谁你好你是谁你好你是谁你好你是谁你好你是谁你好你是谁你好你是谁你好你是谁你好你是谁你好你是谁你好你是谁你好你是谁你好你是谁你好你是谁你好你是谁你好你是谁你好你是谁你好你是谁你好你是谁你好你是谁你好你是谁你好你是谁你好你是谁你好你是谁你好你是谁你好你是谁你好你是谁你好你是谁你好你是谁你好你是谁你好你是谁你好你是谁你好你是谁你好你是谁你好你是谁你好你是谁你好你是谁你好你是谁你好你是谁你好你是谁你好你是谁你好你是谁你好你是谁你好你是谁你好你是谁你好你是谁你好你是谁你好你是谁你好你是谁你好你是谁你好你是谁你好你是谁你好你是谁你好你是谁你好你是谁你好你是谁你好你是谁你好你是谁你好你是谁你好你是谁你好你是谁你好你是谁你好你是谁你好你是谁你好你是谁你好你是谁你好你是谁你好你是谁你好你是谁你好你是谁你好你是谁你好你是谁你好你是谁你好你是谁你好你是谁你好你是谁你好你是谁你好你是谁你好你是谁你好你是谁你好你是谁你好你是谁你好你是谁你好你是谁你好你是谁你好你是谁你好你是谁你好你是谁你好你是谁你好你是谁你好你是谁你好你是谁你好你是谁你好你是谁你好你是谁你好你是谁你好你是谁你好你是谁你好你是谁你好你是谁你好你是谁你好你是谁你好你是谁你好你是谁你好你是谁你好你是谁你好你是谁你好你是谁你好你是谁你好你是谁你好你是谁你好你是谁你好你是谁你好你是谁你好你是谁你好你是谁你好你是谁你好你是谁你好你是谁你好你是谁你好你是谁你好你是谁你好你是谁你好你是谁你好你是谁你好你是谁你好你是谁你好你是谁你好你是谁你好你是谁你好你是谁你好你是谁你好你是谁你好你是谁你好你是谁你好你是谁你好你是谁你好你是谁你好你是谁你好你是谁你好你是谁你好你是谁你好你是谁你好你是谁你好你是谁你好你是谁你好你是谁你好你是谁你好你是谁你好你是谁你好你是谁你好你是谁你好你是谁你好你是谁你好你是谁你好你是谁你好你是谁你好你是谁你好你是谁你好你是谁你好你是谁你好你是谁你好你是谁你好你是谁你好你是谁你好你是谁你好你是谁你好你是谁你好你是谁你好你是谁你好你是谁你好你是谁你好你是谁你好你是谁你好你是谁你好你是谁你好你是谁你好你是谁你好你是谁你好你是谁你好你是谁你好你是谁你好你是谁你好你是谁你好你是谁你好你是谁你好你是谁你好你是谁你好你是谁你好你是谁你好你是谁你好你是谁你好你是谁你好你是谁你好你是谁你好你是谁你好你是谁你好你是谁你好你是谁你好你是谁你好你是谁你好你是谁你好你是谁你好你是谁你好你是谁你好你是谁你好你是谁你好你是谁你好你是谁你好你是谁你好你是谁你好你是谁你好你是谁你好你是谁你好你是谁你好你是谁你好你是谁你好你是谁你好你是谁你好你是谁你好你是谁你好你是谁你好你是谁你好你是谁你好你是谁你好你是谁你好你是谁你好你是谁你好你是谁你好你是谁你好你是谁你好你是谁你好你是谁你好你是谁你好你是谁你好你是谁你好你是谁你好你是谁你好你是谁你好你是谁你好你是谁你好你是谁你好你是谁你好你是谁你好你是谁你好你是谁你好你是谁你好你是谁你好你是谁你好你是谁你好你是谁你好你是谁你好你是谁你好你是谁你好你是谁你好你是谁你好你是谁你好你是谁你好你是谁你好你是谁你好你是谁你好你是谁你好你是谁你好你是谁你好你是谁你好你是谁你好你是谁你好你是谁你好你是谁你好你是谁你好你是谁你好你是谁你好你是谁你好你是谁你好你是谁你好你是谁你好你是谁你好你是谁你好你是谁你好你是谁你好你是谁你好你是谁你好你是谁你好你是谁你好你是谁你好你是谁你好你是谁你好你是谁你好你是谁你好你是谁你好你是谁你好你是谁你好你是谁你好你是谁你好你是谁你好你是谁你好你是谁你好你是谁你好你是谁你好你是谁你好你是谁你好你是谁你好你是谁你好你是谁你好你是谁你好你是谁你好你是谁你好你是谁你好你是谁你好你是谁你好你是谁你好你是谁你好你是谁你好你是谁你好你是谁你好你是谁你好你是谁你好你是谁你好你是谁你好你是谁你好你是谁你好你是谁你好你是谁你好你是谁你好你是谁你好你是谁你好你是谁你好你是谁你好你是谁你好你是谁你好你是谁你好你是谁你好你是谁你好你是谁你好你是谁你好你是谁你好你是谁你好你是谁你好你是谁你好你是谁你好你是谁你好你是谁你好你是谁你好你是谁你好你是谁你好你是谁你好你是谁你好你是谁你好你是谁你好你是谁你好你是谁你好你是谁你好你是谁你好你是谁你好你是谁你好你是谁你好你是谁你好你是谁你好你是谁你好你是谁你好你是谁你好你是谁你好你是谁你好你是谁你好你是谁你好你是谁你好你是谁你好你是谁你好你是谁你好你是谁你好你是谁你好你是谁你好你是谁你好你是谁你好你是谁你好你是谁你好你是谁你好你是谁你好你是谁你好你是谁你好你是谁你好你是谁你好你是谁你好你是谁你好你是谁你好你是谁你好你是谁你好你是谁你好你是谁你好你是谁你好你是谁你好你是谁你好你是谁你好你是谁你好你是谁你好你是谁你好你是谁你好你是谁你好你是谁你好你是谁你好你是谁你好你是谁你好你是谁你好你是谁你好你是谁你好你是谁你好你是谁你好你是谁你好你是谁你好你是谁你好你是谁你好你是谁你好你是谁你好你是谁你好你是谁你好你是谁你好你是谁你好你是谁你好你是谁你好你是谁你好你是谁你好你是谁你好你是谁你好你是谁你好你是谁你好你是谁你好你是谁你好你是谁你好你是谁你好你是谁你好你是谁你好你是谁你好你是谁你好你是谁你好你是谁你好你是谁你好你是谁你好你是谁你好你是谁你好你是谁你好你是谁你好你是谁你好你是谁你好你是谁你好你是谁你好你是谁你好你是谁你好你是谁你好你是谁你好你是谁你好你是谁你好你是谁你好你是谁你好你是谁你好你是谁你好你是谁你好你是谁你好你是谁你好你是谁你好你是谁你好你是谁你好你是谁你好你是谁你好你是谁你好你是谁你好你是谁你好你是谁你好你是谁你好你是谁你好你是谁你好你是谁你好你是谁你好你是谁你好你是谁你好你是谁你好你是谁你好你是谁你好你是谁你好你是谁你好你是谁你好你是谁你好你是谁你好你是谁你好你是谁你好你是谁你好你是谁你好你是谁你好你是谁你好你是谁你好你是谁你好你是谁你好你是谁你好你是谁你好你是谁你好你是谁你好你是谁你好你是谁你好你是谁你好你是谁你好你是谁你好你是谁你好你是谁你好你是谁你好你是谁你好你是谁你好你是谁你好你是谁你好你是谁你好你是谁你好你是谁你好你是谁你好你是谁你好你是谁你好你是谁你好你是谁你好你是谁你好你是谁你好你是谁你好你是谁你好你是谁你好你是谁你好你是谁你好你是谁你好你是谁你好你是谁你好你是谁你好你是谁你好你是谁你好你是谁你好你是谁你好你是谁你好你是谁你好你是谁你好你是谁你好你是谁你好你是谁你好你是谁你好你是谁你好你是谁你好你是谁你好你是谁你好你是谁你好你是谁你好你是谁你好你是谁你好你是谁你好你是谁你好你是谁你好你是谁你好你是谁你好你是谁你好你是谁你好你是谁你好你是谁你好你是谁你好你是谁你好你是谁你好你是谁你好你是谁你好你是谁你好你是谁你好你是谁你好你是谁你好你是谁你好你是谁你好你是谁你好你是谁你好你是谁你好你是谁你好你是谁你好你是谁你好你是谁你好你是谁你好你是谁你好你是谁你好你是谁你好你是谁你好你是谁你好你是谁你好你是谁你好你是谁你好你是谁你好你是谁你好你是谁你好你是谁你好你是谁你好你是谁你好你是谁你好你是谁你好你是谁你好你是谁你好你是谁你好你是谁你好你是谁你好你是谁你好你是谁你好你是谁你好你是谁你好你是谁你好你是谁你好你是谁你好你是谁你好你是谁你好你是谁你好你是谁你好你是谁你好你是谁你好你是谁你好你是谁你好你是谁你好你是谁你好你是谁你好你是谁你好你是谁你好你是谁你好你是谁你好你是谁你好你是谁你好你是谁你好你是谁你好你是谁你好你是谁你好你是谁你好你是谁你好你是谁你好你是谁你好你是谁你好你是谁你好你是谁你好你是谁你好你是谁你好你是谁你好你是谁你好你是谁你好你是谁你好你是谁你好你是谁你好你是谁你好你是谁你好你是谁你好你是谁你好你是谁你好你是谁你好你是谁你好你是谁你好你是谁你好你是谁你好你是谁你好你是谁你好你是谁你好你是谁你好你是谁你好你是谁你好你是谁你好你是谁你好你是谁你好你是谁你好你是谁你好你是谁你好你是谁你好你是谁你好你是谁你好你是谁你好你是谁你好你是谁你好你是谁你好你是谁你好你是谁你好你是谁你好你是谁你好你是谁你好你是谁你好你是谁你好你是谁你好你是谁你好你是谁你好你是谁你好你是谁你好你是谁你好你是谁你好你是谁你好你是谁你好你是谁你好你是谁你好你是谁你好你是谁你好你是谁你好你是谁你好你是谁你好你是谁你好你是谁你好你是谁你好你是谁你好你是谁你好你是谁你好你是谁你好你是谁你好你是谁你好你是谁你好你是谁你好你是谁你好你是谁你好你是谁你好你是谁你好你是谁你好你是谁你好你是谁你好你是谁你好你是谁你好你是谁你好你是谁你好你是谁你好你是谁你好你是谁你好你是谁你好你是谁你好你是谁你好你是谁你好你是谁你好你是谁你好你是谁你好你是谁你好你是谁你好你是谁你好你是谁你好你是谁你好你是谁你好你是谁你好你是谁你好你是谁你好你是谁你好你是谁你好你是谁你好你是谁你好你是谁你好你是谁你好你是谁你好你是谁你好你是谁你好你是谁你好你是谁你好你是谁你好你是谁你好你是谁你好你是谁你好你是谁你好你是谁你好你是谁你好你是谁你好你是谁你好你是谁你好你是谁你好你是谁你好你是谁你好你是谁你好你是谁你好你是谁你好你是谁你好你是谁你好你是谁你好你是谁你好你是谁你好你是谁你好你是谁你好你是谁你好你是谁你好你是谁你好你是谁你好你是谁你好你是谁你好你是谁你好你是谁你好你是谁你好你是谁你好你是谁你好你是谁你好你是谁你好你是谁你好你是谁你好你是谁你好你是谁你好你是谁你好你是谁你好你是谁你好你是谁你好你是谁你好你是谁你好你是谁你好你是谁你好你是谁你好你是谁你好你是谁你好你是谁你好你是谁你好你是谁你好你是谁你好你是谁你好你是谁你好你是谁你好你是谁你好你是谁你好你是谁你好你是谁你好你是谁你好你是谁你好你是谁你好你是谁你好你是谁你好你是谁你好你是谁你好你是谁你好你是谁你好你是谁你好你是谁你好你是谁你好你是谁你好你是谁你好你是谁你好你是谁你好你是谁你好你是谁你好你是谁你好你是谁你好你是谁你好你是谁你好你是谁你好你是谁你好你是谁你好你是谁你好你是谁你好你是谁你好你是谁你好你是谁你好你是谁你好你是谁你好你是谁你好你是谁你好你是谁你好你是谁你好你是谁你好你是谁你好你是谁你好你是谁你好你是谁你好你是谁你好你是谁你好你是谁你好你是谁你好你是谁你好你是谁你好你是谁你好你是谁你好你是谁你好你是谁你好你是谁你好你是谁你好你是谁你好你是谁你好你是谁你好你是谁你好你是谁你好你是谁你好你是谁你好你是谁你好你是谁你好你是谁你好你是谁你好你是谁你好你是谁你好你是谁你好你是谁你好你是谁你好你是谁你好你是谁你好你是谁你好你是谁你好你是谁你好你是谁你好你是谁你好你是谁你好你是谁你好你是谁你好你是谁你好你是谁你好你是谁你好你是谁你好你是谁你好你是谁你好你是谁你好你是谁你好你是谁你好你是谁你好你是谁你好你是谁你好你是谁你好你是谁你好你是谁你好你是谁你好你是谁你好你是谁你好你是谁你好你是谁你好你是谁你好你是谁你好你是谁你好你是谁你好你是谁你好你是谁你好你是谁你好你是谁你好你是谁你好你是谁你好你是谁你好你是谁你好你是谁你好你是谁你好你是谁你好你是谁你好你是谁你好你是谁你好你是谁你好你是谁你好你是谁你好你是谁你好你是谁你好你是谁你好你是谁你好你是谁你好你是谁你好你是谁你好你是谁你好你是谁你好你是谁你好你是谁你好你是谁你好你是谁你好你是谁你好你是谁你好你是谁你好你是谁你好你是谁你好你是谁你好你是谁你好你是谁你好你是谁你好你是谁你好你是谁你好你是谁你好你是谁你好你是谁你好你是谁你好你是谁你好你是谁你好你是谁你好你是谁你好你是谁你好你是谁你好你是谁你好你是谁你好你是谁你好你是谁你好你是谁你好你是谁你好你是谁你好你是谁你好你是谁你好你是谁你好你是谁你好你是谁你好你是谁你好你是谁你好你是谁你好你是谁你好你是谁你好你是谁你好你是谁你好你是谁你好你是谁你好你是谁你好你是谁你好你是谁你好你是谁你好你是谁你好你是谁你好你是谁你好你是谁你好你是谁你好你是谁你好你是谁你好你是谁你好你是谁你好你是谁你好你是谁你好你是谁你好你是谁你好你是谁你好你是谁你好你是谁你好你是谁你好你是谁你好你是谁你好你是谁你好你是谁你好你是谁你好你是谁你好你是谁你好你是谁你好你是谁你好你是谁你好你是谁你好你是谁你好你是谁你好你是谁你好你是谁你好你是谁你好你是谁你好你是谁你好你是谁你好你是谁你好你是谁你好你是谁你好你是谁你好你是谁你好你是谁你好你是谁你好你是谁你好你是谁你好你是谁你好你是谁你好你是谁你好你是谁你好你是谁你好你是谁你好你是谁你好你是谁你好你是谁你好你是谁你好你是谁你好你是谁你好你是谁你好你是谁你好你是谁你好你是谁你好你是谁你好你是谁你好你是谁你好你是谁你好你是谁你好你是谁你好你是谁你好你是谁你好你是谁你好你是谁你好你是谁你好你是谁你好你是谁你好你是谁你好你是谁你好你是谁你好你是谁你好你是谁你好你是谁你好你是谁你好你是谁你好你是谁你好你是谁你好你是谁你好你是谁你好你是谁你好你是谁你好你是谁你好你是谁你好你是谁你好你是谁你好你是谁你好你是谁你好你是谁你好你是谁你好你是谁你好你是谁你好你是谁你好你是谁你好你是谁你好你是谁你好你是谁你好你是谁你好你是谁你好你是谁你好你是谁你好你是谁你好你是谁你好你是谁你好你是谁你好你是谁你好你是谁你好你是谁你好你是谁你好你是谁你好你是谁你好你是谁你好你是谁你好你是谁你好你是谁你好你是谁你好你是谁你好你是谁你好你是谁你好你是谁你好你是谁你好你是谁你好你是谁你好你是谁你好你是谁你好你是谁你好你是谁你好你是谁你好你是谁你好你是谁你好你是谁你好你是谁你好你是谁你好你是谁你好你是谁你好你是谁你好你是谁你好你是谁你好你是谁你好你是谁你好你是谁你好你是谁你好你是谁你好你是谁你好你是谁你好你是谁你好你是谁你好你是谁你好你是谁你好你是谁你好你是谁你好你是谁你好你是谁你好你是谁你好你是谁你好你是谁你好你是谁你好你是谁你好你是谁你好你是谁你好你是谁你好你是谁你好你是谁你好你是谁你好你是谁你好你是谁你好你是谁你好你是谁你好你是谁你好你是谁你好你是谁你好你是谁你好你是谁你好你是谁你好你是谁你好你是谁你好你是谁你好你是谁你好你是谁你好你是谁你好你是谁你好你是谁你好你是谁你好你是谁你好你是谁你好你是谁你好你是谁你好你是谁你好你是谁你好你是谁你好你是谁你好你是谁你好你是谁你好你是谁你好你是谁你好你是谁你好你是谁你好你是谁你好你是谁你好你是谁你好你是谁你好你是谁你好你是谁你好你是谁你好你是谁你好你是谁你好你是谁你好你是谁你好你是谁你好你是谁你好你是谁你好你是谁你好你是谁你好你是谁你好你是谁你好你是谁你好你是谁你好你是谁你好你是谁你好你是谁你好你是谁你好你是谁你好你是谁你好你是谁你好你是谁你好你是谁你好你是谁你好你是谁你好你是谁你好你是谁你好你是谁你好你是谁你好你是谁你好你是谁你好你是谁你好你是谁你好你是谁你好你是谁你好你是谁你好你是谁你好你是谁你好你是谁你好你是谁你好你是谁你好你是谁你好你是谁你好你是谁你好你是谁你好你是谁你好你是谁你好你是谁你好你是谁你好你是谁你好你是谁你好你是谁你好你是谁你好你是谁你好你是谁你好你是谁你好你是谁你好你是谁你好你是谁你好你是谁你好你是谁你好你是谁你好你是谁你好你是谁你好你是谁你好你是谁你好你是谁你好你是谁你好你是谁你好你是谁你好你是谁你好你是谁你好你是谁你好你是谁你好你是谁你好你是谁你好你是谁你好你是谁你好你是谁你好你是谁你好你是谁你好你是谁你好你是谁你好你是谁你好你是谁你好你是谁你好你是谁你好你是谁你好你是谁你好你是谁你好你是谁你好你是谁你好你是谁你好你是谁你好你是谁你好你是谁你好你是谁你好你是谁你好你是谁你好你是谁你好你是谁你好你是谁你好你是谁你好你是谁你好你是谁你好你是谁你好你是谁你好你是谁你好你是谁你好你是谁你好你是谁你好你是谁你好你是谁你好你是谁你好你是谁你好你是谁你好你是谁你好你是谁你好你是谁你好你是谁你好你是谁你好你是谁你好你是谁你好你是谁你好你是谁你好你是谁你好你是谁你好你是谁你好你是谁你好你是谁你好你是谁你好你是谁你好你是谁你好你是谁你好你是谁你好你是谁你好你是谁你好你是谁你好你是谁你好你是谁你好你是谁你好你是谁你好你是谁你好你是谁你好你是谁你好你是谁你好你是谁你好你是谁你好你是谁你好你是谁你好你是谁你好你是谁你好你是谁你好你是谁你好你是谁你好你是谁你好你是谁你好你是谁你好你是谁你好你是谁你好你是谁你好你是谁你好你是谁你好你是谁你好你是谁你好你是谁你好你是谁你好你是谁你好你是谁你好你是谁你好你是谁你好你是谁你好你是谁你好你是谁你好你是谁你好你是谁你好你是谁你好你是谁你好你是谁你好你是谁你好你是谁你好你是谁你好你是谁你好你是谁你好你是谁你好你是谁你好你是谁你好你是谁你好你是谁你好你是谁你好你是谁你好你是谁你好你是谁你好你是谁你好你是谁你好你是谁你好你是谁你好你是谁你好你是谁你好你是谁你好你是谁你好你是谁你好你是谁你好你是谁你好你是谁你好你是谁你好你是谁你好你是谁你好你是谁你好你是谁你好你是谁你好你是谁你好你是谁你好你是谁你好你是谁你好你是谁你好你是谁你好你是谁你好你是谁你好你是谁你好你是谁你好你是谁你好你是谁你好你是谁你好你是谁你好你是谁你好你是谁你好你是谁你好你是谁你好你是谁你好你是谁你好你是谁你好你是谁你好你是谁你好你是谁你好你是谁你好你是谁你好你是谁你好你是谁你好你是谁你好你是谁你好你是谁你好你是谁你好你是谁你好你是谁你好你是谁你好你是谁你好你是谁你好你是谁你好你是谁你好你是谁你好你是谁你好你是谁你好你是谁你好你是谁你好你是谁你好你是谁你好你是谁你好你是谁你好你是谁你好你是谁你好你是谁你好你是谁你好你是谁你好你是谁你好你是谁你好你是谁你好你是谁你好你是谁你好你是谁你好你是谁你好你是谁你好你是谁你好你是谁你好你是谁你好你是谁你好你是谁你好你是谁你好你是谁你好你是谁你好你是谁你好你是谁你好你是谁你好你是谁你好你是谁你好你是谁你好你是谁你好你是谁你好你是谁你好你是谁你好你是谁你好你是谁你好你是谁你好你是谁你好你是谁你好你是谁你好你是谁你好你是谁你好你是谁你好你是谁你好你是谁你好你是谁你好你是谁你好你是谁你好你是谁你好你是谁你好你是谁你好你是谁你好你是谁你好你是谁你好你是谁你好你是谁你好你是谁你好你是谁你好你是谁你好你是谁你好你是谁你好你是谁你好你是谁你好你是谁你好你是谁你好你是谁你好你是谁你好你是谁你好你是谁你好你是谁你好你是谁你好你是谁你好你是谁你好你是谁你好你是谁你好你是谁你好你是谁你好你是谁你好你是谁你好你是谁你好你是谁你好你是谁你好你是谁你好你是谁你好你是谁你好你是谁你好你是谁你好你是谁你好你是谁你好你是谁你好你是谁你好你是谁你好你是谁你好你是谁你好你是谁你好你是谁你好你是谁你好你是谁你好你是谁你好你是谁你好你是谁你好你是谁你好你是谁你好你是谁你好你是谁你好你是谁你好你是谁你好你是谁你好你是谁你好你是谁你好你是谁你好你是谁你好你是谁你好你是谁你好你是谁你好你是谁你好你是谁你好你是谁你好你是谁你好你是谁你好你是谁你好你是谁你好你是谁你好你是谁你好你是谁你好你是谁你好你是谁你好你是谁你好你是谁你好你是谁你好你是谁你好你是谁你好你是谁你好你是谁你好你是谁你好你是谁你好你是谁你好你是谁你好你是谁你好你是谁你好你是谁你好你是谁你好你是谁你好你是谁你好你是谁你好你是谁你好你是谁你好你是谁你好你是谁你好你是谁你好你是谁你好你是谁你好你是谁你好你是谁你好你是谁你好你是谁你好你是谁你好你是谁你好你是谁你好你是谁你好你是谁你好你是谁你好你是谁你好你是谁你好你是谁你好你是谁你好你是谁你好你是谁你好你是谁你好你是谁你好你是谁你好你是谁你好你是谁你好你是谁你好你是谁你好你是谁你好你是谁你好你是谁你好你是谁你好你是谁你好你是谁你好你是谁你好你是谁你好你是谁你好你是谁你好你是谁你好你是谁你好你是谁你好你是谁你好你是谁你好你是谁你好你是谁你好你是谁你好你是谁你好你是谁你好你是谁你好你是谁你好你是谁你好你是谁你好你是谁你好你是谁你好你是谁你好你是谁你好你是谁你好你是谁你好你是谁你好你是谁你好你是谁你好你是谁你好你是谁你好你是谁你好你是谁你好你是谁你好你是谁你好你是谁你好你是谁你好你是谁你好你是谁你好你是谁你好你是谁你好你是谁你好你是谁你好你是谁你好你是谁你好你是谁你好你是谁你好你是谁你好你是谁你好你是谁你好你是谁你好你是谁你好你是谁你好你是谁你好你是谁你好你是谁你好你是谁你好你是谁你好你是谁你好你是谁你好你是谁你好你是谁你好你是谁你好你是谁你好你是谁你好你是谁你好你是谁你好你是谁你好你是谁你好你是谁你好你是谁你好你是谁你好你是谁你好你是谁你好你是谁你好你是谁你好你是谁你好你是谁你好你是谁你好你是谁你好你是谁你好你是谁你好你是谁你好你是谁你好你是谁你好你是谁你好你是谁你好你是谁你好你是谁你好你是谁你好你是谁你好你是谁你好你是谁你好你是谁你好你是谁你好你是谁你好你是谁你好你是谁你好你是谁你好你是谁你好你是谁你好你是谁你好你是谁你好你是谁你好你是谁你好你是谁你好你是谁你好你是谁你好你是谁你好你是谁你好你是谁你好你是谁你好你是谁你好你是谁你好你是谁你好你是谁你好你是谁你好你是谁你好你是谁你好你是谁你好你是谁你好你是谁你好你是谁你好你是谁你好你是谁你好你是谁你好你是谁你好你是谁你好你是谁你好你是谁你好你是谁你好你是谁你好你是谁你好你是谁你好你是谁你好你是谁你好你是谁你好你是谁你好你是谁你好你是谁你好你是谁你好你是谁你好你是谁你好你是谁你好你是谁你好你是谁你好你是谁你好你是谁你好你是谁你好你是谁你好你是谁你好你是谁你好你是谁你好你是谁你好你是谁你好你是谁你好你是谁你好你是谁你好你是谁你好你是谁你好你是谁你好你是谁你好你是谁你好你是谁你好你是谁你好你是谁你好你是谁你好你是谁你好你是谁你好你是谁你好你是谁你好你是谁你好你是谁你好你是谁你好你是谁你好你是谁你好你是谁你好你是谁你好你是谁你好你是谁你好你是谁你好你是谁你好你是谁你好你是谁你好你是谁你好你是谁你好你是谁你好你是谁你好你是谁你好你是谁你好你是谁你好你是谁你好你是谁你好你是谁你好你是谁你好你是谁你好你是谁你好你是谁你好你是谁你好你是谁你好你是谁你好你是谁你好你是谁你好你是谁你好你是谁你好你是谁你好你是谁你好你是谁你好你是谁你好你是谁你好你是谁你好你是谁你好你是谁你好你是谁你好你是谁你好你是谁你好你是谁你好你是谁你好你是谁你好你是谁你好你是谁你好你是谁你好你是谁你好你是谁你好你是谁你好你是谁你好你是谁你好你是谁你好你是谁你好你是谁你好你是谁你好你是谁你好你是谁你好你是谁你好你是谁你好你是谁你好你是谁你好你是谁你好你是谁你好你是谁你好你是谁你好你是谁你好你是谁你好你是谁你好你是谁你好你是谁你好你是谁你好你是谁你好你是谁你好你是谁你好你是谁你好你是谁你好你是谁你好你是谁你好你是谁你好你是谁你好你是谁你好你是谁你好你是谁你好你是谁你好你是谁你好你是谁你好你是谁你好你是谁你好你是谁你好你是谁你好你是谁你好你是谁你好你是谁你好你是谁你好你是谁你好你是谁你好你是谁你好你是谁你好你是谁你好你是谁你好你是谁你好你是谁你好你是谁你好你是谁你好你是谁你好你是谁你好你是谁你好你是谁你好你是谁你好你是谁你好你是谁你好你是谁你好你是谁你好你是谁你好你是谁你好你是谁你好你是谁你好你是谁你好你是谁你好你是谁你好你是谁你好你是谁你好你是谁你好你是谁你好你是谁你好你是谁你好你是谁你好你是谁你好你是谁你好你是谁你好你是谁你好你是谁你好你是谁你好你是谁你好你是谁你好你是谁你好你是谁你好你是谁你好你是谁你好你是谁你好你是谁你好你是谁你好你是谁你好你是谁你好你是谁你好你是谁你好你是谁你好你是谁你好你是谁你好你是谁你好你是谁你好你是谁你好你是谁你好你是谁你好你是谁你好你是谁你好你是谁你好你是谁你好你是谁你好你是谁你好你是谁你好你是谁你好你是谁你好你是谁你好你是谁你好你是谁你好你是谁你好你是谁你好你是谁你好你是谁你好你是谁你好你是谁你好你是谁你好你是谁你好你是谁你好你是谁你好你是谁你好你是谁你好你是谁你好你是谁你好你是谁你好你是谁你好你是谁你好你是谁你好你是谁你好你是谁你好你是谁你好你是谁你好你是谁你好你是谁你好你是谁你好你是谁你好你是谁你好你是谁你好你是谁你好你是谁你好你是谁你好你是谁你好你是谁你好你是谁你好你是谁你好你是谁你好你是谁你好你是谁你好你是谁你好你是谁你好你是谁你好你是谁你好你是谁你好你是谁你好你是谁你好你是谁你好你是谁你好你是谁你好你是谁你好你是谁你好你是谁你好你是谁你好你是谁你好你是谁你好你是谁你好你是谁你好你是谁你好你是谁你好你是谁你好你是谁你好你是谁你好你是谁你好你是谁你好你是谁你好你是谁你好你是谁你好你是谁你好你是谁你好你是谁你好你是谁你好你是谁你好你是谁你好你是谁你好你是谁你好你是谁你好你是谁你好你是谁你好你是谁你好你是谁你好你是谁你好你是谁你好你是谁你好你是谁你好你是谁你好你是谁你好你是谁你好你是谁你好你是谁你好你是谁你好你是谁你好你是谁你好你是谁你好你是谁你好你是谁你好你是谁你好你是谁你好你是谁你好你是谁你好你是谁你好你是谁你好你是谁你好你是谁你好你是谁你好你是谁你好你是谁你好你是谁你好你是谁你好你是谁你好你是谁你好你是谁你好你是谁你好你是谁你好你是谁你好你是谁你好你是谁你好你是谁你好你是谁你好你是谁你好你是谁你好你是谁你好你是谁你好你是谁你好你是谁你好你是谁你好你是谁你好你是谁你好你是谁你好你是谁你好你是谁你好你是谁你好你是谁你好你是谁你好你是谁你好你是谁你好你是谁你好你是谁你好你是谁你好你是谁你好你是谁你好你是谁你好你是谁你好你是谁你好你是谁你好你是谁你好你是谁你好你是谁你好你是谁你好你是谁你好你是谁你好你是谁你好你是谁你好你是谁你好你是谁你好你是谁你好你是谁你好你是谁你好你是谁你好你是谁你好你是谁你好你是谁你好你是谁你好你是谁你好你是谁你好你是谁你好你是谁你好你是谁你好你是谁你好你是谁你好你是谁你好你是谁你好你是谁你好你是谁你好你是谁你好你是谁你好你是谁你好你是谁你好你是谁你好你是谁你好你是谁你好你是谁你好你是谁你好你是谁你好你是谁你好你是谁你好你是谁你好你是谁你好你是谁你好你是谁你好你是谁你好你是谁你好你是谁你好你是谁你好你是谁你好你是谁你好你是谁你好你是谁你好你是谁你好你是谁你好你是谁你好你是谁你好你是谁你好你是谁你好你是谁你好你是谁你好你是谁你好你是谁你好你是谁你好你是谁你好你是谁你好你是谁你好你是谁你好你是谁你好你是谁你好你是谁你好你是谁你好你是谁你好你是谁你好你是谁你好你是谁你好你是谁你好你是谁你好你是谁你好你是谁你好你是谁你好你是谁你好你是谁你好你是谁你好你是谁你好你是谁你好你是谁你好你是谁你好你是谁你好你是谁你好你是谁你好你是谁你好你是谁你好你是谁你好你是谁你好你是谁你好你是谁你好你是谁你好你是谁你好你是谁你好你是谁你好你是谁你好你是谁你好你是谁你好你是谁你好你是谁你好你是谁你好你是谁你好你是谁你好你是谁你好你是谁你好你是谁你好你是谁你好你是谁你好你是谁你好你是谁你好你是谁你好你是谁你好你是谁你好你是谁你好你是谁你好你是谁你好你是谁你好你是谁你好你是谁你好你是谁你好你是谁你好你是谁你好你是谁你好你是谁你好你是谁你好你是谁你好你是谁你好你是谁你好你是谁你好你是谁你好你是谁你好你是谁你好你是谁你好你是谁你好你是谁你好你是谁你好你是谁你好你是谁你好你是谁你好你是谁你好你是谁你好你是谁你好你是谁你好你是谁你好你是谁你好你是谁你好你是谁你好你是谁你好你是谁你好你是谁你好你是谁你好你是谁你好你是谁你好你是谁你好你是谁你好你是谁你好你是谁你好你是谁你好你是谁你好你是谁你好你是谁你好你是谁你好你是谁你好你是谁你好你是谁你好你是谁你好你是谁你好你是谁你好你是谁你好你是谁你好你是谁你好你是谁你好你是谁你好你是谁你好你是谁你好你是谁你好你是谁你好你是谁你好你是谁你好你是谁你好你是谁你好你是谁你好你是谁你好你是谁你好你是谁你好你是谁你好你是谁</p>','8','1471519819','0') [ RunTime:0.2744s ]

[ 2016-08-18T19:37:15+08:00 ] ::1 /qihang/Thinkblog/index.php/Admin/Index/write_handle
INFO: [ app_begin ] --START--
INFO: Run Behavior\ReadHtmlCacheBehavior [ RunTime:0.000458s ]
INFO: [ app_begin ] --END-- [ RunTime:0.000785s ]
SQL: SHOW COLUMNS FROM `think_admin` [ RunTime:0.0071s ]
SQL: SELECT * FROM `think_admin` WHERE `user` = 'user5' LIMIT 1   [ RunTime:0.0007s ]
SQL: SHOW COLUMNS FROM `think_article` [ RunTime:0.0067s ]
SQL: INSERT INTO `think_article` (`type`,`title`,`content`,`admin_id`,`time`,`count`) VALUES ('web前端','HTML+CSSS+JS','<p>合适的开发和空间按时圣诞节后付款就收到货款纠纷和上的空间划分空间都十分看好的思考和卡的很深刻疯狂的河南科技</p>','8','1471520235','0') [ RunTime:0.0464s ]

[ 2016-08-18T19:43:06+08:00 ] ::1 /qihang/Thinkblog/index.php/Admin/Login/checklogin
INFO: [ app_begin ] --START--
INFO: Run Behavior\ReadHtmlCacheBehavior [ RunTime:0.000427s ]
INFO: [ app_begin ] --END-- [ RunTime:0.000699s ]
SQL: SHOW COLUMNS FROM `think_admin` [ RunTime:0.0073s ]
SQL: SELECT * FROM `think_admin` WHERE `user` = 'wangqihang' LIMIT 1   [ RunTime:0.0008s ]
SQL: SELECT * FROM `think_admin` WHERE `password` = 'e10adc3949ba59abbe56e057f20f883e' LIMIT 1   [ RunTime:0.0006s ]
INFO: [ app_end ] --START--
INFO: Run Behavior\ShowPageTraceBehavior [ RunTime:0.001372s ]
INFO: [ app_end ] --END-- [ RunTime:0.001456s ]

[ 2016-08-18T19:45:59+08:00 ] ::1 /qihang/Thinkblog/index.php/Admin/Login/checklogin
INFO: [ app_begin ] --START--
INFO: Run Behavior\ReadHtmlCacheBehavior [ RunTime:0.000356s ]
INFO: [ app_begin ] --END-- [ RunTime:0.000624s ]
SQL: SHOW COLUMNS FROM `think_admin` [ RunTime:0.0073s ]
SQL: SELECT * FROM `think_admin` WHERE `user` = 'user' LIMIT 1   [ RunTime:0.0008s ]
SQL: SELECT * FROM `think_admin` WHERE `password` = 'e10adc3949ba59abbe56e057f20f883e' LIMIT 1   [ RunTime:0.0006s ]
INFO: [ app_end ] --START--
INFO: Run Behavior\ShowPageTraceBehavior [ RunTime:0.002059s ]
INFO: [ app_end ] --END-- [ RunTime:0.002144s ]

[ 2016-08-18T19:53:53+08:00 ] ::1 /qihang/Thinkblog/index.php/Admin/Login/checklogin
INFO: [ app_begin ] --START--
INFO: Run Behavior\ReadHtmlCacheBehavior [ RunTime:0.000344s ]
INFO: [ app_begin ] --END-- [ RunTime:0.000537s ]
SQL: SHOW COLUMNS FROM `think_admin` [ RunTime:0.0076s ]
SQL: SELECT * FROM `think_admin` WHERE `user` = 'user2' LIMIT 1   [ RunTime:0.0008s ]
SQL: SELECT * FROM `think_admin` WHERE `password` = 'e10adc3949ba59abbe56e057f20f883e' LIMIT 1   [ RunTime:0.0006s ]
INFO: [ app_end ] --START--
INFO: Run Behavior\ShowPageTraceBehavior [ RunTime:0.001404s ]
INFO: [ app_end ] --END-- [ RunTime:0.001485s ]

[ 2016-08-18T20:18:47+08:00 ] ::1 /qihang/Thinkblog/index.php/Admin/Login/checklogin
INFO: [ app_begin ] --START--
INFO: Run Behavior\ReadHtmlCacheBehavior [ RunTime:0.000441s ]
INFO: [ app_begin ] --END-- [ RunTime:0.000710s ]

[ 2016-08-18T20:18:58+08:00 ] ::1 /qihang/Thinkblog/index.php/Admin/Login/checklogin
INFO: [ app_begin ] --START--
INFO: Run Behavior\ReadHtmlCacheBehavior [ RunTime:0.000436s ]
INFO: [ app_begin ] --END-- [ RunTime:0.000711s ]
SQL: SHOW COLUMNS FROM `think_admin` [ RunTime:0.0071s ]
SQL: SELECT * FROM `think_admin` WHERE `user` = 'kfkldsj' LIMIT 1   [ RunTime:0.0007s ]

[ 2016-08-18T20:23:54+08:00 ] ::1 /qihang/Thinkblog/index.php/Admin/Login/checklogin
INFO: [ app_begin ] --START--
INFO: Run Behavior\ReadHtmlCacheBehavior [ RunTime:0.000472s ]
INFO: [ app_begin ] --END-- [ RunTime:0.000755s ]

[ 2016-08-18T20:23:57+08:00 ] ::1 /qihang/Thinkblog/index.php/Admin/Login/checklogin
INFO: [ app_begin ] --START--
INFO: Run Behavior\ReadHtmlCacheBehavior [ RunTime:0.000436s ]
INFO: [ app_begin ] --END-- [ RunTime:0.000706s ]

[ 2016-08-18T20:25:08+08:00 ] ::1 /qihang/Thinkblog/index.php/Admin/Login/checklogin
INFO: [ app_begin ] --START--
INFO: Run Behavior\ReadHtmlCacheBehavior [ RunTime:0.000456s ]
INFO: [ app_begin ] --END-- [ RunTime:0.000732s ]
SQL: SHOW COLUMNS FROM `think_admin` [ RunTime:0.0069s ]
SQL: SELECT * FROM `think_admin` WHERE `user` = 'user3' LIMIT 1   [ RunTime:0.0008s ]
SQL: SELECT * FROM `think_admin` WHERE `password` = 'e10adc3949ba59abbe56e057f20f883e' LIMIT 1   [ RunTime:0.0006s ]
INFO: [ app_end ] --START--
INFO: Run Behavior\ShowPageTraceBehavior [ RunTime:0.001677s ]
INFO: [ app_end ] --END-- [ RunTime:0.001757s ]

[ 2016-08-18T20:28:14+08:00 ] ::1 /qihang/Thinkblog/index.php/Admin/Login/checklogin
INFO: [ app_begin ] --START--
INFO: Run Behavior\ReadHtmlCacheBehavior [ RunTime:0.000422s ]
INFO: [ app_begin ] --END-- [ RunTime:0.000663s ]
SQL: SHOW COLUMNS FROM `think_admin` [ RunTime:0.0074s ]
SQL: SELECT * FROM `think_admin` WHERE `user` = 'user4' LIMIT 1   [ RunTime:0.0008s ]
SQL: SELECT * FROM `think_admin` WHERE `password` = 'b997c9e6d6e5d702e5c62b55c9c297f5' LIMIT 1   [ RunTime:0.0006s ]

[ 2016-08-18T20:28:47+08:00 ] ::1 /qihang/Thinkblog/index.php/Admin/Login/checklogin
INFO: [ app_begin ] --START--
INFO: Run Behavior\ReadHtmlCacheBehavior [ RunTime:0.000738s ]
INFO: [ app_begin ] --END-- [ RunTime:0.001136s ]

[ 2016-08-18T20:28:49+08:00 ] ::1 /qihang/Thinkblog/index.php/Admin/Login/checklogin
INFO: [ app_begin ] --START--
INFO: Run Behavior\ReadHtmlCacheBehavior [ RunTime:0.000430s ]
INFO: [ app_begin ] --END-- [ RunTime:0.000669s ]

[ 2016-08-18T20:28:58+08:00 ] ::1 /qihang/Thinkblog/index.php/Admin/Login/checklogin
INFO: [ app_begin ] --START--
INFO: Run Behavior\ReadHtmlCacheBehavior [ RunTime:0.000434s ]
INFO: [ app_begin ] --END-- [ RunTime:0.000675s ]
SQL: SHOW COLUMNS FROM `think_admin` [ RunTime:0.0072s ]
SQL: SELECT * FROM `think_admin` WHERE `user` = 'user4' LIMIT 1   [ RunTime:0.0008s ]
SQL: SELECT * FROM `think_admin` WHERE `password` = 'e10adc3949ba59abbe56e057f20f883e' LIMIT 1   [ RunTime:0.0006s ]
INFO: [ app_end ] --START--
INFO: Run Behavior\ShowPageTraceBehavior [ RunTime:0.001258s ]
INFO: [ app_end ] --END-- [ RunTime:0.001340s ]

[ 2016-08-18T20:33:27+08:00 ] ::1 /qihang/Thinkblog/index.php/Admin/Login/checklogin
INFO: [ app_begin ] --START--
INFO: Run Behavior\ReadHtmlCacheBehavior [ RunTime:0.000768s ]
INFO: [ app_begin ] --END-- [ RunTime:0.001062s ]
SQL: SHOW COLUMNS FROM `think_admin` [ RunTime:0.0062s ]
SQL: SELECT * FROM `think_admin` WHERE `user` = 'user5' LIMIT 1   [ RunTime:0.0009s ]
SQL: SELECT * FROM `think_admin` WHERE `password` = 'e10adc3949ba59abbe56e057f20f883e' LIMIT 1   [ RunTime:0.0005s ]
INFO: [ app_end ] --START--
INFO: Run Behavior\ShowPageTraceBehavior [ RunTime:0.001508s ]
INFO: [ app_end ] --END-- [ RunTime:0.001587s ]

[ 2016-08-18T20:35:29+08:00 ] ::1 /qihang/Thinkblog/index.php/Admin/Login/checklogin
INFO: [ app_begin ] --START--
INFO: Run Behavior\ReadHtmlCacheBehavior [ RunTime:0.000505s ]
INFO: [ app_begin ] --END-- [ RunTime:0.000879s ]
SQL: SHOW COLUMNS FROM `think_admin` [ RunTime:0.0076s ]
SQL: SELECT * FROM `think_admin` WHERE `user` = 'user5' LIMIT 1   [ RunTime:0.0009s ]
SQL: SELECT * FROM `think_admin` WHERE `password` = 'e10adc3949ba59abbe56e057f20f883e' LIMIT 1   [ RunTime:0.0007s ]
INFO: [ app_end ] --START--
INFO: Run Behavior\ShowPageTraceBehavior [ RunTime:0.001389s ]
INFO: [ app_end ] --END-- [ RunTime:0.001471s ]

[ 2016-08-18T20:46:14+08:00 ] ::1 /qihang/Thinkblog/index.php/Admin/Index/write_handle
INFO: [ app_begin ] --START--
INFO: Run Behavior\ReadHtmlCacheBehavior [ RunTime:0.000403s ]
INFO: [ app_begin ] --END-- [ RunTime:0.000717s ]
SQL: SHOW COLUMNS FROM `think_admin` [ RunTime:0.0074s ]
SQL: SELECT * FROM `think_admin` WHERE `user` = 'user5' LIMIT 1   [ RunTime:0.0007s ]
SQL: SHOW COLUMNS FROM `think_article` [ RunTime:0.0070s ]
SQL: INSERT INTO `think_article` (`type`,`title`,`content`,`admin_id`,`time`,`count`) VALUES ('php','123456','<p>电话是否开机的还是东方航空件独守空房开始到合肥科技</p>','8','1471524374','0') [ RunTime:0.0922s ]

[ 2016-08-18T20:47:39+08:00 ] ::1 /qihang/Thinkblog/index.php/Admin/Index/del/articleid/66
ERR: Call to undefined function Admin\Controller\mysql_query()

[ 2016-08-18T20:55:20+08:00 ] ::1 /qihang/Thinkblog/index.php/Admin/Login/checklogin
INFO: [ app_begin ] --START--
INFO: Run Behavior\ReadHtmlCacheBehavior [ RunTime:0.000327s ]
INFO: [ app_begin ] --END-- [ RunTime:0.000614s ]
SQL: SHOW COLUMNS FROM `think_admin` [ RunTime:0.0070s ]
SQL: SELECT * FROM `think_admin` WHERE `user` = 'user5' LIMIT 1   [ RunTime:0.0009s ]
SQL: SELECT * FROM `think_admin` WHERE `password` = 'e10adc3949ba59abbe56e057f20f883e' LIMIT 1   [ RunTime:0.0006s ]
INFO: [ app_end ] --START--
INFO: Run Behavior\ShowPageTraceBehavior [ RunTime:0.001463s ]
INFO: [ app_end ] --END-- [ RunTime:0.001547s ]

[ 2016-08-18T20:57:08+08:00 ] ::1 /qihang/Thinkblog/index.php/Admin/Login/checklogin
INFO: [ app_begin ] --START--
INFO: Run Behavior\ReadHtmlCacheBehavior [ RunTime:0.000444s ]
INFO: [ app_begin ] --END-- [ RunTime:0.000683s ]
SQL: SHOW COLUMNS FROM `think_admin` [ RunTime:0.0079s ]
SQL: SELECT * FROM `think_admin` WHERE `user` = 'user5' LIMIT 1   [ RunTime:0.0009s ]
SQL: SELECT * FROM `think_admin` WHERE `password` = 'e10adc3949ba59abbe56e057f20f883e' LIMIT 1   [ RunTime:0.0006s ]
INFO: [ app_end ] --START--
INFO: Run Behavior\ShowPageTraceBehavior [ RunTime:0.001516s ]
INFO: [ app_end ] --END-- [ RunTime:0.001596s ]

[ 2016-08-18T20:57:51+08:00 ] ::1 /qihang/Thinkblog/index.php/Admin/Index/write_handle
INFO: [ app_begin ] --START--
INFO: Run Behavior\ReadHtmlCacheBehavior [ RunTime:0.000529s ]
INFO: [ app_begin ] --END-- [ RunTime:0.000821s ]
SQL: SHOW COLUMNS FROM `think_admin` [ RunTime:0.0068s ]
SQL: SELECT * FROM `think_admin` WHERE `user` = 'user5' LIMIT 1   [ RunTime:0.0008s ]
SQL: SHOW COLUMNS FROM `think_article` [ RunTime:0.0068s ]
SQL: INSERT INTO `think_article` (`type`,`title`,`content`,`admin_id`,`time`,`count`) VALUES ('php','123456','<p>123456</p>','8','1471525071','0') [ RunTime:0.0552s ]

[ 2016-08-18T20:58:56+08:00 ] ::1 /qihang/Thinkblog/index.php/Admin/Login/checklogin
INFO: [ app_begin ] --START--
INFO: Run Behavior\ReadHtmlCacheBehavior [ RunTime:0.000320s ]
INFO: [ app_begin ] --END-- [ RunTime:0.000567s ]

[ 2016-08-18T20:59:07+08:00 ] ::1 /qihang/Thinkblog/index.php/Admin/Login/checklogin
INFO: [ app_begin ] --START--
INFO: Run Behavior\ReadHtmlCacheBehavior [ RunTime:0.000317s ]
INFO: [ app_begin ] --END-- [ RunTime:0.000557s ]
SQL: SHOW COLUMNS FROM `think_admin` [ RunTime:0.0075s ]
SQL: SELECT * FROM `think_admin` WHERE `user` = 'user5' LIMIT 1   [ RunTime:0.0008s ]
SQL: SELECT * FROM `think_admin` WHERE `password` = 'e10adc3949ba59abbe56e057f20f883e' LIMIT 1   [ RunTime:0.0006s ]
INFO: [ app_end ] --START--
INFO: Run Behavior\ShowPageTraceBehavior [ RunTime:0.001246s ]
INFO: [ app_end ] --END-- [ RunTime:0.001325s ]

[ 2016-08-18T21:21:53+08:00 ] ::1 /qihang/Thinkblog/index.php/Admin/Index/write_handle
INFO: [ app_begin ] --START--
INFO: Run Behavior\ReadHtmlCacheBehavior [ RunTime:0.000560s ]
INFO: [ app_begin ] --END-- [ RunTime:0.000844s ]
SQL: SHOW COLUMNS FROM `think_admin` [ RunTime:0.0075s ]
SQL: SELECT * FROM `think_admin` WHERE `user` = 'user5' LIMIT 1   [ RunTime:0.0008s ]
SQL: SHOW COLUMNS FROM `think_article` [ RunTime:0.0080s ]
SQL: INSERT INTO `think_article` (`type`,`title`,`content`,`admin_id`,`time`,`count`) VALUES ('php','dfzdfdsfsdfadsf','<h1 style=\"border-bottom-color:#cccccc;border-bottom-width:2px;border-bottom-style:solid;padding:0px 4px 0px 0px;margin:0px 0px 10px;\"><span style=\"color:#e36c09;\" class=\"ue_t\">[此处键入简历标题]</span></h1><p><span style=\"color:#e36c09;\"><br/></span></p><table width=\"100%\" border=\"1\" style=\"border-collapse:collapse;\"><tbody><tr class=\"firstRow\"><td width=\"200\" style=\"text-align:center;\" class=\"ue_t\">【此处插入照片】</td><td><p><br/></p><p>联系电话：<span class=\"ue_t\">[键入您的电话]</span></p><p><br/></p><p>电子邮件：<span class=\"ue_t\">[键入您的电子邮件地址]</span></p><p><br/></p><p>家庭住址：<span class=\"ue_t\">[键入您的地址]</span></p><p><br/></p></td></tr></tbody></table><h3><span style=\"color:#e36c09;font-size:20px;\">目标职位</span></h3><p style=\"text-indent:2em;\" class=\"ue_t\">[此处键入您的期望职位]</p><h3><span style=\"color:#e36c09;font-size:20px;\">学历</span></h3><p><span style=\"display:none;line-height:0px;\">﻿</span></p><ol style=\"list-style-type: decimal;\" class=\" list-paddingleft-2\"><li><p><span class=\"ue_t\">[键入起止时间]</span> <span class=\"ue_t\">[键入学校名称] </span> <span class=\"ue_t\">[键入所学专业]</span> <span class=\"ue_t\">[键入所获学位]</span></p></li><li><p><span class=\"ue_t\">[键入起止时间]</span> <span class=\"ue_t\">[键入学校名称]</span> <span class=\"ue_t\">[键入所学专业]</span> <span class=\"ue_t\">[键入所获学位]</span></p></li></ol><h3><span style=\"color:#e36c09;font-size:20px;\" class=\"ue_t\">工作经验</span></h3><ol style=\"list-style-type: decimal;\" class=\" list-paddingleft-2\"><li><p><span class=\"ue_t\">[键入起止时间]</span> <span class=\"ue_t\">[键入公司名称]</span> <span class=\"ue_t\">[键入职位名称]</span></p></li><ol style=\"list-style-type: lower-alpha;\" class=\" list-paddingleft-2\"><li><p><span class=\"ue_t\">[键入负责项目]</span> <span class=\"ue_t\">[键入项目简介]</span></p></li><li><p><span class=\"ue_t\">[键入负责项目]</span> <span class=\"ue_t\">[键入项目简介]</span></p></li></ol><li><p><span class=\"ue_t\">[键入起止时间]</span> <span class=\"ue_t\">[键入公司名称]</span> <span class=\"ue_t\">[键入职位名称]</span></p></li><ol style=\"list-style-type: lower-alpha;\" class=\" list-paddingleft-2\"><li><p><span class=\"ue_t\">[键入负责项目]</span> <span class=\"ue_t\">[键入项目简介]</span></p></li></ol></ol><p><span style=\"color:#e36c09;font-size:20px;\">掌握技能</span></p><p style=\"text-indent:2em;\">&nbsp;<span class=\"ue_t\">[这里可以键入您所掌握的技能]</span><br/></p><p><br/></p>','8','1471526512','0') [ RunTime:0.0581s ]

[ 2016-08-18T21:43:23+08:00 ] ::1 /qihang/Thinkblog/index.php/Admin/Login/checklogin
INFO: [ app_begin ] --START--
INFO: Run Behavior\ReadHtmlCacheBehavior [ RunTime:0.000532s ]
INFO: [ app_begin ] --END-- [ RunTime:0.000970s ]
SQL: SHOW COLUMNS FROM `think_admin` [ RunTime:0.0069s ]
SQL: SELECT * FROM `think_admin` WHERE `user` = 'user5' LIMIT 1   [ RunTime:0.0008s ]
SQL: SELECT * FROM `think_admin` WHERE `password` = 'e10adc3949ba59abbe56e057f20f883e' LIMIT 1   [ RunTime:0.0006s ]
INFO: [ app_end ] --START--
INFO: Run Behavior\ShowPageTraceBehavior [ RunTime:0.001374s ]
INFO: [ app_end ] --END-- [ RunTime:0.001455s ]

[ 2016-08-18T21:48:27+08:00 ] ::1 /qihang/Thinkblog/index.php/Admin/Login/checklogin
INFO: [ app_begin ] --START--
INFO: Run Behavior\ReadHtmlCacheBehavior [ RunTime:0.000509s ]
INFO: [ app_begin ] --END-- [ RunTime:0.000942s ]
SQL: SHOW COLUMNS FROM `think_admin` [ RunTime:0.0071s ]
SQL: SELECT * FROM `think_admin` WHERE `user` = 'wangqihang' LIMIT 1   [ RunTime:0.0008s ]
SQL: SELECT * FROM `think_admin` WHERE `password` = 'e10adc3949ba59abbe56e057f20f883e' LIMIT 1   [ RunTime:0.0005s ]
INFO: [ app_end ] --START--
INFO: Run Behavior\ShowPageTraceBehavior [ RunTime:0.001210s ]
INFO: [ app_end ] --END-- [ RunTime:0.001293s ]

[ 2016-08-18T22:11:48+08:00 ] ::1 /qihang/Thinkblog/index.php/Admin/Login/checklogin
INFO: [ app_begin ] --START--
INFO: Run Behavior\ReadHtmlCacheBehavior [ RunTime:0.000506s ]
INFO: [ app_begin ] --END-- [ RunTime:0.000940s ]
SQL: SHOW COLUMNS FROM `think_admin` [ RunTime:0.0085s ]
SQL: SELECT * FROM `think_admin` WHERE `user` = 'wangqihang' LIMIT 1   [ RunTime:0.0008s ]
SQL: SELECT * FROM `think_admin` WHERE `password` = 'e10adc3949ba59abbe56e057f20f883e' LIMIT 1   [ RunTime:0.0006s ]
INFO: [ app_end ] --START--
INFO: Run Behavior\ShowPageTraceBehavior [ RunTime:0.001373s ]
INFO: [ app_end ] --END-- [ RunTime:0.001453s ]

[ 2016-08-18T22:14:45+08:00 ] ::1 /qihang/Thinkblog/index.php/Admin/Index/write_handle
INFO: [ app_begin ] --START--
INFO: Run Behavior\ReadHtmlCacheBehavior [ RunTime:0.000533s ]
INFO: [ app_begin ] --END-- [ RunTime:0.000979s ]
SQL: SHOW COLUMNS FROM `think_admin` [ RunTime:0.0071s ]
SQL: SELECT * FROM `think_admin` WHERE `user` = 'wangqihang' LIMIT 1   [ RunTime:0.0007s ]
SQL: SHOW COLUMNS FROM `think_article` [ RunTime:0.0073s ]
SQL: INSERT INTO `think_article` (`type`,`title`,`content`,`admin_id`,`time`,`count`) VALUES ('综合','圣诞节快乐就','<p>但是飞机离开大家快来</p>','4','1471529685','0') [ RunTime:0.3566s ]

[ 2016-08-18T22:20:13+08:00 ] ::1 /qihang/Thinkblog/index.php/Admin/Login/checklogin
INFO: [ app_begin ] --START--
INFO: Run Behavior\ReadHtmlCacheBehavior [ RunTime:0.000676s ]
INFO: [ app_begin ] --END-- [ RunTime:0.001079s ]
SQL: SHOW COLUMNS FROM `think_admin` [ RunTime:0.0089s ]
SQL: SELECT * FROM `think_admin` WHERE `user` = 'user6' LIMIT 1   [ RunTime:0.0009s ]
SQL: SELECT * FROM `think_admin` WHERE `password` = 'e10adc3949ba59abbe56e057f20f883e' LIMIT 1   [ RunTime:0.0006s ]
INFO: [ app_end ] --START--
INFO: Run Behavior\ShowPageTraceBehavior [ RunTime:0.001804s ]
INFO: [ app_end ] --END-- [ RunTime:0.001922s ]

[ 2016-08-18T22:21:26+08:00 ] ::1 /qihang/Thinkblog/index.php/Admin/Login/checklogin
INFO: [ app_begin ] --START--
INFO: Run Behavior\ReadHtmlCacheBehavior [ RunTime:0.000687s ]
INFO: [ app_begin ] --END-- [ RunTime:0.001073s ]

[ 2016-08-18T22:21:46+08:00 ] ::1 /qihang/Thinkblog/index.php/Admin/Login/checklogin
INFO: [ app_begin ] --START--
INFO: Run Behavior\ReadHtmlCacheBehavior [ RunTime:0.000763s ]
INFO: [ app_begin ] --END-- [ RunTime:0.001206s ]
SQL: SHOW COLUMNS FROM `think_admin` [ RunTime:0.0073s ]
SQL: SELECT * FROM `think_admin` WHERE `user` = 'usert' LIMIT 1   [ RunTime:0.0008s ]

[ 2016-08-18T22:22:49+08:00 ] ::1 /qihang/Thinkblog/index.php/Admin/Login/checklogin
INFO: [ app_begin ] --START--
INFO: Run Behavior\ReadHtmlCacheBehavior [ RunTime:0.000671s ]
INFO: [ app_begin ] --END-- [ RunTime:0.001056s ]

[ 2016-08-18T22:29:23+08:00 ] ::1 /qihang/Thinkblog/index.php/Admin/Login/checklogin
INFO: [ app_begin ] --START--
INFO: Run Behavior\ReadHtmlCacheBehavior [ RunTime:0.000585s ]
INFO: [ app_begin ] --END-- [ RunTime:0.000969s ]
SQL: SHOW COLUMNS FROM `think_admin` [ RunTime:0.0079s ]
SQL: SELECT * FROM `think_admin` WHERE `user` = 'wangqihang' LIMIT 1   [ RunTime:0.0008s ]
SQL: SELECT * FROM `think_admin` WHERE `password` = 'e10adc3949ba59abbe56e057f20f883e' LIMIT 1   [ RunTime:0.0006s ]
INFO: [ app_end ] --START--
INFO: Run Behavior\ShowPageTraceBehavior [ RunTime:0.001244s ]
INFO: [ app_end ] --END-- [ RunTime:0.001326s ]

[ 2016-08-18T22:29:24+08:00 ] ::1 /qihang/Thinkblog/index.php/Admin/Login/checklogin
INFO: [ app_begin ] --START--
INFO: Run Behavior\ReadHtmlCacheBehavior [ RunTime:0.001921s ]
INFO: [ app_begin ] --END-- [ RunTime:0.002936s ]

