[ 2016-08-12T15:49:34+08:00 ] ::1 /qihang/Thinkblog/index.php/Admin/Login/checklogin
INFO: [ app_begin ] --START--
INFO: Run Behavior\ReadHtmlCacheBehavior [ RunTime:0.000379s ]
INFO: [ app_begin ] --END-- [ RunTime:0.000610s ]
SQL: SHOW COLUMNS FROM `think_admin` [ RunTime:0.0032s ]
SQL: SELECT * FROM `think_admin` WHERE `user` = 'wangqihang' LIMIT 1   [ RunTime:0.0005s ]
SQL: SELECT * FROM `think_admin` WHERE `password` = '202cb962ac59075b964b07152d234b70' LIMIT 1   [ RunTime:0.0002s ]
INFO: [ app_end ] --START--
INFO: Run Behavior\ShowPageTraceBehavior [ RunTime:0.000821s ]
INFO: [ app_end ] --END-- [ RunTime:0.000865s ]

[ 2016-08-12T15:57:20+08:00 ] ::1 /qihang/Thinkblog/index.php/Admin/Login/checklogin
INFO: [ app_begin ] --START--
INFO: Run Behavior\ReadHtmlCacheBehavior [ RunTime:0.000431s ]
INFO: [ app_begin ] --END-- [ RunTime:0.000822s ]
SQL: SHOW COLUMNS FROM `think_admin` [ RunTime:0.0028s ]
SQL: SELECT * FROM `think_admin` WHERE `user` = 'wangqihang' LIMIT 1   [ RunTime:0.0003s ]
SQL: SELECT * FROM `think_admin` WHERE `password` = '202cb962ac59075b964b07152d234b70' LIMIT 1   [ RunTime:0.0002s ]
INFO: [ app_end ] --START--
INFO: Run Behavior\ShowPageTraceBehavior [ RunTime:0.000413s ]
INFO: [ app_end ] --END-- [ RunTime:0.000440s ]

[ 2016-08-12T16:24:43+08:00 ] ::1 /qihang/Thinkblog/index.php/Admin/Login/checklogin
INFO: [ app_begin ] --START--
INFO: Run Behavior\ReadHtmlCacheBehavior [ RunTime:0.000608s ]
INFO: [ app_begin ] --END-- [ RunTime:0.000961s ]
SQL: SHOW COLUMNS FROM `think_admin` [ RunTime:0.0028s ]
SQL: SELECT * FROM `think_admin` WHERE `user` = 'wangqihang' LIMIT 1   [ RunTime:0.0003s ]
SQL: SELECT * FROM `think_admin` WHERE `password` = '202cb962ac59075b964b07152d234b70' LIMIT 1   [ RunTime:0.0002s ]
INFO: [ app_end ] --START--
INFO: Run Behavior\ShowPageTraceBehavior [ RunTime:0.000529s ]
INFO: [ app_end ] --END-- [ RunTime:0.000554s ]

[ 2016-08-12T17:28:21+08:00 ] ::1 /qihang/Thinkblog/index.php/Admin/Index/index
ERR: SQLSTATE[23000]: Integrity constraint violation: 1052 Column 'admin_id' in where clause is ambiguous

[ 2016-08-12T17:30:32+08:00 ] ::1 /qihang/Thinkblog/index.php/Admin/Index/index
ERR: SQLSTATE[42S22]: Column not found: 1054 Unknown column 'Array' in 'where clause'

[ 2016-08-12T17:32:06+08:00 ] ::1 /qihang/Thinkblog/index.php/Admin/Index/index
ERR: SQLSTATE[42S22]: Column not found: 1054 Unknown column 'Array' in 'where clause'

[ 2016-08-12T21:42:59+08:00 ] ::1 /qihang/Thinkblog/index.php/Admin/Login/checklogin
INFO: [ app_begin ] --START--
INFO: Run Behavior\ReadHtmlCacheBehavior [ RunTime:0.000322s ]
INFO: [ app_begin ] --END-- [ RunTime:0.000600s ]

[ 2016-08-12T21:43:12+08:00 ] ::1 /qihang/Thinkblog/index.php/Admin/Login/checklogin
INFO: [ app_begin ] --START--
INFO: Run Behavior\ReadHtmlCacheBehavior [ RunTime:0.000511s ]
INFO: [ app_begin ] --END-- [ RunTime:0.002595s ]

[ 2016-08-12T21:43:17+08:00 ] ::1 /qihang/Thinkblog/index.php/Admin/Login/checklogin
INFO: [ app_begin ] --START--
INFO: Run Behavior\ReadHtmlCacheBehavior [ RunTime:0.000316s ]
INFO: [ app_begin ] --END-- [ RunTime:0.000595s ]

[ 2016-08-12T21:43:29+08:00 ] ::1 /qihang/Thinkblog/index.php/Admin/Login/checklogin
INFO: [ app_begin ] --START--
INFO: Run Behavior\ReadHtmlCacheBehavior [ RunTime:0.000325s ]
INFO: [ app_begin ] --END-- [ RunTime:0.000658s ]

