[ 2016-08-15T08:13:34+08:00 ] ::1 /qihang/Thinkblog/index.php/Admin/Login/checklogin
INFO: [ app_begin ] --START--
INFO: Run Behavior\ReadHtmlCacheBehavior [ RunTime:0.001339s ]
INFO: [ app_begin ] --END-- [ RunTime:0.002200s ]
SQL: SHOW COLUMNS FROM `think_admin` [ RunTime:0.0106s ]
SQL: SELECT * FROM `think_admin` WHERE `user` = 'wangqihang' LIMIT 1   [ RunTime:0.0015s ]
SQL: SELECT * FROM `think_admin` WHERE `password` = '202cb962ac59075b964b07152d234b70' LIMIT 1   [ RunTime:0.0006s ]
INFO: [ app_end ] --START--
INFO: Run Behavior\ShowPageTraceBehavior [ RunTime:0.001444s ]
INFO: [ app_end ] --END-- [ RunTime:0.001525s ]

[ 2016-08-15T11:11:50+08:00 ] ::1 /qihang/Thinkblog/index.php/Admin/Index/info
ERR: syntax error, unexpected '$upload' (T_VARIABLE)

[ 2016-08-15T11:58:52+08:00 ] ::1 /qihang/Thinkblog/index.php/Admin/Index/change_info
ERR: syntax error, unexpected ','

[ 2016-08-15T14:44:41+08:00 ] ::1 /qihang/Thinkblog/index.php/Admin/Login/checklogin
INFO: [ app_begin ] --START--
INFO: Run Behavior\ReadHtmlCacheBehavior [ RunTime:0.000321s ]
INFO: [ app_begin ] --END-- [ RunTime:0.000545s ]
SQL: SHOW COLUMNS FROM `think_admin` [ RunTime:0.0062s ]
SQL: SELECT * FROM `think_admin` WHERE `user` = 'wangqihang' LIMIT 1   [ RunTime:0.0006s ]
SQL: SELECT * FROM `think_admin` WHERE `password` = '202cb962ac59075b964b07152d234b70' LIMIT 1   [ RunTime:0.0003s ]
INFO: [ app_end ] --START--
INFO: Run Behavior\ShowPageTraceBehavior [ RunTime:0.001136s ]
INFO: [ app_end ] --END-- [ RunTime:0.001188s ]

[ 2016-08-15T15:56:56+08:00 ] ::1 /qihang/Thinkblog/index.php/Admin/Login/index
ERR: 非法操作:index

[ 2016-08-15T16:08:00+08:00 ] ::1 /qihang/Thinkblog/index.php/Admin/Login/remmber
ERR: 非法操作:remmber

[ 2016-08-15T16:08:09+08:00 ] ::1 /qihang/Thinkblog/index.php/Admin/Login/remember
ERR: 非法操作:remember

[ 2016-08-15T16:09:10+08:00 ] ::1 /qihang/Thinkblog/index.php/Admin/Login/
ERR: 非法操作:index

[ 2016-08-15T16:09:23+08:00 ] ::1 /qihang/Thinkblog/index.php/Admin/Login/remember
ERR: 非法操作:remember

[ 2016-08-15T16:09:24+08:00 ] ::1 /qihang/Thinkblog/index.php/Admin/Login/remmber
ERR: 非法操作:remmber

[ 2016-08-15T18:36:18+08:00 ] ::1 /qihang/Thinkblog/index.php/Admin/Login/forget_check
ERR: SQLSTATE[42000]: Syntax error or access violation: 1064 You have an error in your SQL syntax; check the manual that corresponds to your MySQL server version for the right syntax to use near 'WHERE `user` = 'wangqihang'' at line 1

[ 2016-08-15T18:38:55+08:00 ] ::1 /qihang/Thinkblog/index.php/Admin/Login/forget_check
ERR: SQLSTATE[42000]: Syntax error or access violation: 1064 You have an error in your SQL syntax; check the manual that corresponds to your MySQL server version for the right syntax to use near 'WHERE `user` = 'wangqihang'' at line 1

[ 2016-08-15T18:45:13+08:00 ] ::1 /qihang/Thinkblog/index.php/Admin/Login/forget_check
ERR: SQLSTATE[42000]: Syntax error or access violation: 1064 You have an error in your SQL syntax; check the manual that corresponds to your MySQL server version for the right syntax to use near 'WHERE `user` = 'wangqihang'' at line 1

[ 2016-08-15T18:47:40+08:00 ] ::1 /qihang/Thinkblog/index.php/Admin/Login/forget_check
ERR: SQLSTATE[42000]: Syntax error or access violation: 1064 You have an error in your SQL syntax; check the manual that corresponds to your MySQL server version for the right syntax to use near 'WHERE `user` = 'wangqihang'' at line 1

[ 2016-08-15T18:52:20+08:00 ] ::1 /qihang/Thinkblog/index.php/Admin/Login/forget_check
ERR: Think\Model:update方法不存在！

[ 2016-08-15T18:55:06+08:00 ] ::1 /qihang/Thinkblog/index.php/Admin/Login/checklogin
INFO: [ app_begin ] --START--
INFO: Run Behavior\ReadHtmlCacheBehavior [ RunTime:0.000447s ]
INFO: [ app_begin ] --END-- [ RunTime:0.000715s ]
SQL: SHOW COLUMNS FROM `think_admin` [ RunTime:0.0077s ]
SQL: SELECT * FROM `think_admin` WHERE `user` = 'wangqihang' LIMIT 1   [ RunTime:0.0008s ]
SQL: SELECT * FROM `think_admin` WHERE `password` = 'e10adc3949ba59abbe56e057f20f883e' LIMIT 1   [ RunTime:0.0006s ]
INFO: [ app_end ] --START--
INFO: Run Behavior\ShowPageTraceBehavior [ RunTime:0.001584s ]
INFO: [ app_end ] --END-- [ RunTime:0.001666s ]

[ 2016-08-15T21:27:40+08:00 ] ::1 /qihang/Thinkblog/index.php/Admin/Login/register_check
ERR: SQLSTATE[42S22]: Column not found: 1054 Unknown column 'user1' in 'where clause'

[ 2016-08-15T21:30:52+08:00 ] ::1 /qihang/Thinkblog/index.php/Admin/Login/register_check
ERR: syntax error, unexpected '；' (T_STRING)

[ 2016-08-15T21:31:07+08:00 ] ::1 /qihang/Thinkblog/index.php/Admin/Login/register_check
ERR: SQLSTATE[42S22]: Column not found: 1054 Unknown column 'user1' in 'where clause'

[ 2016-08-15T21:31:22+08:00 ] ::1 /qihang/Thinkblog/index.php/Admin/Login/register_check
ERR: SQLSTATE[42S22]: Column not found: 1054 Unknown column 'user1' in 'where clause'

[ 2016-08-15T21:33:29+08:00 ] ::1 /qihang/Thinkblog/index.php/Admin/Login/register_check
ERR: SQLSTATE[42000]: Syntax error or access violation: 1064 You have an error in your SQL syntax; check the manual that corresponds to your MySQL server version for the right syntax to use near '['user'] ) LIMIT 1' at line 1

[ 2016-08-15T21:36:39+08:00 ] ::1 /qihang/Thinkblog/index.php/Admin/__CONTROLLER__/login.html
ERR: 无法加载控制器:__CONTROLLER__

[ 2016-08-15T21:36:56+08:00 ] ::1 /qihang/Thinkblog/index.php/Admin/__CONTROLLER__/login.html
ERR: 无法加载控制器:__CONTROLLER__

[ 2016-08-15T21:37:34+08:00 ] ::1 /qihang/Thinkblog/index.php/Admin/Login/checklogin
INFO: [ app_begin ] --START--
INFO: Run Behavior\ReadHtmlCacheBehavior [ RunTime:0.000463s ]
INFO: [ app_begin ] --END-- [ RunTime:0.000773s ]
SQL: SHOW COLUMNS FROM `think_admin` [ RunTime:0.0083s ]
SQL: SELECT * FROM `think_admin` WHERE `user` = 'user' LIMIT 1   [ RunTime:0.0007s ]
SQL: SELECT * FROM `think_admin` WHERE `password` = 'e10adc3949ba59abbe56e057f20f883e' LIMIT 1   [ RunTime:0.0006s ]
INFO: [ app_end ] --START--
INFO: Run Behavior\ShowPageTraceBehavior [ RunTime:0.001596s ]
INFO: [ app_end ] --END-- [ RunTime:0.001679s ]

[ 2016-08-15T21:38:19+08:00 ] ::1 /qihang/Thinkblog/index.php/Admin/Login/checklogin
INFO: [ app_begin ] --START--
INFO: Run Behavior\ReadHtmlCacheBehavior [ RunTime:0.000559s ]
INFO: [ app_begin ] --END-- [ RunTime:0.001225s ]
SQL: SHOW COLUMNS FROM `think_admin` [ RunTime:0.0084s ]
SQL: SELECT * FROM `think_admin` WHERE `user` = 'wangqihang' LIMIT 1   [ RunTime:0.0009s ]
SQL: SELECT * FROM `think_admin` WHERE `password` = 'e10adc3949ba59abbe56e057f20f883e' LIMIT 1   [ RunTime:0.0006s ]
INFO: [ app_end ] --START--
INFO: Run Behavior\ShowPageTraceBehavior [ RunTime:0.001689s ]
INFO: [ app_end ] --END-- [ RunTime:0.001774s ]

[ 2016-08-15T21:42:50+08:00 ] ::1 /qihang/Thinkblog/index.php/Admin/Login/checklogin
INFO: [ app_begin ] --START--
INFO: Run Behavior\ReadHtmlCacheBehavior [ RunTime:0.000781s ]
INFO: [ app_begin ] --END-- [ RunTime:0.001064s ]
SQL: SHOW COLUMNS FROM `think_admin` [ RunTime:0.0075s ]
SQL: SELECT * FROM `think_admin` WHERE `user` = 'user' LIMIT 1   [ RunTime:0.0007s ]
SQL: SELECT * FROM `think_admin` WHERE `password` = 'e10adc3949ba59abbe56e057f20f883e' LIMIT 1   [ RunTime:0.0007s ]
INFO: [ app_end ] --START--
INFO: Run Behavior\ShowPageTraceBehavior [ RunTime:0.001690s ]
INFO: [ app_end ] --END-- [ RunTime:0.001773s ]

[ 2016-08-15T21:44:43+08:00 ] ::1 /qihang/Thinkblog/index.php/Admin/Index/write_handle
INFO: [ app_begin ] --START--
INFO: Run Behavior\ReadHtmlCacheBehavior [ RunTime:0.000320s ]
INFO: [ app_begin ] --END-- [ RunTime:0.000562s ]
SQL: SHOW COLUMNS FROM `think_admin` [ RunTime:0.0077s ]
SQL: SELECT * FROM `think_admin` WHERE `user` = 'user' LIMIT 1   [ RunTime:0.0007s ]
SQL: SHOW COLUMNS FROM `think_article` [ RunTime:0.0067s ]
SQL: INSERT INTO `think_article` (`type`,`title`,`content`,`admin_id`,`time`) VALUES ('web前端','HTML5的实例应用','<p>html5是非常好用的！<br/></p>','6','1471268683') [ RunTime:0.0889s ]

[ 2016-08-15T21:58:06+08:00 ] ::1 /qihang/Thinkblog/index.php/Admin/Index/write_handle
INFO: [ app_begin ] --START--
INFO: Run Behavior\ReadHtmlCacheBehavior [ RunTime:0.000321s ]
INFO: [ app_begin ] --END-- [ RunTime:0.000564s ]
SQL: SHOW COLUMNS FROM `think_admin` [ RunTime:0.0076s ]
SQL: SELECT * FROM `think_admin` WHERE `user` = 'user' LIMIT 1   [ RunTime:0.0009s ]
SQL: SHOW COLUMNS FROM `think_article` [ RunTime:0.0077s ]
SQL: INSERT INTO `think_article` (`type`,`title`,`content`,`admin_id`,`time`,`count`) VALUES ('php','php文件上传实战应用','<p>12345678945643132132131564684613213135645613131</p><p>1231314564546416513654</p><p>4136513</p><p>1313</p><p>13</p><p>131</p><p>3131</p><p>312321</p><p>3213213132132</p><p>1</p><p>31321321</p><p>3213</p><p>21321321321</p><p><br/></p><p>3132</p><p>1321</p><p>321</p><p>321</p><p>313</p><p>13</p><p>2131</p><p>35113</p><p>1311</p><p>51361</p>','6','1471269486','0') [ RunTime:0.0919s ]

