[ 2016-08-17T08:27:49+08:00 ] ::1 /qihang/Thinkblog/index.php/Admin/Login/checklogin
INFO: [ app_begin ] --START--
INFO: Run Behavior\ReadHtmlCacheBehavior [ RunTime:0.000357s ]
INFO: [ app_begin ] --END-- [ RunTime:0.000624s ]
SQL: SHOW COLUMNS FROM `think_admin` [ RunTime:0.0080s ]
SQL: SELECT * FROM `think_admin` WHERE `user` = 'user' LIMIT 1   [ RunTime:0.0009s ]
SQL: SELECT * FROM `think_admin` WHERE `password` = 'e10adc3949ba59abbe56e057f20f883e' LIMIT 1   [ RunTime:0.0006s ]
INFO: [ app_end ] --START--
INFO: Run Behavior\ShowPageTraceBehavior [ RunTime:0.001610s ]
INFO: [ app_end ] --END-- [ RunTime:0.001693s ]

[ 2016-08-17T10:35:08+08:00 ] ::1 /qihang/Thinkblog/index.php/Admin/Index/write_handle
INFO: [ app_begin ] --START--
INFO: Run Behavior\ReadHtmlCacheBehavior [ RunTime:0.000419s ]
INFO: [ app_begin ] --END-- [ RunTime:0.000690s ]
SQL: SHOW COLUMNS FROM `think_admin` [ RunTime:0.0047s ]
SQL: SELECT * FROM `think_admin` WHERE `user` = 'user' LIMIT 1   [ RunTime:0.0005s ]
SQL: SHOW COLUMNS FROM `think_article` [ RunTime:0.0044s ]
SQL: INSERT INTO `think_article` (`type`,`title`,`content`,`admin_id`,`time`,`count`) VALUES ('其他','生活','<p>你好最近在干什么呢</p>','6','1471401308','0') [ RunTime:0.0910s ]

[ 2016-08-17T10:45:45+08:00 ] ::1 /qihang/Thinkblog/index.php/Admin/Login/checklogin
INFO: [ app_begin ] --START--
INFO: Run Behavior\ReadHtmlCacheBehavior [ RunTime:0.000374s ]
INFO: [ app_begin ] --END-- [ RunTime:0.000647s ]

[ 2016-08-17T10:46:01+08:00 ] ::1 /qihang/Thinkblog/index.php/Admin/Login/checklogin
INFO: [ app_begin ] --START--
INFO: Run Behavior\ReadHtmlCacheBehavior [ RunTime:0.000357s ]
INFO: [ app_begin ] --END-- [ RunTime:0.000626s ]

[ 2016-08-17T10:46:11+08:00 ] ::1 /qihang/Thinkblog/index.php/Admin/Login/checklogin
INFO: [ app_begin ] --START--
INFO: Run Behavior\ReadHtmlCacheBehavior [ RunTime:0.000355s ]
INFO: [ app_begin ] --END-- [ RunTime:0.000628s ]
SQL: SHOW COLUMNS FROM `think_admin` [ RunTime:0.0079s ]
SQL: SELECT * FROM `think_admin` WHERE `user` = 'uesr' LIMIT 1   [ RunTime:0.0008s ]

[ 2016-08-17T10:46:19+08:00 ] ::1 /qihang/Thinkblog/index.php/Admin/Login/checklogin
INFO: [ app_begin ] --START--
INFO: Run Behavior\ReadHtmlCacheBehavior [ RunTime:0.000361s ]
INFO: [ app_begin ] --END-- [ RunTime:0.000650s ]

[ 2016-08-17T10:46:31+08:00 ] ::1 /qihang/Thinkblog/index.php/Admin/Login/checklogin
INFO: [ app_begin ] --START--
INFO: Run Behavior\ReadHtmlCacheBehavior [ RunTime:0.000355s ]
INFO: [ app_begin ] --END-- [ RunTime:0.000623s ]
SQL: SHOW COLUMNS FROM `think_admin` [ RunTime:0.0073s ]
SQL: SELECT * FROM `think_admin` WHERE `user` = 'user' LIMIT 1   [ RunTime:0.0007s ]
SQL: SELECT * FROM `think_admin` WHERE `password` = 'c33367701511b4f6020ec61ded352059' LIMIT 1   [ RunTime:0.0006s ]
INFO: [ app_end ] --START--
INFO: Run Behavior\ShowPageTraceBehavior [ RunTime:0.001680s ]
INFO: [ app_end ] --END-- [ RunTime:0.001761s ]

[ 2016-08-17T10:59:04+08:00 ] ::1 /qihang/Thinkblog/index.php/Admin/Login/checklogin
INFO: [ app_begin ] --START--
INFO: Run Behavior\ReadHtmlCacheBehavior [ RunTime:0.000317s ]
INFO: [ app_begin ] --END-- [ RunTime:0.000593s ]
SQL: SHOW COLUMNS FROM `think_admin` [ RunTime:0.0078s ]
SQL: SELECT * FROM `think_admin` WHERE `user` = 'user4' LIMIT 1   [ RunTime:0.0008s ]
SQL: SELECT * FROM `think_admin` WHERE `password` = 'e10adc3949ba59abbe56e057f20f883e' LIMIT 1   [ RunTime:0.0005s ]
INFO: [ app_end ] --START--
INFO: Run Behavior\ShowPageTraceBehavior [ RunTime:0.001241s ]
INFO: [ app_end ] --END-- [ RunTime:0.001314s ]

[ 2016-08-17T10:59:23+08:00 ] ::1 /qihang/Thinkblog/index.php/Admin/Index/write_handle
INFO: [ app_begin ] --START--
INFO: Run Behavior\ReadHtmlCacheBehavior [ RunTime:0.000333s ]
INFO: [ app_begin ] --END-- [ RunTime:0.000612s ]
SQL: SHOW COLUMNS FROM `think_admin` [ RunTime:0.0071s ]
SQL: SELECT * FROM `think_admin` WHERE `user` = 'user4' LIMIT 1   [ RunTime:0.0009s ]
SQL: SHOW COLUMNS FROM `think_article` [ RunTime:0.0076s ]
SQL: INSERT INTO `think_article` (`type`,`title`,`content`,`admin_id`,`time`,`count`) VALUES ('php','123456','<p>456465413131321gfsdfgs公司付大哥的风格十分的</p>','7','1471402763','0') [ RunTime:0.0731s ]

[ 2016-08-17T11:27:55+08:00 ] ::1 /qihang/Thinkblog/index.php/Admin/Login/checklogin
INFO: [ app_begin ] --START--
INFO: Run Behavior\ReadHtmlCacheBehavior [ RunTime:0.000406s ]
INFO: [ app_begin ] --END-- [ RunTime:0.000678s ]

[ 2016-08-17T11:28:47+08:00 ] ::1 /qihang/Thinkblog/index.php/Admin/Login/checklogin
INFO: [ app_begin ] --START--
INFO: Run Behavior\ReadHtmlCacheBehavior [ RunTime:0.000329s ]
INFO: [ app_begin ] --END-- [ RunTime:0.000571s ]

[ 2016-08-17T11:29:34+08:00 ] ::1 /qihang/Thinkblog/index.php/Admin/Login/checklogin
INFO: [ app_begin ] --START--
INFO: Run Behavior\ReadHtmlCacheBehavior [ RunTime:0.000407s ]
INFO: [ app_begin ] --END-- [ RunTime:0.000651s ]

[ 2016-08-17T11:30:10+08:00 ] ::1 /qihang/Thinkblog/index.php/Admin/Login/checklogin
INFO: [ app_begin ] --START--
INFO: Run Behavior\ReadHtmlCacheBehavior [ RunTime:0.000319s ]
INFO: [ app_begin ] --END-- [ RunTime:0.000556s ]

[ 2016-08-17T11:31:48+08:00 ] ::1 /qihang/Thinkblog/index.php/Admin/Login/checklogin
INFO: [ app_begin ] --START--
INFO: Run Behavior\ReadHtmlCacheBehavior [ RunTime:0.000354s ]
INFO: [ app_begin ] --END-- [ RunTime:0.000624s ]

[ 2016-08-17T11:32:05+08:00 ] ::1 /qihang/Thinkblog/index.php/Admin/Login/checklogin
INFO: [ app_begin ] --START--
INFO: Run Behavior\ReadHtmlCacheBehavior [ RunTime:0.000439s ]
INFO: [ app_begin ] --END-- [ RunTime:0.000709s ]

[ 2016-08-17T11:32:07+08:00 ] ::1 /qihang/Thinkblog/index.php/Admin/Login/checklogin
INFO: [ app_begin ] --START--
INFO: Run Behavior\ReadHtmlCacheBehavior [ RunTime:0.000434s ]
INFO: [ app_begin ] --END-- [ RunTime:0.000702s ]

[ 2016-08-17T11:32:08+08:00 ] ::1 /qihang/Thinkblog/index.php/Admin/Login/checklogin
INFO: [ app_begin ] --START--
INFO: Run Behavior\ReadHtmlCacheBehavior [ RunTime:0.000440s ]
INFO: [ app_begin ] --END-- [ RunTime:0.000724s ]

[ 2016-08-17T11:32:08+08:00 ] ::1 /qihang/Thinkblog/index.php/Admin/Login/checklogin
INFO: [ app_begin ] --START--
INFO: Run Behavior\ReadHtmlCacheBehavior [ RunTime:0.000450s ]
INFO: [ app_begin ] --END-- [ RunTime:0.000733s ]

[ 2016-08-17T11:32:08+08:00 ] ::1 /qihang/Thinkblog/index.php/Admin/Login/checklogin
INFO: [ app_begin ] --START--
INFO: Run Behavior\ReadHtmlCacheBehavior [ RunTime:0.000441s ]
INFO: [ app_begin ] --END-- [ RunTime:0.000718s ]

[ 2016-08-17T11:32:08+08:00 ] ::1 /qihang/Thinkblog/index.php/Admin/Login/checklogin
INFO: [ app_begin ] --START--
INFO: Run Behavior\ReadHtmlCacheBehavior [ RunTime:0.000436s ]
INFO: [ app_begin ] --END-- [ RunTime:0.000749s ]

[ 2016-08-17T11:32:21+08:00 ] ::1 /qihang/Thinkblog/index.php/Admin/Login/checklogin
INFO: [ app_begin ] --START--
INFO: Run Behavior\ReadHtmlCacheBehavior [ RunTime:0.000403s ]
INFO: [ app_begin ] --END-- [ RunTime:0.000628s ]

[ 2016-08-17T11:32:24+08:00 ] ::1 /qihang/Thinkblog/index.php/Admin/Login/checklogin
INFO: [ app_begin ] --START--
INFO: Run Behavior\ReadHtmlCacheBehavior [ RunTime:0.000269s ]
INFO: [ app_begin ] --END-- [ RunTime:0.000481s ]

[ 2016-08-17T11:32:29+08:00 ] ::1 /qihang/Thinkblog/index.php/Admin/Login/checklogin
INFO: [ app_begin ] --START--
INFO: Run Behavior\ReadHtmlCacheBehavior [ RunTime:0.000317s ]
INFO: [ app_begin ] --END-- [ RunTime:0.000557s ]

[ 2016-08-17T11:33:03+08:00 ] ::1 /qihang/Thinkblog/index.php/Admin/Login/checklogin
INFO: [ app_begin ] --START--
INFO: Run Behavior\ReadHtmlCacheBehavior [ RunTime:0.000518s ]
INFO: [ app_begin ] --END-- [ RunTime:0.000796s ]

[ 2016-08-17T11:33:04+08:00 ] ::1 /qihang/Thinkblog/index.php/Admin/Login/checklogin
INFO: [ app_begin ] --START--
INFO: Run Behavior\ReadHtmlCacheBehavior [ RunTime:0.000354s ]
INFO: [ app_begin ] --END-- [ RunTime:0.000622s ]

[ 2016-08-17T11:33:04+08:00 ] ::1 /qihang/Thinkblog/index.php/Admin/Login/checklogin
INFO: [ app_begin ] --START--
INFO: Run Behavior\ReadHtmlCacheBehavior [ RunTime:0.000462s ]
INFO: [ app_begin ] --END-- [ RunTime:0.000823s ]

[ 2016-08-17T11:33:05+08:00 ] ::1 /qihang/Thinkblog/index.php/Admin/Login/checklogin
INFO: [ app_begin ] --START--
INFO: Run Behavior\ReadHtmlCacheBehavior [ RunTime:0.000355s ]
INFO: [ app_begin ] --END-- [ RunTime:0.000636s ]

[ 2016-08-17T11:33:05+08:00 ] ::1 /qihang/Thinkblog/index.php/Admin/Login/checklogin
INFO: [ app_begin ] --START--
INFO: Run Behavior\ReadHtmlCacheBehavior [ RunTime:0.000355s ]
INFO: [ app_begin ] --END-- [ RunTime:0.000624s ]

[ 2016-08-17T11:33:05+08:00 ] ::1 /qihang/Thinkblog/index.php/Admin/Login/checklogin
INFO: [ app_begin ] --START--
INFO: Run Behavior\ReadHtmlCacheBehavior [ RunTime:0.000364s ]
INFO: [ app_begin ] --END-- [ RunTime:0.000631s ]

[ 2016-08-17T11:33:05+08:00 ] ::1 /qihang/Thinkblog/index.php/Admin/Login/checklogin
INFO: [ app_begin ] --START--
INFO: Run Behavior\ReadHtmlCacheBehavior [ RunTime:0.000357s ]
INFO: [ app_begin ] --END-- [ RunTime:0.000632s ]

[ 2016-08-17T11:33:05+08:00 ] ::1 /qihang/Thinkblog/index.php/Admin/Login/checklogin
INFO: [ app_begin ] --START--
INFO: Run Behavior\ReadHtmlCacheBehavior [ RunTime:0.000358s ]
INFO: [ app_begin ] --END-- [ RunTime:0.000630s ]

[ 2016-08-17T11:33:06+08:00 ] ::1 /qihang/Thinkblog/index.php/Admin/Login/checklogin
INFO: [ app_begin ] --START--
INFO: Run Behavior\ReadHtmlCacheBehavior [ RunTime:0.000358s ]
INFO: [ app_begin ] --END-- [ RunTime:0.000628s ]

[ 2016-08-17T11:33:07+08:00 ] ::1 /qihang/Thinkblog/index.php/Admin/Login/checklogin
INFO: [ app_begin ] --START--
INFO: Run Behavior\ReadHtmlCacheBehavior [ RunTime:0.000362s ]
INFO: [ app_begin ] --END-- [ RunTime:0.000632s ]

[ 2016-08-17T11:33:08+08:00 ] ::1 /qihang/Thinkblog/index.php/Admin/Login/checklogin
INFO: [ app_begin ] --START--
INFO: Run Behavior\ReadHtmlCacheBehavior [ RunTime:0.000371s ]
INFO: [ app_begin ] --END-- [ RunTime:0.000649s ]

[ 2016-08-17T11:33:08+08:00 ] ::1 /qihang/Thinkblog/index.php/Admin/Login/checklogin
INFO: [ app_begin ] --START--
INFO: Run Behavior\ReadHtmlCacheBehavior [ RunTime:0.000363s ]
INFO: [ app_begin ] --END-- [ RunTime:0.000646s ]

[ 2016-08-17T11:33:08+08:00 ] ::1 /qihang/Thinkblog/index.php/Admin/Login/checklogin
INFO: [ app_begin ] --START--
INFO: Run Behavior\ReadHtmlCacheBehavior [ RunTime:0.000388s ]
INFO: [ app_begin ] --END-- [ RunTime:0.000701s ]

[ 2016-08-17T11:33:08+08:00 ] ::1 /qihang/Thinkblog/index.php/Admin/Login/checklogin
INFO: [ app_begin ] --START--
INFO: Run Behavior\ReadHtmlCacheBehavior [ RunTime:0.000358s ]
INFO: [ app_begin ] --END-- [ RunTime:0.000637s ]

[ 2016-08-17T11:33:08+08:00 ] ::1 /qihang/Thinkblog/index.php/Admin/Login/checklogin
INFO: [ app_begin ] --START--
INFO: Run Behavior\ReadHtmlCacheBehavior [ RunTime:0.000356s ]
INFO: [ app_begin ] --END-- [ RunTime:0.000636s ]

[ 2016-08-17T11:33:08+08:00 ] ::1 /qihang/Thinkblog/index.php/Admin/Login/checklogin
INFO: [ app_begin ] --START--
INFO: Run Behavior\ReadHtmlCacheBehavior [ RunTime:0.000360s ]
INFO: [ app_begin ] --END-- [ RunTime:0.000636s ]

[ 2016-08-17T11:33:09+08:00 ] ::1 /qihang/Thinkblog/index.php/Admin/Login/checklogin
INFO: [ app_begin ] --START--
INFO: Run Behavior\ReadHtmlCacheBehavior [ RunTime:0.000545s ]
INFO: [ app_begin ] --END-- [ RunTime:0.000956s ]

[ 2016-08-17T11:33:09+08:00 ] ::1 /qihang/Thinkblog/index.php/Admin/Login/checklogin
INFO: [ app_begin ] --START--
INFO: Run Behavior\ReadHtmlCacheBehavior [ RunTime:0.000365s ]
INFO: [ app_begin ] --END-- [ RunTime:0.000655s ]

[ 2016-08-17T11:33:09+08:00 ] ::1 /qihang/Thinkblog/index.php/Admin/Login/checklogin
INFO: [ app_begin ] --START--
INFO: Run Behavior\ReadHtmlCacheBehavior [ RunTime:0.000547s ]
INFO: [ app_begin ] --END-- [ RunTime:0.000967s ]

[ 2016-08-17T11:33:09+08:00 ] ::1 /qihang/Thinkblog/index.php/Admin/Login/checklogin
INFO: [ app_begin ] --START--
INFO: Run Behavior\ReadHtmlCacheBehavior [ RunTime:0.000354s ]
INFO: [ app_begin ] --END-- [ RunTime:0.000627s ]

[ 2016-08-17T11:33:09+08:00 ] ::1 /qihang/Thinkblog/index.php/Admin/Login/checklogin
INFO: [ app_begin ] --START--
INFO: Run Behavior\ReadHtmlCacheBehavior [ RunTime:0.000362s ]
INFO: [ app_begin ] --END-- [ RunTime:0.000637s ]

[ 2016-08-17T11:33:10+08:00 ] ::1 /qihang/Thinkblog/index.php/Admin/Login/checklogin
INFO: [ app_begin ] --START--
INFO: Run Behavior\ReadHtmlCacheBehavior [ RunTime:0.000365s ]
INFO: [ app_begin ] --END-- [ RunTime:0.000634s ]

[ 2016-08-17T11:33:36+08:00 ] ::1 /qihang/Thinkblog/index.php/Admin/Login/checklogin
INFO: [ app_begin ] --START--
INFO: Run Behavior\ReadHtmlCacheBehavior [ RunTime:0.000434s ]
INFO: [ app_begin ] --END-- [ RunTime:0.000707s ]

[ 2016-08-17T11:37:29+08:00 ] ::1 /qihang/Thinkblog/index.php/Admin/Login/checklogin
INFO: [ app_begin ] --START--
INFO: Run Behavior\ReadHtmlCacheBehavior [ RunTime:0.000319s ]
INFO: [ app_begin ] --END-- [ RunTime:0.000563s ]

[ 2016-08-17T11:38:18+08:00 ] ::1 /qihang/Thinkblog/index.php/Admin/Login/checklogin
INFO: [ app_begin ] --START--
INFO: Run Behavior\ReadHtmlCacheBehavior [ RunTime:0.000328s ]
INFO: [ app_begin ] --END-- [ RunTime:0.000572s ]

[ 2016-08-17T11:38:46+08:00 ] ::1 /qihang/Thinkblog/index.php/Admin/Login/checklogin
INFO: [ app_begin ] --START--
INFO: Run Behavior\ReadHtmlCacheBehavior [ RunTime:0.000314s ]
INFO: [ app_begin ] --END-- [ RunTime:0.000565s ]

[ 2016-08-17T11:39:27+08:00 ] ::1 /qihang/Thinkblog/index.php/Admin/Login/checklogin
INFO: [ app_begin ] --START--
INFO: Run Behavior\ReadHtmlCacheBehavior [ RunTime:0.000460s ]
INFO: [ app_begin ] --END-- [ RunTime:0.000732s ]

[ 2016-08-17T11:39:30+08:00 ] ::1 /qihang/Thinkblog/index.php/Admin/Login/checklogin
INFO: [ app_begin ] --START--
INFO: Run Behavior\ReadHtmlCacheBehavior [ RunTime:0.000435s ]
INFO: [ app_begin ] --END-- [ RunTime:0.000705s ]

[ 2016-08-17T11:40:54+08:00 ] ::1 /qihang/Thinkblog/index.php/Admin/Login/checklogin
INFO: [ app_begin ] --START--
INFO: Run Behavior\ReadHtmlCacheBehavior [ RunTime:0.000316s ]
INFO: [ app_begin ] --END-- [ RunTime:0.000561s ]

[ 2016-08-17T11:43:04+08:00 ] ::1 /qihang/Thinkblog/index.php/Admin/Login/checklogin
INFO: [ app_begin ] --START--
INFO: Run Behavior\ReadHtmlCacheBehavior [ RunTime:0.000444s ]
INFO: [ app_begin ] --END-- [ RunTime:0.000718s ]

[ 2016-08-17T11:43:55+08:00 ] ::1 /qihang/Thinkblog/index.php/Admin/Login/checklogin
INFO: [ app_begin ] --START--
INFO: Run Behavior\ReadHtmlCacheBehavior [ RunTime:0.000370s ]
INFO: [ app_begin ] --END-- [ RunTime:0.000678s ]

[ 2016-08-17T11:47:16+08:00 ] ::1 /qihang/Thinkblog/index.php/Admin/Login/checklogin
INFO: [ app_begin ] --START--
INFO: Run Behavior\ReadHtmlCacheBehavior [ RunTime:0.000437s ]
INFO: [ app_begin ] --END-- [ RunTime:0.000714s ]

[ 2016-08-17T11:47:18+08:00 ] ::1 /qihang/Thinkblog/index.php/Admin/Login/checklogin
INFO: [ app_begin ] --START--
INFO: Run Behavior\ReadHtmlCacheBehavior [ RunTime:0.000439s ]
INFO: [ app_begin ] --END-- [ RunTime:0.000716s ]

[ 2016-08-17T11:47:18+08:00 ] ::1 /qihang/Thinkblog/index.php/Admin/Login/checklogin
INFO: [ app_begin ] --START--
INFO: Run Behavior\ReadHtmlCacheBehavior [ RunTime:0.000440s ]
INFO: [ app_begin ] --END-- [ RunTime:0.000706s ]

[ 2016-08-17T11:47:18+08:00 ] ::1 /qihang/Thinkblog/index.php/Admin/Login/checklogin
INFO: [ app_begin ] --START--
INFO: Run Behavior\ReadHtmlCacheBehavior [ RunTime:0.000454s ]
INFO: [ app_begin ] --END-- [ RunTime:0.000741s ]

[ 2016-08-17T11:47:18+08:00 ] ::1 /qihang/Thinkblog/index.php/Admin/Login/checklogin
INFO: [ app_begin ] --START--
INFO: Run Behavior\ReadHtmlCacheBehavior [ RunTime:0.000434s ]
INFO: [ app_begin ] --END-- [ RunTime:0.000712s ]

[ 2016-08-17T11:47:19+08:00 ] ::1 /qihang/Thinkblog/index.php/Admin/Login/checklogin
INFO: [ app_begin ] --START--
INFO: Run Behavior\ReadHtmlCacheBehavior [ RunTime:0.000359s ]
INFO: [ app_begin ] --END-- [ RunTime:0.000607s ]

[ 2016-08-17T11:47:19+08:00 ] ::1 /qihang/Thinkblog/index.php/Admin/Login/checklogin
INFO: [ app_begin ] --START--
INFO: Run Behavior\ReadHtmlCacheBehavior [ RunTime:0.000436s ]
INFO: [ app_begin ] --END-- [ RunTime:0.000706s ]

[ 2016-08-17T11:54:15+08:00 ] ::1 /qihang/Thinkblog/index.php/Admin/Login/checklogin
INFO: [ app_begin ] --START--
INFO: Run Behavior\ReadHtmlCacheBehavior [ RunTime:0.000356s ]
INFO: [ app_begin ] --END-- [ RunTime:0.000626s ]

[ 2016-08-17T11:54:17+08:00 ] ::1 /qihang/Thinkblog/index.php/Admin/Login/checklogin
INFO: [ app_begin ] --START--
INFO: Run Behavior\ReadHtmlCacheBehavior [ RunTime:0.000375s ]
INFO: [ app_begin ] --END-- [ RunTime:0.000689s ]

[ 2016-08-17T11:54:17+08:00 ] ::1 /qihang/Thinkblog/index.php/Admin/Login/checklogin
INFO: [ app_begin ] --START--
INFO: Run Behavior\ReadHtmlCacheBehavior [ RunTime:0.000356s ]
INFO: [ app_begin ] --END-- [ RunTime:0.000626s ]

[ 2016-08-17T11:54:56+08:00 ] ::1 /qihang/Thinkblog/index.php/Admin/Login/checklogin
INFO: [ app_begin ] --START--
INFO: Run Behavior\ReadHtmlCacheBehavior [ RunTime:0.000322s ]
INFO: [ app_begin ] --END-- [ RunTime:0.000609s ]

[ 2016-08-17T11:54:58+08:00 ] ::1 /qihang/Thinkblog/index.php/Admin/Login/checklogin
INFO: [ app_begin ] --START--
INFO: Run Behavior\ReadHtmlCacheBehavior [ RunTime:0.000322s ]
INFO: [ app_begin ] --END-- [ RunTime:0.000612s ]

[ 2016-08-17T12:05:17+08:00 ] ::1 /qihang/Thinkblog/index.php/Admin/Login/checklogin
INFO: [ app_begin ] --START--
INFO: Run Behavior\ReadHtmlCacheBehavior [ RunTime:0.000314s ]
INFO: [ app_begin ] --END-- [ RunTime:0.000554s ]

[ 2016-08-17T12:05:23+08:00 ] ::1 /qihang/Thinkblog/index.php/Admin/Login/checklogin
INFO: [ app_begin ] --START--
INFO: Run Behavior\ReadHtmlCacheBehavior [ RunTime:0.000317s ]
INFO: [ app_begin ] --END-- [ RunTime:0.000559s ]

[ 2016-08-17T12:05:37+08:00 ] ::1 /qihang/Thinkblog/index.php/Admin/Login/checklogin
INFO: [ app_begin ] --START--
INFO: Run Behavior\ReadHtmlCacheBehavior [ RunTime:0.000256s ]
INFO: [ app_begin ] --END-- [ RunTime:0.000449s ]

[ 2016-08-17T12:05:44+08:00 ] ::1 /qihang/Thinkblog/index.php/Admin/Login/checklogin
INFO: [ app_begin ] --START--
INFO: Run Behavior\ReadHtmlCacheBehavior [ RunTime:0.000330s ]
INFO: [ app_begin ] --END-- [ RunTime:0.000608s ]

[ 2016-08-17T12:08:26+08:00 ] ::1 /qihang/Thinkblog/index.php/Admin/Login/checklogin
INFO: [ app_begin ] --START--
INFO: Run Behavior\ReadHtmlCacheBehavior [ RunTime:0.000417s ]
INFO: [ app_begin ] --END-- [ RunTime:0.000708s ]

[ 2016-08-17T12:08:27+08:00 ] ::1 /qihang/Thinkblog/index.php/Admin/Login/checklogin
INFO: [ app_begin ] --START--
INFO: Run Behavior\ReadHtmlCacheBehavior [ RunTime:0.000311s ]
INFO: [ app_begin ] --END-- [ RunTime:0.000547s ]

[ 2016-08-17T12:08:28+08:00 ] ::1 /qihang/Thinkblog/index.php/Admin/Login/checklogin
INFO: [ app_begin ] --START--
INFO: Run Behavior\ReadHtmlCacheBehavior [ RunTime:0.000322s ]
INFO: [ app_begin ] --END-- [ RunTime:0.000585s ]

[ 2016-08-17T12:08:28+08:00 ] ::1 /qihang/Thinkblog/index.php/Admin/Login/checklogin
INFO: [ app_begin ] --START--
INFO: Run Behavior\ReadHtmlCacheBehavior [ RunTime:0.000311s ]
INFO: [ app_begin ] --END-- [ RunTime:0.000548s ]

[ 2016-08-17T12:08:28+08:00 ] ::1 /qihang/Thinkblog/index.php/Admin/Login/checklogin
INFO: [ app_begin ] --START--
INFO: Run Behavior\ReadHtmlCacheBehavior [ RunTime:0.000314s ]
INFO: [ app_begin ] --END-- [ RunTime:0.000551s ]

[ 2016-08-17T12:08:29+08:00 ] ::1 /qihang/Thinkblog/index.php/Admin/Login/checklogin
INFO: [ app_begin ] --START--
INFO: Run Behavior\ReadHtmlCacheBehavior [ RunTime:0.000322s ]
INFO: [ app_begin ] --END-- [ RunTime:0.000559s ]

[ 2016-08-17T12:08:29+08:00 ] ::1 /qihang/Thinkblog/index.php/Admin/Login/checklogin
INFO: [ app_begin ] --START--
INFO: Run Behavior\ReadHtmlCacheBehavior [ RunTime:0.000328s ]
INFO: [ app_begin ] --END-- [ RunTime:0.000568s ]

[ 2016-08-17T12:08:29+08:00 ] ::1 /qihang/Thinkblog/index.php/Admin/Login/checklogin
INFO: [ app_begin ] --START--
INFO: Run Behavior\ReadHtmlCacheBehavior [ RunTime:0.000313s ]
INFO: [ app_begin ] --END-- [ RunTime:0.000555s ]

[ 2016-08-17T12:08:29+08:00 ] ::1 /qihang/Thinkblog/index.php/Admin/Login/checklogin
INFO: [ app_begin ] --START--
INFO: Run Behavior\ReadHtmlCacheBehavior [ RunTime:0.000313s ]
INFO: [ app_begin ] --END-- [ RunTime:0.000551s ]

[ 2016-08-17T12:08:29+08:00 ] ::1 /qihang/Thinkblog/index.php/Admin/Login/checklogin
INFO: [ app_begin ] --START--
INFO: Run Behavior\ReadHtmlCacheBehavior [ RunTime:0.000311s ]
INFO: [ app_begin ] --END-- [ RunTime:0.000545s ]

[ 2016-08-17T12:08:30+08:00 ] ::1 /qihang/Thinkblog/index.php/Admin/Login/checklogin
INFO: [ app_begin ] --START--
INFO: Run Behavior\ReadHtmlCacheBehavior [ RunTime:0.000319s ]
INFO: [ app_begin ] --END-- [ RunTime:0.000568s ]

[ 2016-08-17T12:08:30+08:00 ] ::1 /qihang/Thinkblog/index.php/Admin/Login/checklogin
INFO: [ app_begin ] --START--
INFO: Run Behavior\ReadHtmlCacheBehavior [ RunTime:0.000315s ]
INFO: [ app_begin ] --END-- [ RunTime:0.000558s ]

[ 2016-08-17T12:08:30+08:00 ] ::1 /qihang/Thinkblog/index.php/Admin/Login/checklogin
INFO: [ app_begin ] --START--
INFO: Run Behavior\ReadHtmlCacheBehavior [ RunTime:0.000316s ]
INFO: [ app_begin ] --END-- [ RunTime:0.000553s ]

[ 2016-08-17T12:08:30+08:00 ] ::1 /qihang/Thinkblog/index.php/Admin/Login/checklogin
INFO: [ app_begin ] --START--
INFO: Run Behavior\ReadHtmlCacheBehavior [ RunTime:0.000314s ]
INFO: [ app_begin ] --END-- [ RunTime:0.000550s ]

[ 2016-08-17T12:08:30+08:00 ] ::1 /qihang/Thinkblog/index.php/Admin/Login/checklogin
INFO: [ app_begin ] --START--
INFO: Run Behavior\ReadHtmlCacheBehavior [ RunTime:0.000313s ]
INFO: [ app_begin ] --END-- [ RunTime:0.000556s ]

[ 2016-08-17T12:08:31+08:00 ] ::1 /qihang/Thinkblog/index.php/Admin/Login/checklogin
INFO: [ app_begin ] --START--
INFO: Run Behavior\ReadHtmlCacheBehavior [ RunTime:0.000314s ]
INFO: [ app_begin ] --END-- [ RunTime:0.000548s ]

[ 2016-08-17T12:08:31+08:00 ] ::1 /qihang/Thinkblog/index.php/Admin/Login/checklogin
INFO: [ app_begin ] --START--
INFO: Run Behavior\ReadHtmlCacheBehavior [ RunTime:0.000315s ]
INFO: [ app_begin ] --END-- [ RunTime:0.000557s ]

[ 2016-08-17T12:08:31+08:00 ] ::1 /qihang/Thinkblog/index.php/Admin/Login/checklogin
INFO: [ app_begin ] --START--
INFO: Run Behavior\ReadHtmlCacheBehavior [ RunTime:0.000314s ]
INFO: [ app_begin ] --END-- [ RunTime:0.000552s ]

[ 2016-08-17T12:08:31+08:00 ] ::1 /qihang/Thinkblog/index.php/Admin/Login/checklogin
INFO: [ app_begin ] --START--
INFO: Run Behavior\ReadHtmlCacheBehavior [ RunTime:0.000314s ]
INFO: [ app_begin ] --END-- [ RunTime:0.000550s ]

[ 2016-08-17T12:08:31+08:00 ] ::1 /qihang/Thinkblog/index.php/Admin/Login/checklogin
INFO: [ app_begin ] --START--
INFO: Run Behavior\ReadHtmlCacheBehavior [ RunTime:0.000322s ]
INFO: [ app_begin ] --END-- [ RunTime:0.000557s ]

[ 2016-08-17T12:08:31+08:00 ] ::1 /qihang/Thinkblog/index.php/Admin/Login/checklogin
INFO: [ app_begin ] --START--
INFO: Run Behavior\ReadHtmlCacheBehavior [ RunTime:0.000313s ]
INFO: [ app_begin ] --END-- [ RunTime:0.000554s ]

[ 2016-08-17T12:08:32+08:00 ] ::1 /qihang/Thinkblog/index.php/Admin/Login/checklogin
INFO: [ app_begin ] --START--
INFO: Run Behavior\ReadHtmlCacheBehavior [ RunTime:0.000315s ]
INFO: [ app_begin ] --END-- [ RunTime:0.000551s ]

[ 2016-08-17T12:08:47+08:00 ] ::1 /qihang/Thinkblog/index.php/Admin/Login/checklogin
INFO: [ app_begin ] --START--
INFO: Run Behavior\ReadHtmlCacheBehavior [ RunTime:0.000433s ]
INFO: [ app_begin ] --END-- [ RunTime:0.000701s ]

[ 2016-08-17T12:08:48+08:00 ] ::1 /qihang/Thinkblog/index.php/Admin/Login/checklogin
INFO: [ app_begin ] --START--
INFO: Run Behavior\ReadHtmlCacheBehavior [ RunTime:0.000441s ]
INFO: [ app_begin ] --END-- [ RunTime:0.000715s ]

[ 2016-08-17T12:09:44+08:00 ] ::1 /qihang/Thinkblog/index.php/Admin/Login/checklogin
INFO: [ app_begin ] --START--
INFO: Run Behavior\ReadHtmlCacheBehavior [ RunTime:0.000323s ]
INFO: [ app_begin ] --END-- [ RunTime:0.000604s ]

[ 2016-08-17T12:09:45+08:00 ] ::1 /qihang/Thinkblog/index.php/Admin/Login/checklogin
INFO: [ app_begin ] --START--
INFO: Run Behavior\ReadHtmlCacheBehavior [ RunTime:0.000325s ]
INFO: [ app_begin ] --END-- [ RunTime:0.000603s ]

[ 2016-08-17T12:09:45+08:00 ] ::1 /qihang/Thinkblog/index.php/Admin/Login/checklogin
INFO: [ app_begin ] --START--
INFO: Run Behavior\ReadHtmlCacheBehavior [ RunTime:0.000335s ]
INFO: [ app_begin ] --END-- [ RunTime:0.000627s ]

[ 2016-08-17T12:09:46+08:00 ] ::1 /qihang/Thinkblog/index.php/Admin/Login/checklogin
INFO: [ app_begin ] --START--
INFO: Run Behavior\ReadHtmlCacheBehavior [ RunTime:0.000320s ]
INFO: [ app_begin ] --END-- [ RunTime:0.000600s ]

[ 2016-08-17T12:09:46+08:00 ] ::1 /qihang/Thinkblog/index.php/Admin/Login/checklogin
INFO: [ app_begin ] --START--
INFO: Run Behavior\ReadHtmlCacheBehavior [ RunTime:0.000326s ]
INFO: [ app_begin ] --END-- [ RunTime:0.000602s ]

[ 2016-08-17T12:11:01+08:00 ] ::1 /qihang/Thinkblog/index.php/Admin/Login/checklogin
INFO: [ app_begin ] --START--
INFO: Run Behavior\ReadHtmlCacheBehavior [ RunTime:0.000314s ]
INFO: [ app_begin ] --END-- [ RunTime:0.000553s ]

[ 2016-08-17T12:11:01+08:00 ] ::1 /qihang/Thinkblog/index.php/Admin/Login/checklogin
INFO: [ app_begin ] --START--
INFO: Run Behavior\ReadHtmlCacheBehavior [ RunTime:0.000315s ]
INFO: [ app_begin ] --END-- [ RunTime:0.000553s ]

[ 2016-08-17T12:11:01+08:00 ] ::1 /qihang/Thinkblog/index.php/Admin/Login/checklogin
INFO: [ app_begin ] --START--
INFO: Run Behavior\ReadHtmlCacheBehavior [ RunTime:0.000322s ]
INFO: [ app_begin ] --END-- [ RunTime:0.000559s ]

[ 2016-08-17T12:11:39+08:00 ] ::1 /qihang/Thinkblog/index.php/Admin/Login/checklogin
INFO: [ app_begin ] --START--
INFO: Run Behavior\ReadHtmlCacheBehavior [ RunTime:0.000336s ]
INFO: [ app_begin ] --END-- [ RunTime:0.000575s ]

[ 2016-08-17T12:11:39+08:00 ] ::1 /qihang/Thinkblog/index.php/Admin/Login/checklogin
INFO: [ app_begin ] --START--
INFO: Run Behavior\ReadHtmlCacheBehavior [ RunTime:0.000314s ]
INFO: [ app_begin ] --END-- [ RunTime:0.000564s ]

[ 2016-08-17T12:11:44+08:00 ] ::1 /qihang/Thinkblog/index.php/Admin/Login/checklogin
INFO: [ app_begin ] --START--
INFO: Run Behavior\ReadHtmlCacheBehavior [ RunTime:0.000443s ]
INFO: [ app_begin ] --END-- [ RunTime:0.000710s ]

[ 2016-08-17T12:12:11+08:00 ] ::1 /qihang/Thinkblog/index.php/Admin/Login/checklogin
INFO: [ app_begin ] --START--
INFO: Run Behavior\ReadHtmlCacheBehavior [ RunTime:0.000318s ]
INFO: [ app_begin ] --END-- [ RunTime:0.000600s ]

[ 2016-08-17T12:12:12+08:00 ] ::1 /qihang/Thinkblog/index.php/Admin/Login/checklogin
INFO: [ app_begin ] --START--
INFO: Run Behavior\ReadHtmlCacheBehavior [ RunTime:0.000469s ]
INFO: [ app_begin ] --END-- [ RunTime:0.000898s ]

[ 2016-08-17T12:12:12+08:00 ] ::1 /qihang/Thinkblog/index.php/Admin/Login/checklogin
INFO: [ app_begin ] --START--
INFO: Run Behavior\ReadHtmlCacheBehavior [ RunTime:0.000319s ]
INFO: [ app_begin ] --END-- [ RunTime:0.000615s ]

[ 2016-08-17T12:12:12+08:00 ] ::1 /qihang/Thinkblog/index.php/Admin/Login/checklogin
INFO: [ app_begin ] --START--
INFO: Run Behavior\ReadHtmlCacheBehavior [ RunTime:0.000337s ]
INFO: [ app_begin ] --END-- [ RunTime:0.000617s ]

[ 2016-08-17T12:12:13+08:00 ] ::1 /qihang/Thinkblog/index.php/Admin/Login/checklogin
INFO: [ app_begin ] --START--
INFO: Run Behavior\ReadHtmlCacheBehavior [ RunTime:0.000332s ]
INFO: [ app_begin ] --END-- [ RunTime:0.000640s ]

[ 2016-08-17T12:12:13+08:00 ] ::1 /qihang/Thinkblog/index.php/Admin/Login/checklogin
INFO: [ app_begin ] --START--
INFO: Run Behavior\ReadHtmlCacheBehavior [ RunTime:0.000318s ]
INFO: [ app_begin ] --END-- [ RunTime:0.000603s ]

[ 2016-08-17T12:12:13+08:00 ] ::1 /qihang/Thinkblog/index.php/Admin/Login/checklogin
INFO: [ app_begin ] --START--
INFO: Run Behavior\ReadHtmlCacheBehavior [ RunTime:0.000326s ]
INFO: [ app_begin ] --END-- [ RunTime:0.000627s ]

[ 2016-08-17T12:12:13+08:00 ] ::1 /qihang/Thinkblog/index.php/Admin/Login/checklogin
INFO: [ app_begin ] --START--
INFO: Run Behavior\ReadHtmlCacheBehavior [ RunTime:0.000326s ]
INFO: [ app_begin ] --END-- [ RunTime:0.000628s ]

[ 2016-08-17T12:12:13+08:00 ] ::1 /qihang/Thinkblog/index.php/Admin/Login/checklogin
INFO: [ app_begin ] --START--
INFO: Run Behavior\ReadHtmlCacheBehavior [ RunTime:0.000316s ]
INFO: [ app_begin ] --END-- [ RunTime:0.000591s ]

[ 2016-08-17T12:12:13+08:00 ] ::1 /qihang/Thinkblog/index.php/Admin/Login/checklogin
INFO: [ app_begin ] --START--
INFO: Run Behavior\ReadHtmlCacheBehavior [ RunTime:0.000316s ]
INFO: [ app_begin ] --END-- [ RunTime:0.000590s ]

[ 2016-08-17T12:12:14+08:00 ] ::1 /qihang/Thinkblog/index.php/Admin/Login/checklogin
INFO: [ app_begin ] --START--
INFO: Run Behavior\ReadHtmlCacheBehavior [ RunTime:0.000326s ]
INFO: [ app_begin ] --END-- [ RunTime:0.000672s ]

[ 2016-08-17T12:12:14+08:00 ] ::1 /qihang/Thinkblog/index.php/Admin/Login/checklogin
INFO: [ app_begin ] --START--
INFO: Run Behavior\ReadHtmlCacheBehavior [ RunTime:0.000316s ]
INFO: [ app_begin ] --END-- [ RunTime:0.000592s ]

[ 2016-08-17T12:12:14+08:00 ] ::1 /qihang/Thinkblog/index.php/Admin/Login/checklogin
INFO: [ app_begin ] --START--
INFO: Run Behavior\ReadHtmlCacheBehavior [ RunTime:0.000319s ]
INFO: [ app_begin ] --END-- [ RunTime:0.000597s ]

[ 2016-08-17T12:12:14+08:00 ] ::1 /qihang/Thinkblog/index.php/Admin/Login/checklogin
INFO: [ app_begin ] --START--
INFO: Run Behavior\ReadHtmlCacheBehavior [ RunTime:0.000268s ]
INFO: [ app_begin ] --END-- [ RunTime:0.000504s ]

[ 2016-08-17T12:12:14+08:00 ] ::1 /qihang/Thinkblog/index.php/Admin/Login/checklogin
INFO: [ app_begin ] --START--
INFO: Run Behavior\ReadHtmlCacheBehavior [ RunTime:0.000267s ]
INFO: [ app_begin ] --END-- [ RunTime:0.000500s ]

[ 2016-08-17T12:12:14+08:00 ] ::1 /qihang/Thinkblog/index.php/Admin/Login/checklogin
INFO: [ app_begin ] --START--
INFO: Run Behavior\ReadHtmlCacheBehavior [ RunTime:0.000273s ]
INFO: [ app_begin ] --END-- [ RunTime:0.000504s ]

[ 2016-08-17T12:12:15+08:00 ] ::1 /qihang/Thinkblog/index.php/Admin/Login/checklogin
INFO: [ app_begin ] --START--
INFO: Run Behavior\ReadHtmlCacheBehavior [ RunTime:0.000318s ]
INFO: [ app_begin ] --END-- [ RunTime:0.000591s ]

[ 2016-08-17T12:12:15+08:00 ] ::1 /qihang/Thinkblog/index.php/Admin/Login/checklogin
INFO: [ app_begin ] --START--
INFO: Run Behavior\ReadHtmlCacheBehavior [ RunTime:0.000320s ]
INFO: [ app_begin ] --END-- [ RunTime:0.000600s ]

[ 2016-08-17T12:12:15+08:00 ] ::1 /qihang/Thinkblog/index.php/Admin/Login/checklogin
INFO: [ app_begin ] --START--
INFO: Run Behavior\ReadHtmlCacheBehavior [ RunTime:0.000327s ]
INFO: [ app_begin ] --END-- [ RunTime:0.000633s ]

[ 2016-08-17T12:12:15+08:00 ] ::1 /qihang/Thinkblog/index.php/Admin/Login/checklogin
INFO: [ app_begin ] --START--
INFO: Run Behavior\ReadHtmlCacheBehavior [ RunTime:0.000321s ]
INFO: [ app_begin ] --END-- [ RunTime:0.000598s ]

[ 2016-08-17T12:12:15+08:00 ] ::1 /qihang/Thinkblog/index.php/Admin/Login/checklogin
INFO: [ app_begin ] --START--
INFO: Run Behavior\ReadHtmlCacheBehavior [ RunTime:0.000319s ]
INFO: [ app_begin ] --END-- [ RunTime:0.000596s ]

[ 2016-08-17T12:12:16+08:00 ] ::1 /qihang/Thinkblog/index.php/Admin/Login/checklogin
INFO: [ app_begin ] --START--
INFO: Run Behavior\ReadHtmlCacheBehavior [ RunTime:0.000318s ]
INFO: [ app_begin ] --END-- [ RunTime:0.000595s ]

[ 2016-08-17T12:12:16+08:00 ] ::1 /qihang/Thinkblog/index.php/Admin/Login/checklogin
INFO: [ app_begin ] --START--
INFO: Run Behavior\ReadHtmlCacheBehavior [ RunTime:0.000316s ]
INFO: [ app_begin ] --END-- [ RunTime:0.000598s ]

[ 2016-08-17T12:12:16+08:00 ] ::1 /qihang/Thinkblog/index.php/Admin/Login/checklogin
INFO: [ app_begin ] --START--
INFO: Run Behavior\ReadHtmlCacheBehavior [ RunTime:0.000317s ]
INFO: [ app_begin ] --END-- [ RunTime:0.000590s ]

[ 2016-08-17T12:12:16+08:00 ] ::1 /qihang/Thinkblog/index.php/Admin/Login/checklogin
INFO: [ app_begin ] --START--
INFO: Run Behavior\ReadHtmlCacheBehavior [ RunTime:0.000324s ]
INFO: [ app_begin ] --END-- [ RunTime:0.000616s ]

[ 2016-08-17T12:12:16+08:00 ] ::1 /qihang/Thinkblog/index.php/Admin/Login/checklogin
INFO: [ app_begin ] --START--
INFO: Run Behavior\ReadHtmlCacheBehavior [ RunTime:0.000314s ]
INFO: [ app_begin ] --END-- [ RunTime:0.000590s ]

[ 2016-08-17T12:12:16+08:00 ] ::1 /qihang/Thinkblog/index.php/Admin/Login/checklogin
INFO: [ app_begin ] --START--
INFO: Run Behavior\ReadHtmlCacheBehavior [ RunTime:0.000319s ]
INFO: [ app_begin ] --END-- [ RunTime:0.000605s ]

[ 2016-08-17T12:12:50+08:00 ] ::1 /qihang/Thinkblog/index.php/Admin/Login/checklogin
INFO: [ app_begin ] --START--
INFO: Run Behavior\ReadHtmlCacheBehavior [ RunTime:0.000329s ]
INFO: [ app_begin ] --END-- [ RunTime:0.000565s ]

[ 2016-08-17T12:13:34+08:00 ] ::1 /qihang/Thinkblog/index.php/Admin/Login/checklogin
INFO: [ app_begin ] --START--
INFO: Run Behavior\ReadHtmlCacheBehavior [ RunTime:0.000312s ]
INFO: [ app_begin ] --END-- [ RunTime:0.000556s ]

[ 2016-08-17T12:14:10+08:00 ] ::1 /qihang/Thinkblog/index.php/Admin/Login/checklogin
INFO: [ app_begin ] --START--
INFO: Run Behavior\ReadHtmlCacheBehavior [ RunTime:0.000316s ]
INFO: [ app_begin ] --END-- [ RunTime:0.000596s ]

[ 2016-08-17T12:14:11+08:00 ] ::1 /qihang/Thinkblog/index.php/Admin/Login/checklogin
INFO: [ app_begin ] --START--
INFO: Run Behavior\ReadHtmlCacheBehavior [ RunTime:0.000321s ]
INFO: [ app_begin ] --END-- [ RunTime:0.000597s ]

[ 2016-08-17T12:14:11+08:00 ] ::1 /qihang/Thinkblog/index.php/Admin/Login/checklogin
INFO: [ app_begin ] --START--
INFO: Run Behavior\ReadHtmlCacheBehavior [ RunTime:0.000339s ]
INFO: [ app_begin ] --END-- [ RunTime:0.000631s ]

[ 2016-08-17T12:14:11+08:00 ] ::1 /qihang/Thinkblog/index.php/Admin/Login/checklogin
INFO: [ app_begin ] --START--
INFO: Run Behavior\ReadHtmlCacheBehavior [ RunTime:0.000268s ]
INFO: [ app_begin ] --END-- [ RunTime:0.000586s ]

[ 2016-08-17T12:14:11+08:00 ] ::1 /qihang/Thinkblog/index.php/Admin/Login/checklogin
INFO: [ app_begin ] --START--
INFO: Run Behavior\ReadHtmlCacheBehavior [ RunTime:0.000287s ]
INFO: [ app_begin ] --END-- [ RunTime:0.000526s ]

[ 2016-08-17T12:14:12+08:00 ] ::1 /qihang/Thinkblog/index.php/Admin/Login/checklogin
INFO: [ app_begin ] --START--
INFO: Run Behavior\ReadHtmlCacheBehavior [ RunTime:0.000327s ]
INFO: [ app_begin ] --END-- [ RunTime:0.000616s ]

[ 2016-08-17T12:14:12+08:00 ] ::1 /qihang/Thinkblog/index.php/Admin/Login/checklogin
INFO: [ app_begin ] --START--
INFO: Run Behavior\ReadHtmlCacheBehavior [ RunTime:0.000317s ]
INFO: [ app_begin ] --END-- [ RunTime:0.000593s ]

[ 2016-08-17T12:14:12+08:00 ] ::1 /qihang/Thinkblog/index.php/Admin/Login/checklogin
INFO: [ app_begin ] --START--
INFO: Run Behavior\ReadHtmlCacheBehavior [ RunTime:0.000321s ]
INFO: [ app_begin ] --END-- [ RunTime:0.000603s ]

[ 2016-08-17T12:14:12+08:00 ] ::1 /qihang/Thinkblog/index.php/Admin/Login/checklogin
INFO: [ app_begin ] --START--
INFO: Run Behavior\ReadHtmlCacheBehavior [ RunTime:0.000275s ]
INFO: [ app_begin ] --END-- [ RunTime:0.000557s ]

[ 2016-08-17T12:14:12+08:00 ] ::1 /qihang/Thinkblog/index.php/Admin/Login/checklogin
INFO: [ app_begin ] --START--
INFO: Run Behavior\ReadHtmlCacheBehavior [ RunTime:0.000318s ]
INFO: [ app_begin ] --END-- [ RunTime:0.000600s ]

[ 2016-08-17T12:14:12+08:00 ] ::1 /qihang/Thinkblog/index.php/Admin/Login/checklogin
INFO: [ app_begin ] --START--
INFO: Run Behavior\ReadHtmlCacheBehavior [ RunTime:0.000327s ]
INFO: [ app_begin ] --END-- [ RunTime:0.000600s ]

[ 2016-08-17T12:14:13+08:00 ] ::1 /qihang/Thinkblog/index.php/Admin/Login/checklogin
INFO: [ app_begin ] --START--
INFO: Run Behavior\ReadHtmlCacheBehavior [ RunTime:0.000320s ]
INFO: [ app_begin ] --END-- [ RunTime:0.000608s ]

[ 2016-08-17T12:14:13+08:00 ] ::1 /qihang/Thinkblog/index.php/Admin/Login/checklogin
INFO: [ app_begin ] --START--
INFO: Run Behavior\ReadHtmlCacheBehavior [ RunTime:0.000266s ]
INFO: [ app_begin ] --END-- [ RunTime:0.000556s ]

[ 2016-08-17T12:14:13+08:00 ] ::1 /qihang/Thinkblog/index.php/Admin/Login/checklogin
INFO: [ app_begin ] --START--
INFO: Run Behavior\ReadHtmlCacheBehavior [ RunTime:0.000317s ]
INFO: [ app_begin ] --END-- [ RunTime:0.000595s ]

[ 2016-08-17T12:14:13+08:00 ] ::1 /qihang/Thinkblog/index.php/Admin/Login/checklogin
INFO: [ app_begin ] --START--
INFO: Run Behavior\ReadHtmlCacheBehavior [ RunTime:0.000341s ]
INFO: [ app_begin ] --END-- [ RunTime:0.000618s ]

[ 2016-08-17T12:14:13+08:00 ] ::1 /qihang/Thinkblog/index.php/Admin/Login/checklogin
INFO: [ app_begin ] --START--
INFO: Run Behavior\ReadHtmlCacheBehavior [ RunTime:0.000349s ]
INFO: [ app_begin ] --END-- [ RunTime:0.000671s ]

[ 2016-08-17T12:14:13+08:00 ] ::1 /qihang/Thinkblog/index.php/Admin/Login/checklogin
INFO: [ app_begin ] --START--
INFO: Run Behavior\ReadHtmlCacheBehavior [ RunTime:0.000321s ]
INFO: [ app_begin ] --END-- [ RunTime:0.000612s ]

[ 2016-08-17T12:14:13+08:00 ] ::1 /qihang/Thinkblog/index.php/Admin/Login/checklogin
INFO: [ app_begin ] --START--
INFO: Run Behavior\ReadHtmlCacheBehavior [ RunTime:0.000321s ]
INFO: [ app_begin ] --END-- [ RunTime:0.000595s ]

[ 2016-08-17T12:14:14+08:00 ] ::1 /qihang/Thinkblog/index.php/Admin/Login/checklogin
INFO: [ app_begin ] --START--
INFO: Run Behavior\ReadHtmlCacheBehavior [ RunTime:0.000317s ]
INFO: [ app_begin ] --END-- [ RunTime:0.000598s ]

[ 2016-08-17T12:14:14+08:00 ] ::1 /qihang/Thinkblog/index.php/Admin/Login/checklogin
INFO: [ app_begin ] --START--
INFO: Run Behavior\ReadHtmlCacheBehavior [ RunTime:0.000390s ]
INFO: [ app_begin ] --END-- [ RunTime:0.000676s ]

[ 2016-08-17T12:14:14+08:00 ] ::1 /qihang/Thinkblog/index.php/Admin/Login/checklogin
INFO: [ app_begin ] --START--
INFO: Run Behavior\ReadHtmlCacheBehavior [ RunTime:0.000320s ]
INFO: [ app_begin ] --END-- [ RunTime:0.000611s ]

[ 2016-08-17T12:15:03+08:00 ] ::1 /qihang/Thinkblog/index.php/Admin/Login/checklogin
INFO: [ app_begin ] --START--
INFO: Run Behavior\ReadHtmlCacheBehavior [ RunTime:0.000721s ]
INFO: [ app_begin ] --END-- [ RunTime:0.001138s ]
SQL: SHOW COLUMNS FROM `think_admin` [ RunTime:0.0042s ]
SQL: SELECT * FROM `think_admin` WHERE `user` = 'asdfa' LIMIT 1   [ RunTime:0.0007s ]

[ 2016-08-17T12:15:03+08:00 ] ::1 /qihang/Thinkblog/index.php/Admin/Login/checklogin
INFO: [ app_begin ] --START--
INFO: Run Behavior\ReadHtmlCacheBehavior [ RunTime:0.000437s ]
INFO: [ app_begin ] --END-- [ RunTime:0.000720s ]

[ 2016-08-17T13:08:11+08:00 ] ::1 /qihang/Thinkblog/index.php/Admin/Login/checklogin
INFO: [ app_begin ] --START--
INFO: Run Behavior\ReadHtmlCacheBehavior [ RunTime:0.000351s ]
INFO: [ app_begin ] --END-- [ RunTime:0.000587s ]

[ 2016-08-17T13:08:12+08:00 ] ::1 /qihang/Thinkblog/index.php/Admin/Login/checklogin
INFO: [ app_begin ] --START--
INFO: Run Behavior\ReadHtmlCacheBehavior [ RunTime:0.000351s ]
INFO: [ app_begin ] --END-- [ RunTime:0.000634s ]

[ 2016-08-17T13:08:12+08:00 ] ::1 /qihang/Thinkblog/index.php/Admin/Login/checklogin
INFO: [ app_begin ] --START--
INFO: Run Behavior\ReadHtmlCacheBehavior [ RunTime:0.000320s ]
INFO: [ app_begin ] --END-- [ RunTime:0.000604s ]

[ 2016-08-17T13:08:12+08:00 ] ::1 /qihang/Thinkblog/index.php/Admin/Login/checklogin
INFO: [ app_begin ] --START--
INFO: Run Behavior\ReadHtmlCacheBehavior [ RunTime:0.000316s ]
INFO: [ app_begin ] --END-- [ RunTime:0.000599s ]

[ 2016-08-17T13:08:12+08:00 ] ::1 /qihang/Thinkblog/index.php/Admin/Login/checklogin
INFO: [ app_begin ] --START--
INFO: Run Behavior\ReadHtmlCacheBehavior [ RunTime:0.000321s ]
INFO: [ app_begin ] --END-- [ RunTime:0.000601s ]

[ 2016-08-17T13:08:12+08:00 ] ::1 /qihang/Thinkblog/index.php/Admin/Login/checklogin
INFO: [ app_begin ] --START--
INFO: Run Behavior\ReadHtmlCacheBehavior [ RunTime:0.000331s ]
INFO: [ app_begin ] --END-- [ RunTime:0.000638s ]

[ 2016-08-17T13:08:13+08:00 ] ::1 /qihang/Thinkblog/index.php/Admin/Login/checklogin
INFO: [ app_begin ] --START--
INFO: Run Behavior\ReadHtmlCacheBehavior [ RunTime:0.000321s ]
INFO: [ app_begin ] --END-- [ RunTime:0.000605s ]

[ 2016-08-17T13:08:13+08:00 ] ::1 /qihang/Thinkblog/index.php/Admin/Login/checklogin
INFO: [ app_begin ] --START--
INFO: Run Behavior\ReadHtmlCacheBehavior [ RunTime:0.000299s ]
INFO: [ app_begin ] --END-- [ RunTime:0.000529s ]

[ 2016-08-17T13:08:13+08:00 ] ::1 /qihang/Thinkblog/index.php/Admin/Login/checklogin
INFO: [ app_begin ] --START--
INFO: Run Behavior\ReadHtmlCacheBehavior [ RunTime:0.000328s ]
INFO: [ app_begin ] --END-- [ RunTime:0.000602s ]

[ 2016-08-17T13:08:13+08:00 ] ::1 /qihang/Thinkblog/index.php/Admin/Login/checklogin
INFO: [ app_begin ] --START--
INFO: Run Behavior\ReadHtmlCacheBehavior [ RunTime:0.000322s ]
INFO: [ app_begin ] --END-- [ RunTime:0.000605s ]

[ 2016-08-17T13:08:13+08:00 ] ::1 /qihang/Thinkblog/index.php/Admin/Login/checklogin
INFO: [ app_begin ] --START--
INFO: Run Behavior\ReadHtmlCacheBehavior [ RunTime:0.000320s ]
INFO: [ app_begin ] --END-- [ RunTime:0.000599s ]

[ 2016-08-17T13:08:14+08:00 ] ::1 /qihang/Thinkblog/index.php/Admin/Login/checklogin
INFO: [ app_begin ] --START--
INFO: Run Behavior\ReadHtmlCacheBehavior [ RunTime:0.000326s ]
INFO: [ app_begin ] --END-- [ RunTime:0.000630s ]

[ 2016-08-17T13:08:14+08:00 ] ::1 /qihang/Thinkblog/index.php/Admin/Login/checklogin
INFO: [ app_begin ] --START--
INFO: Run Behavior\ReadHtmlCacheBehavior [ RunTime:0.000318s ]
INFO: [ app_begin ] --END-- [ RunTime:0.000601s ]

[ 2016-08-17T13:08:14+08:00 ] ::1 /qihang/Thinkblog/index.php/Admin/Login/checklogin
INFO: [ app_begin ] --START--
INFO: Run Behavior\ReadHtmlCacheBehavior [ RunTime:0.000326s ]
INFO: [ app_begin ] --END-- [ RunTime:0.000599s ]

[ 2016-08-17T13:08:14+08:00 ] ::1 /qihang/Thinkblog/index.php/Admin/Login/checklogin
INFO: [ app_begin ] --START--
INFO: Run Behavior\ReadHtmlCacheBehavior [ RunTime:0.000325s ]
INFO: [ app_begin ] --END-- [ RunTime:0.000601s ]

[ 2016-08-17T13:08:14+08:00 ] ::1 /qihang/Thinkblog/index.php/Admin/Login/checklogin
INFO: [ app_begin ] --START--
INFO: Run Behavior\ReadHtmlCacheBehavior [ RunTime:0.000329s ]
INFO: [ app_begin ] --END-- [ RunTime:0.000649s ]

[ 2016-08-17T13:08:14+08:00 ] ::1 /qihang/Thinkblog/index.php/Admin/Login/checklogin
INFO: [ app_begin ] --START--
INFO: Run Behavior\ReadHtmlCacheBehavior [ RunTime:0.000327s ]
INFO: [ app_begin ] --END-- [ RunTime:0.000617s ]

[ 2016-08-17T13:08:15+08:00 ] ::1 /qihang/Thinkblog/index.php/Admin/Login/checklogin
INFO: [ app_begin ] --START--
INFO: Run Behavior\ReadHtmlCacheBehavior [ RunTime:0.000321s ]
INFO: [ app_begin ] --END-- [ RunTime:0.000595s ]

[ 2016-08-17T13:08:15+08:00 ] ::1 /qihang/Thinkblog/index.php/Admin/Login/checklogin
INFO: [ app_begin ] --START--
INFO: Run Behavior\ReadHtmlCacheBehavior [ RunTime:0.000323s ]
INFO: [ app_begin ] --END-- [ RunTime:0.000595s ]

[ 2016-08-17T13:08:15+08:00 ] ::1 /qihang/Thinkblog/index.php/Admin/Login/checklogin
INFO: [ app_begin ] --START--
INFO: Run Behavior\ReadHtmlCacheBehavior [ RunTime:0.000321s ]
INFO: [ app_begin ] --END-- [ RunTime:0.000603s ]

[ 2016-08-17T13:08:15+08:00 ] ::1 /qihang/Thinkblog/index.php/Admin/Login/checklogin
INFO: [ app_begin ] --START--
INFO: Run Behavior\ReadHtmlCacheBehavior [ RunTime:0.000482s ]
INFO: [ app_begin ] --END-- [ RunTime:0.001048s ]

[ 2016-08-17T13:08:15+08:00 ] ::1 /qihang/Thinkblog/index.php/Admin/Login/checklogin
INFO: [ app_begin ] --START--
INFO: Run Behavior\ReadHtmlCacheBehavior [ RunTime:0.000330s ]
INFO: [ app_begin ] --END-- [ RunTime:0.000602s ]

[ 2016-08-17T13:08:15+08:00 ] ::1 /qihang/Thinkblog/index.php/Admin/Login/checklogin
INFO: [ app_begin ] --START--
INFO: Run Behavior\ReadHtmlCacheBehavior [ RunTime:0.000319s ]
INFO: [ app_begin ] --END-- [ RunTime:0.000604s ]

[ 2016-08-17T13:08:16+08:00 ] ::1 /qihang/Thinkblog/index.php/Admin/Login/checklogin
INFO: [ app_begin ] --START--
INFO: Run Behavior\ReadHtmlCacheBehavior [ RunTime:0.000327s ]
INFO: [ app_begin ] --END-- [ RunTime:0.000601s ]

[ 2016-08-17T13:08:17+08:00 ] ::1 /qihang/Thinkblog/index.php/Admin/Login/checklogin
INFO: [ app_begin ] --START--
INFO: Run Behavior\ReadHtmlCacheBehavior [ RunTime:0.000278s ]
INFO: [ app_begin ] --END-- [ RunTime:0.000514s ]

[ 2016-08-17T13:08:17+08:00 ] ::1 /qihang/Thinkblog/index.php/Admin/Login/checklogin
INFO: [ app_begin ] --START--
INFO: Run Behavior\ReadHtmlCacheBehavior [ RunTime:0.000317s ]
INFO: [ app_begin ] --END-- [ RunTime:0.000597s ]

[ 2016-08-17T13:08:17+08:00 ] ::1 /qihang/Thinkblog/index.php/Admin/Login/checklogin
INFO: [ app_begin ] --START--
INFO: Run Behavior\ReadHtmlCacheBehavior [ RunTime:0.000317s ]
INFO: [ app_begin ] --END-- [ RunTime:0.000592s ]

[ 2016-08-17T13:08:17+08:00 ] ::1 /qihang/Thinkblog/index.php/Admin/Login/checklogin
INFO: [ app_begin ] --START--
INFO: Run Behavior\ReadHtmlCacheBehavior [ RunTime:0.000323s ]
INFO: [ app_begin ] --END-- [ RunTime:0.000597s ]

[ 2016-08-17T13:08:17+08:00 ] ::1 /qihang/Thinkblog/index.php/Admin/Login/checklogin
INFO: [ app_begin ] --START--
INFO: Run Behavior\ReadHtmlCacheBehavior [ RunTime:0.000317s ]
INFO: [ app_begin ] --END-- [ RunTime:0.000599s ]

[ 2016-08-17T13:08:18+08:00 ] ::1 /qihang/Thinkblog/index.php/Admin/Login/checklogin
INFO: [ app_begin ] --START--
INFO: Run Behavior\ReadHtmlCacheBehavior [ RunTime:0.000319s ]
INFO: [ app_begin ] --END-- [ RunTime:0.000593s ]

[ 2016-08-17T13:08:18+08:00 ] ::1 /qihang/Thinkblog/index.php/Admin/Login/checklogin
INFO: [ app_begin ] --START--
INFO: Run Behavior\ReadHtmlCacheBehavior [ RunTime:0.000331s ]
INFO: [ app_begin ] --END-- [ RunTime:0.000605s ]

[ 2016-08-17T13:08:18+08:00 ] ::1 /qihang/Thinkblog/index.php/Admin/Login/checklogin
INFO: [ app_begin ] --START--
INFO: Run Behavior\ReadHtmlCacheBehavior [ RunTime:0.000330s ]
INFO: [ app_begin ] --END-- [ RunTime:0.000607s ]

[ 2016-08-17T13:08:18+08:00 ] ::1 /qihang/Thinkblog/index.php/Admin/Login/checklogin
INFO: [ app_begin ] --START--
INFO: Run Behavior\ReadHtmlCacheBehavior [ RunTime:0.000316s ]
INFO: [ app_begin ] --END-- [ RunTime:0.000600s ]

[ 2016-08-17T13:08:18+08:00 ] ::1 /qihang/Thinkblog/index.php/Admin/Login/checklogin
INFO: [ app_begin ] --START--
INFO: Run Behavior\ReadHtmlCacheBehavior [ RunTime:0.000321s ]
INFO: [ app_begin ] --END-- [ RunTime:0.000603s ]

[ 2016-08-17T13:08:18+08:00 ] ::1 /qihang/Thinkblog/index.php/Admin/Login/checklogin
INFO: [ app_begin ] --START--
INFO: Run Behavior\ReadHtmlCacheBehavior [ RunTime:0.000319s ]
INFO: [ app_begin ] --END-- [ RunTime:0.000599s ]

[ 2016-08-17T13:08:18+08:00 ] ::1 /qihang/Thinkblog/index.php/Admin/Login/checklogin
INFO: [ app_begin ] --START--
INFO: Run Behavior\ReadHtmlCacheBehavior [ RunTime:0.000318s ]
INFO: [ app_begin ] --END-- [ RunTime:0.000596s ]

[ 2016-08-17T13:08:19+08:00 ] ::1 /qihang/Thinkblog/index.php/Admin/Login/checklogin
INFO: [ app_begin ] --START--
INFO: Run Behavior\ReadHtmlCacheBehavior [ RunTime:0.000319s ]
INFO: [ app_begin ] --END-- [ RunTime:0.000599s ]

[ 2016-08-17T13:08:19+08:00 ] ::1 /qihang/Thinkblog/index.php/Admin/Login/checklogin
INFO: [ app_begin ] --START--
INFO: Run Behavior\ReadHtmlCacheBehavior [ RunTime:0.000319s ]
INFO: [ app_begin ] --END-- [ RunTime:0.000598s ]

[ 2016-08-17T13:08:19+08:00 ] ::1 /qihang/Thinkblog/index.php/Admin/Login/checklogin
INFO: [ app_begin ] --START--
INFO: Run Behavior\ReadHtmlCacheBehavior [ RunTime:0.000316s ]
INFO: [ app_begin ] --END-- [ RunTime:0.000597s ]

[ 2016-08-17T13:08:19+08:00 ] ::1 /qihang/Thinkblog/index.php/Admin/Login/checklogin
INFO: [ app_begin ] --START--
INFO: Run Behavior\ReadHtmlCacheBehavior [ RunTime:0.000322s ]
INFO: [ app_begin ] --END-- [ RunTime:0.000616s ]

[ 2016-08-17T13:08:20+08:00 ] ::1 /qihang/Thinkblog/index.php/Admin/Login/checklogin
INFO: [ app_begin ] --START--
INFO: Run Behavior\ReadHtmlCacheBehavior [ RunTime:0.000318s ]
INFO: [ app_begin ] --END-- [ RunTime:0.000596s ]

[ 2016-08-17T13:08:20+08:00 ] ::1 /qihang/Thinkblog/index.php/Admin/Login/checklogin
INFO: [ app_begin ] --START--
INFO: Run Behavior\ReadHtmlCacheBehavior [ RunTime:0.000329s ]
INFO: [ app_begin ] --END-- [ RunTime:0.000614s ]

[ 2016-08-17T13:08:20+08:00 ] ::1 /qihang/Thinkblog/index.php/Admin/Login/checklogin
INFO: [ app_begin ] --START--
INFO: Run Behavior\ReadHtmlCacheBehavior [ RunTime:0.000318s ]
INFO: [ app_begin ] --END-- [ RunTime:0.000593s ]

[ 2016-08-17T13:08:20+08:00 ] ::1 /qihang/Thinkblog/index.php/Admin/Login/checklogin
INFO: [ app_begin ] --START--
INFO: Run Behavior\ReadHtmlCacheBehavior [ RunTime:0.000320s ]
INFO: [ app_begin ] --END-- [ RunTime:0.000595s ]

[ 2016-08-17T13:08:20+08:00 ] ::1 /qihang/Thinkblog/index.php/Admin/Login/checklogin
INFO: [ app_begin ] --START--
INFO: Run Behavior\ReadHtmlCacheBehavior [ RunTime:0.000321s ]
INFO: [ app_begin ] --END-- [ RunTime:0.000595s ]

[ 2016-08-17T13:08:20+08:00 ] ::1 /qihang/Thinkblog/index.php/Admin/Login/checklogin
INFO: [ app_begin ] --START--
INFO: Run Behavior\ReadHtmlCacheBehavior [ RunTime:0.000336s ]
INFO: [ app_begin ] --END-- [ RunTime:0.000631s ]

[ 2016-08-17T13:08:21+08:00 ] ::1 /qihang/Thinkblog/index.php/Admin/Login/checklogin
INFO: [ app_begin ] --START--
INFO: Run Behavior\ReadHtmlCacheBehavior [ RunTime:0.000317s ]
INFO: [ app_begin ] --END-- [ RunTime:0.000593s ]

[ 2016-08-17T13:08:21+08:00 ] ::1 /qihang/Thinkblog/index.php/Admin/Login/checklogin
INFO: [ app_begin ] --START--
INFO: Run Behavior\ReadHtmlCacheBehavior [ RunTime:0.000319s ]
INFO: [ app_begin ] --END-- [ RunTime:0.000595s ]

[ 2016-08-17T13:08:21+08:00 ] ::1 /qihang/Thinkblog/index.php/Admin/Login/checklogin
INFO: [ app_begin ] --START--
INFO: Run Behavior\ReadHtmlCacheBehavior [ RunTime:0.000483s ]
INFO: [ app_begin ] --END-- [ RunTime:0.000919s ]

[ 2016-08-17T13:08:21+08:00 ] ::1 /qihang/Thinkblog/index.php/Admin/Login/checklogin
INFO: [ app_begin ] --START--
INFO: Run Behavior\ReadHtmlCacheBehavior [ RunTime:0.000318s ]
INFO: [ app_begin ] --END-- [ RunTime:0.000602s ]

[ 2016-08-17T13:08:21+08:00 ] ::1 /qihang/Thinkblog/index.php/Admin/Login/checklogin
INFO: [ app_begin ] --START--
INFO: Run Behavior\ReadHtmlCacheBehavior [ RunTime:0.000323s ]
INFO: [ app_begin ] --END-- [ RunTime:0.000600s ]

[ 2016-08-17T13:08:22+08:00 ] ::1 /qihang/Thinkblog/index.php/Admin/Login/checklogin
INFO: [ app_begin ] --START--
INFO: Run Behavior\ReadHtmlCacheBehavior [ RunTime:0.000321s ]
INFO: [ app_begin ] --END-- [ RunTime:0.000597s ]

[ 2016-08-17T13:08:22+08:00 ] ::1 /qihang/Thinkblog/index.php/Admin/Login/checklogin
INFO: [ app_begin ] --START--
INFO: Run Behavior\ReadHtmlCacheBehavior [ RunTime:0.000322s ]
INFO: [ app_begin ] --END-- [ RunTime:0.000601s ]

[ 2016-08-17T13:08:22+08:00 ] ::1 /qihang/Thinkblog/index.php/Admin/Login/checklogin
INFO: [ app_begin ] --START--
INFO: Run Behavior\ReadHtmlCacheBehavior [ RunTime:0.000316s ]
INFO: [ app_begin ] --END-- [ RunTime:0.000600s ]

[ 2016-08-17T13:08:22+08:00 ] ::1 /qihang/Thinkblog/index.php/Admin/Login/checklogin
INFO: [ app_begin ] --START--
INFO: Run Behavior\ReadHtmlCacheBehavior [ RunTime:0.000316s ]
INFO: [ app_begin ] --END-- [ RunTime:0.000594s ]

[ 2016-08-17T13:08:22+08:00 ] ::1 /qihang/Thinkblog/index.php/Admin/Login/checklogin
INFO: [ app_begin ] --START--
INFO: Run Behavior\ReadHtmlCacheBehavior [ RunTime:0.000317s ]
INFO: [ app_begin ] --END-- [ RunTime:0.000597s ]

[ 2016-08-17T13:08:22+08:00 ] ::1 /qihang/Thinkblog/index.php/Admin/Login/checklogin
INFO: [ app_begin ] --START--
INFO: Run Behavior\ReadHtmlCacheBehavior [ RunTime:0.000278s ]
INFO: [ app_begin ] --END-- [ RunTime:0.000511s ]

[ 2016-08-17T13:08:23+08:00 ] ::1 /qihang/Thinkblog/index.php/Admin/Login/checklogin
INFO: [ app_begin ] --START--
INFO: Run Behavior\ReadHtmlCacheBehavior [ RunTime:0.000315s ]
INFO: [ app_begin ] --END-- [ RunTime:0.000591s ]

[ 2016-08-17T13:08:23+08:00 ] ::1 /qihang/Thinkblog/index.php/Admin/Login/checklogin
INFO: [ app_begin ] --START--
INFO: Run Behavior\ReadHtmlCacheBehavior [ RunTime:0.000319s ]
INFO: [ app_begin ] --END-- [ RunTime:0.000598s ]

[ 2016-08-17T13:08:23+08:00 ] ::1 /qihang/Thinkblog/index.php/Admin/Login/checklogin
INFO: [ app_begin ] --START--
INFO: Run Behavior\ReadHtmlCacheBehavior [ RunTime:0.000319s ]
INFO: [ app_begin ] --END-- [ RunTime:0.000602s ]

[ 2016-08-17T13:08:23+08:00 ] ::1 /qihang/Thinkblog/index.php/Admin/Login/checklogin
INFO: [ app_begin ] --START--
INFO: Run Behavior\ReadHtmlCacheBehavior [ RunTime:0.000316s ]
INFO: [ app_begin ] --END-- [ RunTime:0.000592s ]

[ 2016-08-17T13:08:23+08:00 ] ::1 /qihang/Thinkblog/index.php/Admin/Login/checklogin
INFO: [ app_begin ] --START--
INFO: Run Behavior\ReadHtmlCacheBehavior [ RunTime:0.000318s ]
INFO: [ app_begin ] --END-- [ RunTime:0.000596s ]

[ 2016-08-17T13:08:24+08:00 ] ::1 /qihang/Thinkblog/index.php/Admin/Login/checklogin
INFO: [ app_begin ] --START--
INFO: Run Behavior\ReadHtmlCacheBehavior [ RunTime:0.000315s ]
INFO: [ app_begin ] --END-- [ RunTime:0.000595s ]

[ 2016-08-17T13:08:24+08:00 ] ::1 /qihang/Thinkblog/index.php/Admin/Login/checklogin
INFO: [ app_begin ] --START--
INFO: Run Behavior\ReadHtmlCacheBehavior [ RunTime:0.000317s ]
INFO: [ app_begin ] --END-- [ RunTime:0.000597s ]

[ 2016-08-17T13:08:24+08:00 ] ::1 /qihang/Thinkblog/index.php/Admin/Login/checklogin
INFO: [ app_begin ] --START--
INFO: Run Behavior\ReadHtmlCacheBehavior [ RunTime:0.000317s ]
INFO: [ app_begin ] --END-- [ RunTime:0.000590s ]

[ 2016-08-17T13:08:24+08:00 ] ::1 /qihang/Thinkblog/index.php/Admin/Login/checklogin
INFO: [ app_begin ] --START--
INFO: Run Behavior\ReadHtmlCacheBehavior [ RunTime:0.000329s ]
INFO: [ app_begin ] --END-- [ RunTime:0.000639s ]

[ 2016-08-17T13:08:24+08:00 ] ::1 /qihang/Thinkblog/index.php/Admin/Login/checklogin
INFO: [ app_begin ] --START--
INFO: Run Behavior\ReadHtmlCacheBehavior [ RunTime:0.000323s ]
INFO: [ app_begin ] --END-- [ RunTime:0.000628s ]

[ 2016-08-17T13:08:24+08:00 ] ::1 /qihang/Thinkblog/index.php/Admin/Login/checklogin
INFO: [ app_begin ] --START--
INFO: Run Behavior\ReadHtmlCacheBehavior [ RunTime:0.000328s ]
INFO: [ app_begin ] --END-- [ RunTime:0.000633s ]

[ 2016-08-17T13:08:25+08:00 ] ::1 /qihang/Thinkblog/index.php/Admin/Login/checklogin
INFO: [ app_begin ] --START--
INFO: Run Behavior\ReadHtmlCacheBehavior [ RunTime:0.000513s ]
INFO: [ app_begin ] --END-- [ RunTime:0.000831s ]

[ 2016-08-17T13:08:25+08:00 ] ::1 /qihang/Thinkblog/index.php/Admin/Login/checklogin
INFO: [ app_begin ] --START--
INFO: Run Behavior\ReadHtmlCacheBehavior [ RunTime:0.000326s ]
INFO: [ app_begin ] --END-- [ RunTime:0.000601s ]

[ 2016-08-17T13:08:25+08:00 ] ::1 /qihang/Thinkblog/index.php/Admin/Login/checklogin
INFO: [ app_begin ] --START--
INFO: Run Behavior\ReadHtmlCacheBehavior [ RunTime:0.000314s ]
INFO: [ app_begin ] --END-- [ RunTime:0.000589s ]

[ 2016-08-17T13:08:25+08:00 ] ::1 /qihang/Thinkblog/index.php/Admin/Login/checklogin
INFO: [ app_begin ] --START--
INFO: Run Behavior\ReadHtmlCacheBehavior [ RunTime:0.000343s ]
INFO: [ app_begin ] --END-- [ RunTime:0.000712s ]

[ 2016-08-17T13:08:25+08:00 ] ::1 /qihang/Thinkblog/index.php/Admin/Login/checklogin
INFO: [ app_begin ] --START--
INFO: Run Behavior\ReadHtmlCacheBehavior [ RunTime:0.000316s ]
INFO: [ app_begin ] --END-- [ RunTime:0.000593s ]

[ 2016-08-17T13:08:26+08:00 ] ::1 /qihang/Thinkblog/index.php/Admin/Login/checklogin
INFO: [ app_begin ] --START--
INFO: Run Behavior\ReadHtmlCacheBehavior [ RunTime:0.000330s ]
INFO: [ app_begin ] --END-- [ RunTime:0.000606s ]

[ 2016-08-17T13:08:26+08:00 ] ::1 /qihang/Thinkblog/index.php/Admin/Login/checklogin
INFO: [ app_begin ] --START--
INFO: Run Behavior\ReadHtmlCacheBehavior [ RunTime:0.000321s ]
INFO: [ app_begin ] --END-- [ RunTime:0.000594s ]

[ 2016-08-17T13:08:26+08:00 ] ::1 /qihang/Thinkblog/index.php/Admin/Login/checklogin
INFO: [ app_begin ] --START--
INFO: Run Behavior\ReadHtmlCacheBehavior [ RunTime:0.000318s ]
INFO: [ app_begin ] --END-- [ RunTime:0.000594s ]

[ 2016-08-17T13:08:26+08:00 ] ::1 /qihang/Thinkblog/index.php/Admin/Login/checklogin
INFO: [ app_begin ] --START--
INFO: Run Behavior\ReadHtmlCacheBehavior [ RunTime:0.000316s ]
INFO: [ app_begin ] --END-- [ RunTime:0.000589s ]

[ 2016-08-17T13:08:26+08:00 ] ::1 /qihang/Thinkblog/index.php/Admin/Login/checklogin
INFO: [ app_begin ] --START--
INFO: Run Behavior\ReadHtmlCacheBehavior [ RunTime:0.000317s ]
INFO: [ app_begin ] --END-- [ RunTime:0.000595s ]

[ 2016-08-17T13:08:27+08:00 ] ::1 /qihang/Thinkblog/index.php/Admin/Login/checklogin
INFO: [ app_begin ] --START--
INFO: Run Behavior\ReadHtmlCacheBehavior [ RunTime:0.000369s ]
INFO: [ app_begin ] --END-- [ RunTime:0.000774s ]

[ 2016-08-17T13:08:27+08:00 ] ::1 /qihang/Thinkblog/index.php/Admin/Login/checklogin
INFO: [ app_begin ] --START--
INFO: Run Behavior\ReadHtmlCacheBehavior [ RunTime:0.000318s ]
INFO: [ app_begin ] --END-- [ RunTime:0.000612s ]

[ 2016-08-17T13:08:27+08:00 ] ::1 /qihang/Thinkblog/index.php/Admin/Login/checklogin
INFO: [ app_begin ] --START--
INFO: Run Behavior\ReadHtmlCacheBehavior [ RunTime:0.000320s ]
INFO: [ app_begin ] --END-- [ RunTime:0.000601s ]

[ 2016-08-17T13:08:27+08:00 ] ::1 /qihang/Thinkblog/index.php/Admin/Login/checklogin
INFO: [ app_begin ] --START--
INFO: Run Behavior\ReadHtmlCacheBehavior [ RunTime:0.000320s ]
INFO: [ app_begin ] --END-- [ RunTime:0.000605s ]

[ 2016-08-17T13:08:27+08:00 ] ::1 /qihang/Thinkblog/index.php/Admin/Login/checklogin
INFO: [ app_begin ] --START--
INFO: Run Behavior\ReadHtmlCacheBehavior [ RunTime:0.000328s ]
INFO: [ app_begin ] --END-- [ RunTime:0.000610s ]

[ 2016-08-17T13:08:27+08:00 ] ::1 /qihang/Thinkblog/index.php/Admin/Login/checklogin
INFO: [ app_begin ] --START--
INFO: Run Behavior\ReadHtmlCacheBehavior [ RunTime:0.000390s ]
INFO: [ app_begin ] --END-- [ RunTime:0.000676s ]

[ 2016-08-17T13:08:28+08:00 ] ::1 /qihang/Thinkblog/index.php/Admin/Login/checklogin
INFO: [ app_begin ] --START--
INFO: Run Behavior\ReadHtmlCacheBehavior [ RunTime:0.000334s ]
INFO: [ app_begin ] --END-- [ RunTime:0.000614s ]

[ 2016-08-17T13:08:28+08:00 ] ::1 /qihang/Thinkblog/index.php/Admin/Login/checklogin
INFO: [ app_begin ] --START--
INFO: Run Behavior\ReadHtmlCacheBehavior [ RunTime:0.000344s ]
INFO: [ app_begin ] --END-- [ RunTime:0.000621s ]

[ 2016-08-17T13:08:28+08:00 ] ::1 /qihang/Thinkblog/index.php/Admin/Login/checklogin
INFO: [ app_begin ] --START--
INFO: Run Behavior\ReadHtmlCacheBehavior [ RunTime:0.000279s ]
INFO: [ app_begin ] --END-- [ RunTime:0.000508s ]

[ 2016-08-17T13:08:28+08:00 ] ::1 /qihang/Thinkblog/index.php/Admin/Login/checklogin
INFO: [ app_begin ] --START--
INFO: Run Behavior\ReadHtmlCacheBehavior [ RunTime:0.000333s ]
INFO: [ app_begin ] --END-- [ RunTime:0.000616s ]

[ 2016-08-17T13:08:28+08:00 ] ::1 /qihang/Thinkblog/index.php/Admin/Login/checklogin
INFO: [ app_begin ] --START--
INFO: Run Behavior\ReadHtmlCacheBehavior [ RunTime:0.000450s ]
INFO: [ app_begin ] --END-- [ RunTime:0.000739s ]

[ 2016-08-17T13:08:29+08:00 ] ::1 /qihang/Thinkblog/index.php/Admin/Login/checklogin
INFO: [ app_begin ] --START--
INFO: Run Behavior\ReadHtmlCacheBehavior [ RunTime:0.000325s ]
INFO: [ app_begin ] --END-- [ RunTime:0.000626s ]

[ 2016-08-17T13:08:29+08:00 ] ::1 /qihang/Thinkblog/index.php/Admin/Login/checklogin
INFO: [ app_begin ] --START--
INFO: Run Behavior\ReadHtmlCacheBehavior [ RunTime:0.000323s ]
INFO: [ app_begin ] --END-- [ RunTime:0.000625s ]

[ 2016-08-17T13:08:29+08:00 ] ::1 /qihang/Thinkblog/index.php/Admin/Login/checklogin
INFO: [ app_begin ] --START--
INFO: Run Behavior\ReadHtmlCacheBehavior [ RunTime:0.000322s ]
INFO: [ app_begin ] --END-- [ RunTime:0.000614s ]

[ 2016-08-17T13:08:29+08:00 ] ::1 /qihang/Thinkblog/index.php/Admin/Login/checklogin
INFO: [ app_begin ] --START--
INFO: Run Behavior\ReadHtmlCacheBehavior [ RunTime:0.000317s ]
INFO: [ app_begin ] --END-- [ RunTime:0.000595s ]

[ 2016-08-17T13:08:29+08:00 ] ::1 /qihang/Thinkblog/index.php/Admin/Login/checklogin
INFO: [ app_begin ] --START--
INFO: Run Behavior\ReadHtmlCacheBehavior [ RunTime:0.000327s ]
INFO: [ app_begin ] --END-- [ RunTime:0.000602s ]

[ 2016-08-17T14:55:40+08:00 ] ::1 /qihang/Thinkblog/index.php/Admin/Login/checklogin
INFO: [ app_begin ] --START--
INFO: Run Behavior\ReadHtmlCacheBehavior [ RunTime:0.000445s ]
INFO: [ app_begin ] --END-- [ RunTime:0.000758s ]

[ 2016-08-17T14:55:43+08:00 ] ::1 /qihang/Thinkblog/index.php/Admin/Login/checklogin
INFO: [ app_begin ] --START--
INFO: Run Behavior\ReadHtmlCacheBehavior [ RunTime:0.000318s ]
INFO: [ app_begin ] --END-- [ RunTime:0.000623s ]

[ 2016-08-17T14:56:04+08:00 ] ::1 /qihang/Thinkblog/index.php/Admin/Login/checklogin
INFO: [ app_begin ] --START--
INFO: Run Behavior\ReadHtmlCacheBehavior [ RunTime:0.000329s ]
INFO: [ app_begin ] --END-- [ RunTime:0.000613s ]
SQL: SHOW COLUMNS FROM `think_admin` [ RunTime:0.0213s ]
SQL: SELECT * FROM `think_admin` WHERE `user` = ' ' LIMIT 1   [ RunTime:0.0089s ]

[ 2016-08-17T15:30:34+08:00 ] ::1 /qihang/Thinkblog/index.php/Admin/Login/checklogin
INFO: [ app_begin ] --START--
INFO: Run Behavior\ReadHtmlCacheBehavior [ RunTime:0.000365s ]
INFO: [ app_begin ] --END-- [ RunTime:0.000651s ]

[ 2016-08-17T15:34:38+08:00 ] ::1 /qihang/Thinkblog/index.php/Admin/Login/
ERR: 非法操作:index

[ 2016-08-17T15:34:45+08:00 ] ::1 /qihang/Thinkblog/index.php/Admin/Login/Home/Index/index
ERR: 非法操作:Home

[ 2016-08-17T15:35:32+08:00 ] ::1 /qihang/Thinkblog/index.php/Admin/Login/Home/Index/index
ERR: 非法操作:Home

[ 2016-08-17T15:35:45+08:00 ] ::1 /qihang/Thinkblog/index.php/Admin/Login/Home/Index/index
ERR: 非法操作:Home

[ 2016-08-17T15:36:00+08:00 ] ::1 /qihang/Thinkblog/index.php/Admin/Login/Home/Index/index
ERR: 非法操作:Home

[ 2016-08-17T15:36:02+08:00 ] ::1 /qihang/Thinkblog/index.php/Admin/Login/
ERR: 非法操作:index

[ 2016-08-17T15:36:10+08:00 ] ::1 /qihang/Thinkblog/index.php/Admin/Login/Home/Index/index
ERR: 非法操作:Home

[ 2016-08-17T16:57:25+08:00 ] ::1 /qihang/Thinkblog/index.php/Admin/Login/checklogin
INFO: [ app_begin ] --START--
INFO: Run Behavior\ReadHtmlCacheBehavior [ RunTime:0.000319s ]
INFO: [ app_begin ] --END-- [ RunTime:0.000599s ]

[ 2016-08-17T16:57:41+08:00 ] ::1 /qihang/Thinkblog/index.php/Admin/Login/checklogin
INFO: [ app_begin ] --START--
INFO: Run Behavior\ReadHtmlCacheBehavior [ RunTime:0.000315s ]
INFO: [ app_begin ] --END-- [ RunTime:0.000589s ]
SQL: SHOW COLUMNS FROM `think_admin` [ RunTime:0.0054s ]
SQL: SELECT * FROM `think_admin` WHERE `user` = 'wangqihang' LIMIT 1   [ RunTime:0.0007s ]
SQL: SELECT * FROM `think_admin` WHERE `password` = 'e10adc3949ba59abbe56e057f20f883e' LIMIT 1   [ RunTime:0.0004s ]
INFO: [ app_end ] --START--
INFO: Run Behavior\ShowPageTraceBehavior [ RunTime:0.000891s ]
INFO: [ app_end ] --END-- [ RunTime:0.000968s ]

[ 2016-08-17T20:13:55+08:00 ] ::1 /qihang/Thinkblog/index.php/Admin/Login/checklogin
INFO: [ app_begin ] --START--
INFO: Run Behavior\ReadHtmlCacheBehavior [ RunTime:0.000328s ]
INFO: [ app_begin ] --END-- [ RunTime:0.000642s ]

[ 2016-08-17T20:14:13+08:00 ] ::1 /qihang/Thinkblog/index.php/Admin/Login/checklogin
INFO: [ app_begin ] --START--
INFO: Run Behavior\ReadHtmlCacheBehavior [ RunTime:0.000318s ]
INFO: [ app_begin ] --END-- [ RunTime:0.000606s ]
SQL: SHOW COLUMNS FROM `think_admin` [ RunTime:0.0264s ]
SQL: SELECT * FROM `think_admin` WHERE `user` = 'wangqihang' LIMIT 1   [ RunTime:0.0023s ]
SQL: SELECT * FROM `think_admin` WHERE `password` = 'e10adc3949ba59abbe56e057f20f883e' LIMIT 1   [ RunTime:0.0007s ]
INFO: [ app_end ] --START--
INFO: Run Behavior\ShowPageTraceBehavior [ RunTime:0.001389s ]
INFO: [ app_end ] --END-- [ RunTime:0.001480s ]

[ 2016-08-17T21:36:24+08:00 ] ::1 /qihang/Thinkblog/index.php/Admin/Index/uploadify.swf?preventswfcaching=1471440983289
ERR: 非法操作:uploadify.swf

[ 2016-08-17T21:36:40+08:00 ] ::1 /qihang/Thinkblog/index.php/Admin/Index/uploadify.swf?preventswfcaching=1471440999765
ERR: 非法操作:uploadify.swf

[ 2016-08-17T21:36:41+08:00 ] ::1 /qihang/Thinkblog/index.php/Admin/Index/uploadify.swf?preventswfcaching=1471440999765
ERR: 非法操作:uploadify.swf

[ 2016-08-17T21:37:57+08:00 ] ::1 /qihang/Thinkblog/index.php/Admin/Index/uploadify.swf?preventswfcaching=1471441076820
ERR: 非法操作:uploadify.swf

[ 2016-08-17T21:38:28+08:00 ] ::1 /qihang/Thinkblog/index.php/Admin/Index/uploadify.swf?preventswfcaching=1471441107483
ERR: 非法操作:uploadify.swf

[ 2016-08-17T21:38:50+08:00 ] ::1 /qihang/Thinkblog/index.php/Admin/Index/uploadify.swf?preventswfcaching=1471441129523
ERR: 非法操作:uploadify.swf

[ 2016-08-17T21:39:35+08:00 ] ::1 /qihang/Thinkblog/index.php/Admin/Index/uploadify.swf?preventswfcaching=1471441174247
ERR: 非法操作:uploadify.swf

[ 2016-08-17T21:39:36+08:00 ] ::1 /qihang/Thinkblog/index.php/Admin/Index/uploadify.swf?preventswfcaching=1471441174247
ERR: 非法操作:uploadify.swf

[ 2016-08-17T21:39:56+08:00 ] ::1 /qihang/Thinkblog/index.php/Admin/Index/uploadify.swf?preventswfcaching=1471441195608
ERR: 非法操作:uploadify.swf

[ 2016-08-17T21:40:50+08:00 ] ::1 /qihang/Thinkblog/index.php/Admin/Index/uploadify.swf?preventswfcaching=1471441249103
ERR: 非法操作:uploadify.swf

[ 2016-08-17T21:40:51+08:00 ] ::1 /qihang/Thinkblog/index.php/Admin/Index/uploadify.swf?preventswfcaching=1471441249103
ERR: 非法操作:uploadify.swf

[ 2016-08-17T21:41:01+08:00 ] ::1 /qihang/Thinkblog/index.php/Admin/Index/uploadify.swf?preventswfcaching=1471441260514
ERR: 非法操作:uploadify.swf

[ 2016-08-17T21:41:58+08:00 ] ::1 /qihang/Thinkblog/index.php/Admin/Index/uploadify.swf?preventswfcaching=1471441317530
ERR: 非法操作:uploadify.swf

[ 2016-08-17T21:42:29+08:00 ] ::1 /qihang/Thinkblog/index.php/Admin/Index/uploadify.swf?preventswfcaching=1471441347960
ERR: 非法操作:uploadify.swf

[ 2016-08-17T21:43:00+08:00 ] ::1 /qihang/Thinkblog/index.php/Admin/Index/uploadify.swf?preventswfcaching=1471441379710
ERR: 非法操作:uploadify.swf

[ 2016-08-17T21:45:15+08:00 ] ::1 /qihang/Thinkblog/index.php/Admin/Index/uploadify.swf?preventswfcaching=1471441513975
ERR: 非法操作:uploadify.swf

[ 2016-08-17T21:45:34+08:00 ] ::1 /qihang/Thinkblog/index.php/Admin/Index/uploadify.swf?preventswfcaching=1471441533916
ERR: 非法操作:uploadify.swf

[ 2016-08-17T21:45:35+08:00 ] ::1 /qihang/Thinkblog/index.php/Admin/Index/uploadify.swf?preventswfcaching=1471441533916
ERR: 非法操作:uploadify.swf

[ 2016-08-17T21:49:27+08:00 ] ::1 /qihang/Thinkblog/index.php/Admin/Index/uploadify.swf?preventswfcaching=1471441766590
ERR: 非法操作:uploadify.swf

[ 2016-08-17T21:49:28+08:00 ] ::1 /qihang/Thinkblog/index.php/Admin/Index/uploadify.swf?preventswfcaching=1471441766590
ERR: 非法操作:uploadify.swf

[ 2016-08-17T21:50:04+08:00 ] ::1 /qihang/Thinkblog/index.php/Admin/Index/uploadify.swf?preventswfcaching=1471441803885
ERR: 非法操作:uploadify.swf

[ 2016-08-17T21:50:05+08:00 ] ::1 /qihang/Thinkblog/index.php/Admin/Index/uploadify.swf?preventswfcaching=1471441803885
ERR: 非法操作:uploadify.swf

[ 2016-08-17T21:50:50+08:00 ] ::1 /qihang/Thinkblog/index.php/Admin/Index/uploadify.swf?preventswfcaching=1471441849379
ERR: 非法操作:uploadify.swf

[ 2016-08-17T21:54:47+08:00 ] ::1 /qihang/Thinkblog/index.php/Admin/Index/uploadify.swf?preventswfcaching=1471442086122
ERR: 非法操作:uploadify.swf

